#
# There is insufficient memory for the Java Runtime Environment to continue.
# Native memory allocation (malloc) failed to allocate 32744 bytes. Error detail: Chunk::new
# Possible reasons:
#   The system is out of physical RAM or swap space
#   This process is running with CompressedOops enabled, and the Java Heap may be blocking the growth of the native heap
# Possible solutions:
#   Reduce memory load on the system
#   Increase physical memory or swap space
#   Check if swap backing store is full
#   Decrease Java heap size (-Xmx/-Xms)
#   Decrease number of Java threads
#   Decrease Java thread stack sizes (-Xss)
#   Set larger code cache with -XX:ReservedCodeCacheSize=
#   JVM is running with Unscaled Compressed Oops mode in which the Java heap is
#     placed in the first 4GB address space. The Java Heap base address is the
#     maximum limit for the native heap growth. Please use -XX:HeapBaseMinAddress
#     to set the Java Heap base and to place the Java Heap above 4GB virtual address.
# This output file may be truncated or incomplete.
#
#  Out of Memory Error (arena.cpp:150), pid=5824, tid=13724
#
# JRE version: OpenJDK Runtime Environment (22.0.2+9) (build 22.0.2+9-70)
# Java VM: OpenJDK 64-Bit Server VM (22.0.2+9-70, mixed mode, sharing, tiered, compressed oops, compressed class ptrs, g1 gc, windows-amd64)
# No core dump will be written. Minidumps are not enabled by default on client versions of Windows
#

---------------  S U M M A R Y ------------

Command Line: -ea -Didea.test.cyclic.buffer.size=1048576 -javaagent:C:\Program Files\JetBrains\IntelliJ IDEA Community Edition 2024.2.1\lib\idea_rt.jar=49458:C:\Program Files\JetBrains\IntelliJ IDEA Community Edition 2024.2.1\bin -Dfile.encoding=UTF-8 -Dsun.stdout.encoding=UTF-8 -Dsun.stderr.encoding=UTF-8 com.intellij.rt.testng.RemoteTestNGStarter -usedefaultlisteners false -socket49457 @w@C:\Users\omnia\AppData\Local\Temp\idea_working_dirs_testng.tmp -temp C:\Users\omnia\AppData\Local\Temp\idea_testng.tmp

Host: Intel(R) Core(TM) i5-9300HF CPU @ 2.40GHz, 8 cores, 7G,  Windows 10 , 64 bit Build 19041 (10.0.19041.4957)
Time: Thu Oct 24 21:14:25 2024 Egypt Daylight Time elapsed time: 12.905272 seconds (0d 0h 0m 12s)

---------------  T H R E A D  ---------------

Current thread (0x000001ceab2568b0):  JavaThread "C1 CompilerThread0" daemon [_thread_in_native, id=13724, stack(0x0000003838700000,0x0000003838800000) (1024K)]


Current CompileTask:
C1:12905 2050       3       org.openqa.selenium.json.JsonInput::peek (270 bytes)

Stack: [0x0000003838700000,0x0000003838800000]
Native frames: (J=compiled Java code, j=interpreted, Vv=VM code, C=native code)
V  [jvm.dll+0x6e26e9]  (no source info available)
V  [jvm.dll+0x875753]  (no source info available)
V  [jvm.dll+0x877b7e]  (no source info available)
V  [jvm.dll+0x878253]  (no source info available)
V  [jvm.dll+0x27fc86]  (no source info available)
V  [jvm.dll+0xc3d0f]  (no source info available)
V  [jvm.dll+0xc3f6b]  (no source info available)
V  [jvm.dll+0x181997]  (no source info available)
V  [jvm.dll+0x17d2ae]  (no source info available)
V  [jvm.dll+0x16b3b0]  (no source info available)
V  [jvm.dll+0x153d92]  (no source info available)
V  [jvm.dll+0x1535c3]  (no source info available)
V  [jvm.dll+0x1538a0]  (no source info available)
V  [jvm.dll+0x152c1d]  (no source info available)
V  [jvm.dll+0x154add]  (no source info available)
V  [jvm.dll+0x2568f3]  (no source info available)
V  [jvm.dll+0x254baa]  (no source info available)
V  [jvm.dll+0x3f57a6]  (no source info available)
V  [jvm.dll+0x81dc0b]  (no source info available)
V  [jvm.dll+0x6e0d85]  (no source info available)
C  [ucrtbase.dll+0x21bb2]  (no source info available)
C  [KERNEL32.DLL+0x17374]  (no source info available)
C  [ntdll.dll+0x4cc91]  (no source info available)


---------------  P R O C E S S  ---------------

Threads class SMR info:
_java_thread_list=0x000001cef17978a0, length=27, elements={
0x000001ce8c7691f0, 0x000001ceab2338d0, 0x000001ceab239160, 0x000001ceab23df90,
0x000001ceab23e600, 0x000001ceab246c80, 0x000001ceab24d310, 0x000001ceab2555d0,
0x000001ceab2568b0, 0x000001ceab42cb20, 0x000001ceab5f7950, 0x000001ceab5fdb30,
0x000001ceabb5c010, 0x000001ceabb5c680, 0x000001cef15bee90, 0x000001cef15fd840,
0x000001cef15feec0, 0x000001cef15ff530, 0x000001cef1608980, 0x000001cef1609010,
0x000001cef16075d0, 0x000001cef16096a0, 0x000001cef1607c60, 0x000001cef16082f0,
0x000001cef1609d30, 0x000001cef16068b0, 0x000001cef1606f40
}

Java Threads: ( => current thread )
  0x000001ce8c7691f0 JavaThread "Forwarding findElements on session 7041dfbdc48bd0656b8f02d3c415a582 to remote"        [_thread_blocked, id=26384, stack(0x0000003837800000,0x0000003837900000) (1024K)]
  0x000001ceab2338d0 JavaThread "Reference Handler"          daemon [_thread_blocked, id=17940, stack(0x0000003838000000,0x0000003838100000) (1024K)]
  0x000001ceab239160 JavaThread "Finalizer"                  daemon [_thread_blocked, id=28964, stack(0x0000003838100000,0x0000003838200000) (1024K)]
  0x000001ceab23df90 JavaThread "Signal Dispatcher"          daemon [_thread_blocked, id=24580, stack(0x0000003838200000,0x0000003838300000) (1024K)]
  0x000001ceab23e600 JavaThread "Attach Listener"            daemon [_thread_blocked, id=21240, stack(0x0000003838300000,0x0000003838400000) (1024K)]
  0x000001ceab246c80 JavaThread "Service Thread"             daemon [_thread_blocked, id=17156, stack(0x0000003838400000,0x0000003838500000) (1024K)]
  0x000001ceab24d310 JavaThread "Monitor Deflation Thread"   daemon [_thread_blocked, id=25608, stack(0x0000003838500000,0x0000003838600000) (1024K)]
  0x000001ceab2555d0 JavaThread "C2 CompilerThread0"         daemon [_thread_in_native, id=15076, stack(0x0000003838600000,0x0000003838700000) (1024K)]
=>0x000001ceab2568b0 JavaThread "C1 CompilerThread0"         daemon [_thread_in_native, id=13724, stack(0x0000003838700000,0x0000003838800000) (1024K)]
  0x000001ceab42cb20 JavaThread "Common-Cleaner"             daemon [_thread_blocked, id=21296, stack(0x0000003838800000,0x0000003838900000) (1024K)]
  0x000001ceab5f7950 JavaThread "Monitor Ctrl-Break"         daemon [_thread_in_native, id=30140, stack(0x0000003838a00000,0x0000003838b00000) (1024K)]
  0x000001ceab5fdb30 JavaThread "Notification Thread"        daemon [_thread_blocked, id=13760, stack(0x0000003838b00000,0x0000003838c00000) (1024K)]
  0x000001ceabb5c010 JavaThread "ForkJoinPool.commonPool-worker-1" daemon [_thread_blocked, id=28904, stack(0x0000003838c00000,0x0000003838d00000) (1024K)]
  0x000001ceabb5c680 JavaThread "ForkJoinPool.commonPool-worker-2" daemon [_thread_blocked, id=17644, stack(0x0000003838d00000,0x0000003838e00000) (1024K)]
  0x000001cef15bee90 JavaThread "HttpClient-1-SelectorManager" daemon [_thread_in_native, id=5468, stack(0x0000003839400000,0x0000003839500000) (1024K)]
  0x000001cef15fd840 JavaThread "External Process Output Forwarder - C:\Users\omnia\.cache\selenium\chromedriver\win64\124.0.6367.207\chromedriver.exe" daemon [_thread_in_native, id=31996, stack(0x0000003839500000,0x0000003839600000) (1024K)]
  0x000001cef15feec0 JavaThread "Driver Service Executor"    daemon [_thread_blocked, id=28660, stack(0x0000003839600000,0x0000003839700000) (1024K)]
  0x000001cef15ff530 JavaThread "Driver Service Executor"    daemon [_thread_in_native, id=20428, stack(0x0000003839700000,0x0000003839800000) (1024K)]
  0x000001cef1608980 JavaThread "UrlChecker-2"               daemon [_thread_blocked, id=16032, stack(0x0000003839800000,0x0000003839900000) (1024K)]
  0x000001cef1609010 JavaThread "Keep-Alive-Timer"           daemon [_thread_blocked, id=24812, stack(0x0000003839a00000,0x0000003839b00000) (1024K)]
  0x000001cef16075d0 JavaThread "JdkHttpClient-0-0"          daemon [_thread_blocked, id=26412, stack(0x0000003839b00000,0x0000003839c00000) (1024K)]
  0x000001cef16096a0 JavaThread "JdkHttpClient-0-1"          daemon [_thread_blocked, id=19108, stack(0x0000003839c00000,0x0000003839d00000) (1024K)]
  0x000001cef1607c60 JavaThread "JdkHttpClient-0-2"          daemon [_thread_blocked, id=23452, stack(0x0000003839d00000,0x0000003839e00000) (1024K)]
  0x000001cef16082f0 JavaThread "HttpClient-2-SelectorManager" daemon [_thread_in_native, id=31892, stack(0x0000003839e00000,0x0000003839f00000) (1024K)]
  0x000001cef1609d30 JavaThread "JdkHttpClient-1-0"          daemon [_thread_blocked, id=30168, stack(0x0000003839f00000,0x000000383a000000) (1024K)]
  0x000001cef16068b0 JavaThread "JdkHttpClient-1-1"          daemon [_thread_blocked, id=19412, stack(0x000000383a000000,0x000000383a100000) (1024K)]
  0x000001cef1606f40 JavaThread "JdkHttpClient-1-2"          daemon [_thread_blocked, id=30984, stack(0x000000383a100000,0x000000383a200000) (1024K)]
Total: 27

Other Threads:
  0x000001ceab218960 VMThread "VM Thread"                           [id=31388, stack(0x0000003837f00000,0x0000003838000000) (1024K)]
  0x000001ceab2012d0 WatcherThread "VM Periodic Task Thread"        [id=10504, stack(0x0000003837e00000,0x0000003837f00000) (1024K)]
  0x000001ce8ea11ef0 WorkerThread "GC Thread#0"                     [id=6832, stack(0x0000003837900000,0x0000003837a00000) (1024K)]
  0x000001cef14203a0 WorkerThread "GC Thread#1"                     [id=10920, stack(0x0000003838900000,0x0000003838a00000) (1024K)]
  0x000001cef1420b60 WorkerThread "GC Thread#2"                     [id=25208, stack(0x0000003838e00000,0x0000003838f00000) (1024K)]
  0x000001cef143b230 WorkerThread "GC Thread#3"                     [id=32516, stack(0x0000003838f00000,0x0000003839000000) (1024K)]
  0x000001cef14c5820 WorkerThread "GC Thread#4"                     [id=24292, stack(0x0000003839000000,0x0000003839100000) (1024K)]
  0x000001cef14c5bd0 WorkerThread "GC Thread#5"                     [id=6704, stack(0x0000003839100000,0x0000003839200000) (1024K)]
  0x000001cef14c5f80 WorkerThread "GC Thread#6"                     [id=16440, stack(0x0000003839200000,0x0000003839300000) (1024K)]
  0x000001cef14ca750 WorkerThread "GC Thread#7"                     [id=20928, stack(0x0000003839300000,0x0000003839400000) (1024K)]
  0x000001ce8ea22ce0 ConcurrentGCThread "G1 Main Marker"            [id=20044, stack(0x0000003837a00000,0x0000003837b00000) (1024K)]
  0x000001ce8ea23d10 WorkerThread "G1 Conc#0"                       [id=6500, stack(0x0000003837b00000,0x0000003837c00000) (1024K)]
  0x000001ce8ea7e650 ConcurrentGCThread "G1 Refine#0"               [id=23836, stack(0x0000003837c00000,0x0000003837d00000) (1024K)]
  0x000001ceab0c71a0 ConcurrentGCThread "G1 Service"                [id=23984, stack(0x0000003837d00000,0x0000003837e00000) (1024K)]
Total: 14

Threads with active compile tasks:
C2 CompilerThread0  12991 2062       4       java.util.ArrayList::add (25 bytes)
C1 CompilerThread0  12991 2050       3       org.openqa.selenium.json.JsonInput::peek (270 bytes)
Total: 2

VM state: not at safepoint (normal execution)

VM Mutex/Monitor currently owned by a thread: None

Heap address: 0x0000000081600000, size: 2026 MB, Compressed Oops mode: 32-bit

CDS archive(s) mapped at: [0x000001ceac000000-0x000001ceacc60000-0x000001ceacc60000), size 12976128, SharedBaseAddress: 0x000001ceac000000, ArchiveRelocationMode: 1.
Compressed class space mapped at: 0x000001cead000000-0x000001ceed000000, reserved size: 1073741824
Narrow klass base: 0x000001ceac000000, Narrow klass shift: 0, Narrow klass range: 0x41000000

GC Precious Log:
 CardTable entry size: 512
 Card Set container configuration: InlinePtr #cards 5 size 8 Array Of Cards #cards 12 size 40 Howl #buckets 4 coarsen threshold 1843 Howl Bitmap #cards 512 size 80 coarsen threshold 460 Card regions per heap region 1 cards per card region 2048
 CPUs: 8 total, 8 available
 Memory: 8103M
 Large Page Support: Disabled
 NUMA Support: Disabled
 Compressed Oops: Enabled (32-bit)
 Heap Region Size: 1M
 Heap Min Capacity: 8M
 Heap Initial Capacity: 128M
 Heap Max Capacity: 2026M
 Pre-touch: Disabled
 Parallel Workers: 8
 Concurrent Workers: 2
 Concurrent Refinement Workers: 8
 Periodic GC: Disabled

Heap:
 garbage-first heap   total reserved 2074624K, committed 131072K, used 21205K [0x0000000081600000, 0x0000000100000000)
  region size 1024K, 19 young (19456K), 3 survivors (3072K)
 Metaspace       used 15595K, committed 15936K, reserved 1114112K
  class space    used 1939K, committed 2112K, reserved 1048576K

Heap Regions: E=young(eden), S=young(survivor), O=old, HS=humongous(starts), HC=humongous(continues), CS=collection set, F=free, TAMS=top-at-mark-start, PB=parsable bottom
|   0|0x0000000081600000, 0x0000000081700000, 0x0000000081700000|100%| O|  |TAMS 0x0000000081600000| PB 0x0000000081600000| Untracked |  0
|   1|0x0000000081700000, 0x0000000081800000, 0x0000000081800000|100%| O|  |TAMS 0x0000000081700000| PB 0x0000000081700000| Untracked |  0
|   2|0x0000000081800000, 0x00000000818b54a0, 0x0000000081900000| 70%| O|  |TAMS 0x0000000081800000| PB 0x0000000081800000| Untracked |  0
|   3|0x0000000081900000, 0x0000000081900000, 0x0000000081a00000|  0%| F|  |TAMS 0x0000000081900000| PB 0x0000000081900000| Untracked |  0
|   4|0x0000000081a00000, 0x0000000081a00000, 0x0000000081b00000|  0%| F|  |TAMS 0x0000000081a00000| PB 0x0000000081a00000| Untracked |  0
|   5|0x0000000081b00000, 0x0000000081b00000, 0x0000000081c00000|  0%| F|  |TAMS 0x0000000081b00000| PB 0x0000000081b00000| Untracked |  0
|   6|0x0000000081c00000, 0x0000000081c00000, 0x0000000081d00000|  0%| F|  |TAMS 0x0000000081c00000| PB 0x0000000081c00000| Untracked |  0
|   7|0x0000000081d00000, 0x0000000081d00000, 0x0000000081e00000|  0%| F|  |TAMS 0x0000000081d00000| PB 0x0000000081d00000| Untracked |  0
|   8|0x0000000081e00000, 0x0000000081e00000, 0x0000000081f00000|  0%| F|  |TAMS 0x0000000081e00000| PB 0x0000000081e00000| Untracked |  0
|   9|0x0000000081f00000, 0x0000000081f00000, 0x0000000082000000|  0%| F|  |TAMS 0x0000000081f00000| PB 0x0000000081f00000| Untracked |  0
|  10|0x0000000082000000, 0x0000000082000000, 0x0000000082100000|  0%| F|  |TAMS 0x0000000082000000| PB 0x0000000082000000| Untracked |  0
|  11|0x0000000082100000, 0x0000000082100000, 0x0000000082200000|  0%| F|  |TAMS 0x0000000082100000| PB 0x0000000082100000| Untracked |  0
|  12|0x0000000082200000, 0x0000000082200000, 0x0000000082300000|  0%| F|  |TAMS 0x0000000082200000| PB 0x0000000082200000| Untracked |  0
|  13|0x0000000082300000, 0x0000000082300000, 0x0000000082400000|  0%| F|  |TAMS 0x0000000082300000| PB 0x0000000082300000| Untracked |  0
|  14|0x0000000082400000, 0x0000000082400000, 0x0000000082500000|  0%| F|  |TAMS 0x0000000082400000| PB 0x0000000082400000| Untracked |  0
|  15|0x0000000082500000, 0x0000000082500000, 0x0000000082600000|  0%| F|  |TAMS 0x0000000082500000| PB 0x0000000082500000| Untracked |  0
|  16|0x0000000082600000, 0x0000000082600000, 0x0000000082700000|  0%| F|  |TAMS 0x0000000082600000| PB 0x0000000082600000| Untracked |  0
|  17|0x0000000082700000, 0x0000000082700000, 0x0000000082800000|  0%| F|  |TAMS 0x0000000082700000| PB 0x0000000082700000| Untracked |  0
|  18|0x0000000082800000, 0x0000000082800000, 0x0000000082900000|  0%| F|  |TAMS 0x0000000082800000| PB 0x0000000082800000| Untracked |  0
|  19|0x0000000082900000, 0x0000000082900000, 0x0000000082a00000|  0%| F|  |TAMS 0x0000000082900000| PB 0x0000000082900000| Untracked |  0
|  20|0x0000000082a00000, 0x0000000082a00000, 0x0000000082b00000|  0%| F|  |TAMS 0x0000000082a00000| PB 0x0000000082a00000| Untracked |  0
|  21|0x0000000082b00000, 0x0000000082b00000, 0x0000000082c00000|  0%| F|  |TAMS 0x0000000082b00000| PB 0x0000000082b00000| Untracked |  0
|  22|0x0000000082c00000, 0x0000000082c00000, 0x0000000082d00000|  0%| F|  |TAMS 0x0000000082c00000| PB 0x0000000082c00000| Untracked |  0
|  23|0x0000000082d00000, 0x0000000082d00000, 0x0000000082e00000|  0%| F|  |TAMS 0x0000000082d00000| PB 0x0000000082d00000| Untracked |  0
|  24|0x0000000082e00000, 0x0000000082e00000, 0x0000000082f00000|  0%| F|  |TAMS 0x0000000082e00000| PB 0x0000000082e00000| Untracked |  0
|  25|0x0000000082f00000, 0x0000000082f00000, 0x0000000083000000|  0%| F|  |TAMS 0x0000000082f00000| PB 0x0000000082f00000| Untracked |  0
|  26|0x0000000083000000, 0x0000000083000000, 0x0000000083100000|  0%| F|  |TAMS 0x0000000083000000| PB 0x0000000083000000| Untracked |  0
|  27|0x0000000083100000, 0x0000000083100000, 0x0000000083200000|  0%| F|  |TAMS 0x0000000083100000| PB 0x0000000083100000| Untracked |  0
|  28|0x0000000083200000, 0x0000000083200000, 0x0000000083300000|  0%| F|  |TAMS 0x0000000083200000| PB 0x0000000083200000| Untracked |  0
|  29|0x0000000083300000, 0x0000000083300000, 0x0000000083400000|  0%| F|  |TAMS 0x0000000083300000| PB 0x0000000083300000| Untracked |  0
|  30|0x0000000083400000, 0x0000000083400000, 0x0000000083500000|  0%| F|  |TAMS 0x0000000083400000| PB 0x0000000083400000| Untracked |  0
|  31|0x0000000083500000, 0x0000000083500000, 0x0000000083600000|  0%| F|  |TAMS 0x0000000083500000| PB 0x0000000083500000| Untracked |  0
|  32|0x0000000083600000, 0x0000000083600000, 0x0000000083700000|  0%| F|  |TAMS 0x0000000083600000| PB 0x0000000083600000| Untracked |  0
|  33|0x0000000083700000, 0x0000000083700000, 0x0000000083800000|  0%| F|  |TAMS 0x0000000083700000| PB 0x0000000083700000| Untracked |  0
|  34|0x0000000083800000, 0x0000000083800000, 0x0000000083900000|  0%| F|  |TAMS 0x0000000083800000| PB 0x0000000083800000| Untracked |  0
|  35|0x0000000083900000, 0x0000000083900000, 0x0000000083a00000|  0%| F|  |TAMS 0x0000000083900000| PB 0x0000000083900000| Untracked |  0
|  36|0x0000000083a00000, 0x0000000083a00000, 0x0000000083b00000|  0%| F|  |TAMS 0x0000000083a00000| PB 0x0000000083a00000| Untracked |  0
|  37|0x0000000083b00000, 0x0000000083b00000, 0x0000000083c00000|  0%| F|  |TAMS 0x0000000083b00000| PB 0x0000000083b00000| Untracked |  0
|  38|0x0000000083c00000, 0x0000000083c00000, 0x0000000083d00000|  0%| F|  |TAMS 0x0000000083c00000| PB 0x0000000083c00000| Untracked |  0
|  39|0x0000000083d00000, 0x0000000083d00000, 0x0000000083e00000|  0%| F|  |TAMS 0x0000000083d00000| PB 0x0000000083d00000| Untracked |  0
|  40|0x0000000083e00000, 0x0000000083e00000, 0x0000000083f00000|  0%| F|  |TAMS 0x0000000083e00000| PB 0x0000000083e00000| Untracked |  0
|  41|0x0000000083f00000, 0x0000000083f00000, 0x0000000084000000|  0%| F|  |TAMS 0x0000000083f00000| PB 0x0000000083f00000| Untracked |  0
|  42|0x0000000084000000, 0x0000000084000000, 0x0000000084100000|  0%| F|  |TAMS 0x0000000084000000| PB 0x0000000084000000| Untracked |  0
|  43|0x0000000084100000, 0x0000000084100000, 0x0000000084200000|  0%| F|  |TAMS 0x0000000084100000| PB 0x0000000084100000| Untracked |  0
|  44|0x0000000084200000, 0x0000000084200000, 0x0000000084300000|  0%| F|  |TAMS 0x0000000084200000| PB 0x0000000084200000| Untracked |  0
|  45|0x0000000084300000, 0x0000000084300000, 0x0000000084400000|  0%| F|  |TAMS 0x0000000084300000| PB 0x0000000084300000| Untracked |  0
|  46|0x0000000084400000, 0x0000000084400000, 0x0000000084500000|  0%| F|  |TAMS 0x0000000084400000| PB 0x0000000084400000| Untracked |  0
|  47|0x0000000084500000, 0x0000000084500000, 0x0000000084600000|  0%| F|  |TAMS 0x0000000084500000| PB 0x0000000084500000| Untracked |  0
|  48|0x0000000084600000, 0x0000000084600000, 0x0000000084700000|  0%| F|  |TAMS 0x0000000084600000| PB 0x0000000084600000| Untracked |  0
|  49|0x0000000084700000, 0x0000000084700000, 0x0000000084800000|  0%| F|  |TAMS 0x0000000084700000| PB 0x0000000084700000| Untracked |  0
|  50|0x0000000084800000, 0x0000000084800000, 0x0000000084900000|  0%| F|  |TAMS 0x0000000084800000| PB 0x0000000084800000| Untracked |  0
|  51|0x0000000084900000, 0x0000000084900000, 0x0000000084a00000|  0%| F|  |TAMS 0x0000000084900000| PB 0x0000000084900000| Untracked |  0
|  52|0x0000000084a00000, 0x0000000084a00000, 0x0000000084b00000|  0%| F|  |TAMS 0x0000000084a00000| PB 0x0000000084a00000| Untracked |  0
|  53|0x0000000084b00000, 0x0000000084b00000, 0x0000000084c00000|  0%| F|  |TAMS 0x0000000084b00000| PB 0x0000000084b00000| Untracked |  0
|  54|0x0000000084c00000, 0x0000000084c00000, 0x0000000084d00000|  0%| F|  |TAMS 0x0000000084c00000| PB 0x0000000084c00000| Untracked |  0
|  55|0x0000000084d00000, 0x0000000084d00000, 0x0000000084e00000|  0%| F|  |TAMS 0x0000000084d00000| PB 0x0000000084d00000| Untracked |  0
|  56|0x0000000084e00000, 0x0000000084e00000, 0x0000000084f00000|  0%| F|  |TAMS 0x0000000084e00000| PB 0x0000000084e00000| Untracked |  0
|  57|0x0000000084f00000, 0x0000000084f00000, 0x0000000085000000|  0%| F|  |TAMS 0x0000000084f00000| PB 0x0000000084f00000| Untracked |  0
|  58|0x0000000085000000, 0x0000000085000000, 0x0000000085100000|  0%| F|  |TAMS 0x0000000085000000| PB 0x0000000085000000| Untracked |  0
|  59|0x0000000085100000, 0x0000000085100000, 0x0000000085200000|  0%| F|  |TAMS 0x0000000085100000| PB 0x0000000085100000| Untracked |  0
|  60|0x0000000085200000, 0x0000000085200000, 0x0000000085300000|  0%| F|  |TAMS 0x0000000085200000| PB 0x0000000085200000| Untracked |  0
|  61|0x0000000085300000, 0x0000000085300000, 0x0000000085400000|  0%| F|  |TAMS 0x0000000085300000| PB 0x0000000085300000| Untracked |  0
|  62|0x0000000085400000, 0x0000000085400000, 0x0000000085500000|  0%| F|  |TAMS 0x0000000085400000| PB 0x0000000085400000| Untracked |  0
|  63|0x0000000085500000, 0x0000000085500000, 0x0000000085600000|  0%| F|  |TAMS 0x0000000085500000| PB 0x0000000085500000| Untracked |  0
|  64|0x0000000085600000, 0x0000000085600000, 0x0000000085700000|  0%| F|  |TAMS 0x0000000085600000| PB 0x0000000085600000| Untracked |  0
|  65|0x0000000085700000, 0x0000000085700000, 0x0000000085800000|  0%| F|  |TAMS 0x0000000085700000| PB 0x0000000085700000| Untracked |  0
|  66|0x0000000085800000, 0x0000000085800000, 0x0000000085900000|  0%| F|  |TAMS 0x0000000085800000| PB 0x0000000085800000| Untracked |  0
|  67|0x0000000085900000, 0x0000000085900000, 0x0000000085a00000|  0%| F|  |TAMS 0x0000000085900000| PB 0x0000000085900000| Untracked |  0
|  68|0x0000000085a00000, 0x0000000085a00000, 0x0000000085b00000|  0%| F|  |TAMS 0x0000000085a00000| PB 0x0000000085a00000| Untracked |  0
|  69|0x0000000085b00000, 0x0000000085b00000, 0x0000000085c00000|  0%| F|  |TAMS 0x0000000085b00000| PB 0x0000000085b00000| Untracked |  0
|  70|0x0000000085c00000, 0x0000000085c00000, 0x0000000085d00000|  0%| F|  |TAMS 0x0000000085c00000| PB 0x0000000085c00000| Untracked |  0
|  71|0x0000000085d00000, 0x0000000085d00000, 0x0000000085e00000|  0%| F|  |TAMS 0x0000000085d00000| PB 0x0000000085d00000| Untracked |  0
|  72|0x0000000085e00000, 0x0000000085e00000, 0x0000000085f00000|  0%| F|  |TAMS 0x0000000085e00000| PB 0x0000000085e00000| Untracked |  0
|  73|0x0000000085f00000, 0x0000000085f00000, 0x0000000086000000|  0%| F|  |TAMS 0x0000000085f00000| PB 0x0000000085f00000| Untracked |  0
|  74|0x0000000086000000, 0x0000000086000000, 0x0000000086100000|  0%| F|  |TAMS 0x0000000086000000| PB 0x0000000086000000| Untracked |  0
|  75|0x0000000086100000, 0x0000000086100000, 0x0000000086200000|  0%| F|  |TAMS 0x0000000086100000| PB 0x0000000086100000| Untracked |  0
|  76|0x0000000086200000, 0x0000000086200000, 0x0000000086300000|  0%| F|  |TAMS 0x0000000086200000| PB 0x0000000086200000| Untracked |  0
|  77|0x0000000086300000, 0x0000000086300000, 0x0000000086400000|  0%| F|  |TAMS 0x0000000086300000| PB 0x0000000086300000| Untracked |  0
|  78|0x0000000086400000, 0x0000000086400000, 0x0000000086500000|  0%| F|  |TAMS 0x0000000086400000| PB 0x0000000086400000| Untracked |  0
|  79|0x0000000086500000, 0x0000000086500000, 0x0000000086600000|  0%| F|  |TAMS 0x0000000086500000| PB 0x0000000086500000| Untracked |  0
|  80|0x0000000086600000, 0x0000000086600000, 0x0000000086700000|  0%| F|  |TAMS 0x0000000086600000| PB 0x0000000086600000| Untracked |  0
|  81|0x0000000086700000, 0x0000000086700000, 0x0000000086800000|  0%| F|  |TAMS 0x0000000086700000| PB 0x0000000086700000| Untracked |  0
|  82|0x0000000086800000, 0x0000000086800000, 0x0000000086900000|  0%| F|  |TAMS 0x0000000086800000| PB 0x0000000086800000| Untracked |  0
|  83|0x0000000086900000, 0x0000000086900000, 0x0000000086a00000|  0%| F|  |TAMS 0x0000000086900000| PB 0x0000000086900000| Untracked |  0
|  84|0x0000000086a00000, 0x0000000086a00000, 0x0000000086b00000|  0%| F|  |TAMS 0x0000000086a00000| PB 0x0000000086a00000| Untracked |  0
|  85|0x0000000086b00000, 0x0000000086b00000, 0x0000000086c00000|  0%| F|  |TAMS 0x0000000086b00000| PB 0x0000000086b00000| Untracked |  0
|  86|0x0000000086c00000, 0x0000000086c00000, 0x0000000086d00000|  0%| F|  |TAMS 0x0000000086c00000| PB 0x0000000086c00000| Untracked |  0
|  87|0x0000000086d00000, 0x0000000086d00000, 0x0000000086e00000|  0%| F|  |TAMS 0x0000000086d00000| PB 0x0000000086d00000| Untracked |  0
|  88|0x0000000086e00000, 0x0000000086e00000, 0x0000000086f00000|  0%| F|  |TAMS 0x0000000086e00000| PB 0x0000000086e00000| Untracked |  0
|  89|0x0000000086f00000, 0x0000000086f00000, 0x0000000087000000|  0%| F|  |TAMS 0x0000000086f00000| PB 0x0000000086f00000| Untracked |  0
|  90|0x0000000087000000, 0x0000000087000000, 0x0000000087100000|  0%| F|  |TAMS 0x0000000087000000| PB 0x0000000087000000| Untracked |  0
|  91|0x0000000087100000, 0x0000000087100000, 0x0000000087200000|  0%| F|  |TAMS 0x0000000087100000| PB 0x0000000087100000| Untracked |  0
|  92|0x0000000087200000, 0x0000000087200000, 0x0000000087300000|  0%| F|  |TAMS 0x0000000087200000| PB 0x0000000087200000| Untracked |  0
|  93|0x0000000087300000, 0x0000000087300000, 0x0000000087400000|  0%| F|  |TAMS 0x0000000087300000| PB 0x0000000087300000| Untracked |  0
|  94|0x0000000087400000, 0x0000000087400000, 0x0000000087500000|  0%| F|  |TAMS 0x0000000087400000| PB 0x0000000087400000| Untracked |  0
|  95|0x0000000087500000, 0x0000000087500000, 0x0000000087600000|  0%| F|  |TAMS 0x0000000087500000| PB 0x0000000087500000| Untracked |  0
|  96|0x0000000087600000, 0x0000000087600000, 0x0000000087700000|  0%| F|  |TAMS 0x0000000087600000| PB 0x0000000087600000| Untracked |  0
|  97|0x0000000087700000, 0x0000000087700000, 0x0000000087800000|  0%| F|  |TAMS 0x0000000087700000| PB 0x0000000087700000| Untracked |  0
|  98|0x0000000087800000, 0x0000000087800000, 0x0000000087900000|  0%| F|  |TAMS 0x0000000087800000| PB 0x0000000087800000| Untracked |  0
|  99|0x0000000087900000, 0x0000000087900000, 0x0000000087a00000|  0%| F|  |TAMS 0x0000000087900000| PB 0x0000000087900000| Untracked |  0
| 100|0x0000000087a00000, 0x0000000087a00000, 0x0000000087b00000|  0%| F|  |TAMS 0x0000000087a00000| PB 0x0000000087a00000| Untracked |  0
| 101|0x0000000087b00000, 0x0000000087c00000, 0x0000000087c00000|100%| S|CS|TAMS 0x0000000087b00000| PB 0x0000000087b00000| Complete |  0
| 102|0x0000000087c00000, 0x0000000087d00000, 0x0000000087d00000|100%| S|CS|TAMS 0x0000000087c00000| PB 0x0000000087c00000| Complete |  0
| 103|0x0000000087d00000, 0x0000000087e00000, 0x0000000087e00000|100%| S|CS|TAMS 0x0000000087d00000| PB 0x0000000087d00000| Complete |  0
| 104|0x0000000087e00000, 0x0000000087e00000, 0x0000000087f00000|  0%| F|  |TAMS 0x0000000087e00000| PB 0x0000000087e00000| Untracked |  0
| 105|0x0000000087f00000, 0x0000000087f00000, 0x0000000088000000|  0%| F|  |TAMS 0x0000000087f00000| PB 0x0000000087f00000| Untracked |  0
| 106|0x0000000088000000, 0x0000000088000000, 0x0000000088100000|  0%| F|  |TAMS 0x0000000088000000| PB 0x0000000088000000| Untracked |  0
| 107|0x0000000088100000, 0x0000000088100000, 0x0000000088200000|  0%| F|  |TAMS 0x0000000088100000| PB 0x0000000088100000| Untracked |  0
| 108|0x0000000088200000, 0x0000000088200000, 0x0000000088300000|  0%| F|  |TAMS 0x0000000088200000| PB 0x0000000088200000| Untracked |  0
| 109|0x0000000088300000, 0x0000000088300000, 0x0000000088400000|  0%| F|  |TAMS 0x0000000088300000| PB 0x0000000088300000| Untracked |  0
| 110|0x0000000088400000, 0x0000000088400000, 0x0000000088500000|  0%| F|  |TAMS 0x0000000088400000| PB 0x0000000088400000| Untracked |  0
| 111|0x0000000088500000, 0x0000000088500000, 0x0000000088600000|  0%| F|  |TAMS 0x0000000088500000| PB 0x0000000088500000| Untracked |  0
| 112|0x0000000088600000, 0x00000000886ef820, 0x0000000088700000| 93%| E|  |TAMS 0x0000000088600000| PB 0x0000000088600000| Complete |  0
| 113|0x0000000088700000, 0x0000000088800000, 0x0000000088800000|100%| E|CS|TAMS 0x0000000088700000| PB 0x0000000088700000| Complete |  0
| 114|0x0000000088800000, 0x0000000088900000, 0x0000000088900000|100%| E|CS|TAMS 0x0000000088800000| PB 0x0000000088800000| Complete |  0
| 115|0x0000000088900000, 0x0000000088a00000, 0x0000000088a00000|100%| E|CS|TAMS 0x0000000088900000| PB 0x0000000088900000| Complete |  0
| 116|0x0000000088a00000, 0x0000000088b00000, 0x0000000088b00000|100%| E|CS|TAMS 0x0000000088a00000| PB 0x0000000088a00000| Complete |  0
| 117|0x0000000088b00000, 0x0000000088c00000, 0x0000000088c00000|100%| E|CS|TAMS 0x0000000088b00000| PB 0x0000000088b00000| Complete |  0
| 118|0x0000000088c00000, 0x0000000088d00000, 0x0000000088d00000|100%| E|CS|TAMS 0x0000000088c00000| PB 0x0000000088c00000| Complete |  0
| 119|0x0000000088d00000, 0x0000000088e00000, 0x0000000088e00000|100%| E|CS|TAMS 0x0000000088d00000| PB 0x0000000088d00000| Complete |  0
| 120|0x0000000088e00000, 0x0000000088f00000, 0x0000000088f00000|100%| E|CS|TAMS 0x0000000088e00000| PB 0x0000000088e00000| Complete |  0
| 121|0x0000000088f00000, 0x0000000089000000, 0x0000000089000000|100%| E|CS|TAMS 0x0000000088f00000| PB 0x0000000088f00000| Complete |  0
| 122|0x0000000089000000, 0x0000000089100000, 0x0000000089100000|100%| E|CS|TAMS 0x0000000089000000| PB 0x0000000089000000| Complete |  0
| 123|0x0000000089100000, 0x0000000089200000, 0x0000000089200000|100%| E|CS|TAMS 0x0000000089100000| PB 0x0000000089100000| Complete |  0
| 124|0x0000000089200000, 0x0000000089300000, 0x0000000089300000|100%| E|CS|TAMS 0x0000000089200000| PB 0x0000000089200000| Complete |  0
| 125|0x0000000089300000, 0x0000000089400000, 0x0000000089400000|100%| E|CS|TAMS 0x0000000089300000| PB 0x0000000089300000| Complete |  0
| 126|0x0000000089400000, 0x0000000089500000, 0x0000000089500000|100%| E|CS|TAMS 0x0000000089400000| PB 0x0000000089400000| Complete |  0
| 127|0x0000000089500000, 0x0000000089600000, 0x0000000089600000|100%| E|CS|TAMS 0x0000000089500000| PB 0x0000000089500000| Complete |  0

Card table byte_map: [0x000001cea6440000,0x000001cea6840000] _byte_map_base: 0x000001cea6035000

Marking Bits: (CMBitMap*) 0x000001ce8ea12510
 Bits: [0x000001cea6840000, 0x000001cea87e8000)

Polling page: 0x000001ce8c980000

Metaspace:

Usage:
  Non-class:     13.34 MB used.
      Class:      1.89 MB used.
       Both:     15.23 MB used.

Virtual space:
  Non-class space:       64.00 MB reserved,      13.50 MB ( 21%) committed,  1 nodes.
      Class space:        1.00 GB reserved,       2.06 MB ( <1%) committed,  1 nodes.
             Both:        1.06 GB reserved,      15.56 MB (  1%) committed. 

Chunk freelists:
   Non-Class:  1.94 MB
       Class:  13.84 MB
        Both:  15.78 MB

MaxMetaspaceSize: unlimited
CompressedClassSpaceSize: 1.00 GB
Initial GC threshold: 21.00 MB
Current GC threshold: 21.00 MB
CDS: on
 - commit_granule_bytes: 65536.
 - commit_granule_words: 8192.
 - virtual_space_node_default_size: 8388608.
 - enlarge_chunks_in_place: 1.
 - use_allocation_guard: 0.


Internal statistics:

num_allocs_failed_limit: 0.
num_arena_births: 386.
num_arena_deaths: 0.
num_vsnodes_births: 2.
num_vsnodes_deaths: 0.
num_space_committed: 249.
num_space_uncommitted: 0.
num_chunks_returned_to_freelist: 0.
num_chunks_taken_from_freelist: 777.
num_chunk_merges: 0.
num_chunk_splits: 455.
num_chunks_enlarged: 267.
num_inconsistent_stats: 0.

CodeHeap 'non-profiled nmethods': size=120000Kb used=805Kb max_used=805Kb free=119195Kb
 bounds [0x000001ce9e7d0000, 0x000001ce9ea40000, 0x000001cea5d00000]
CodeHeap 'profiled nmethods': size=120000Kb used=3716Kb max_used=3716Kb free=116283Kb
 bounds [0x000001ce96d00000, 0x000001ce970b0000, 0x000001ce9e230000]
CodeHeap 'non-nmethods': size=5760Kb used=1514Kb max_used=1573Kb free=4245Kb
 bounds [0x000001ce9e230000, 0x000001ce9e4a0000, 0x000001ce9e7d0000]
 total_blobs=2635 nmethods=2052 adapters=487
 compilation: enabled
              stopped_count=0, restarted_count=0
 full_count=0

Compilation events (20 events):
Event: 10.216 Thread 0x000001ceab2568b0 2040       3       java.util.ArrayList::clear (43 bytes)
Event: 10.216 Thread 0x000001cef192c500 nmethod 2041 0x000001ce9e890090 code [0x000001ce9e890200, 0x000001ce9e890268]
Event: 10.216 Thread 0x000001ceab2568b0 nmethod 2040 0x000001ce9709f190 code [0x000001ce9709f340, 0x000001ce9709f698]
Event: 10.216 Thread 0x000001ceab2568b0 2039       1       java.util.TreeMap::size (5 bytes)
Event: 10.216 Thread 0x000001ceab2568b0 nmethod 2039 0x000001ce9e890390 code [0x000001ce9e890520, 0x000001ce9e8905e8]
Event: 10.216 Thread 0x000001ceab2568b0 2043       3       jdk.internal.misc.Unsafe::weakCompareAndSetLong (11 bytes)
Event: 10.216 Thread 0x000001ceab2568b0 nmethod 2043 0x000001ce9709f810 code [0x000001ce9709f9a0, 0x000001ce9709fac8]
Event: 10.216 Thread 0x000001ceab2568b0 2042       3       java.nio.ByteBuffer::<init> (14 bytes)
Event: 10.217 Thread 0x000001ceab2568b0 nmethod 2042 0x000001ce9709fb90 code [0x000001ce9709fd40, 0x000001ce9709fe90]
Event: 10.235 Thread 0x000001ceab2555d0 nmethod 1906 0x000001ce9e890690 code [0x000001ce9e890ce0, 0x000001ce9e895098]
Event: 12.891 Thread 0x000001ceab2568b0 2044       1       java.util.concurrent.atomic.AtomicReference::get (5 bytes)
Event: 12.891 Thread 0x000001ceab2568b0 nmethod 2044 0x000001ce9e897890 code [0x000001ce9e897a20, 0x000001ce9e897ae8]
Event: 12.891 Thread 0x000001ceab2568b0 2045       3       java.nio.MappedByteBuffer::limit (6 bytes)
Event: 12.891 Thread 0x000001ceab2568b0 nmethod 2045 0x000001ce9709ff90 code [0x000001ce970a0140, 0x000001ce970a0350]
Event: 12.892 Thread 0x000001ceab2568b0 2047       3       java.util.stream.ReferencePipeline::filter (22 bytes)
Event: 12.892 Thread 0x000001ceab2568b0 nmethod 2047 0x000001ce970a0490 code [0x000001ce970a0680, 0x000001ce970a0b50]
Event: 12.892 Thread 0x000001ceab2568b0 2048       3       java.util.stream.ReferencePipeline$2::<init> (15 bytes)
Event: 12.892 Thread 0x000001ceab2568b0 nmethod 2048 0x000001ce970a0d90 code [0x000001ce970a0f40, 0x000001ce970a11c0]
Event: 12.892 Thread 0x000001ceab2568b0 2050       3       org.openqa.selenium.json.JsonInput::peek (270 bytes)
Event: 12.894 Thread 0x000001ceab2555d0 2052       4       java.lang.Class::cast (27 bytes)

GC Heap History (2 events):
Event: 8.359 GC heap before
{Heap before GC invocations=0 (full 0):
 garbage-first heap   total reserved 2074624K, committed 131072K, used 23552K [0x0000000081600000, 0x0000000100000000)
  region size 1024K, 24 young (24576K), 0 survivors (0K)
 Metaspace       used 10126K, committed 10432K, reserved 1114112K
  class space    used 1212K, committed 1344K, reserved 1048576K
}
Event: 8.365 GC heap after
{Heap after GC invocations=1 (full 0):
 garbage-first heap   total reserved 2074624K, committed 131072K, used 5845K [0x0000000081600000, 0x0000000100000000)
  region size 1024K, 3 young (3072K), 3 survivors (3072K)
 Metaspace       used 10126K, committed 10432K, reserved 1114112K
  class space    used 1212K, committed 1344K, reserved 1048576K
}

Dll operation events (12 events):
Event: 0.038 Loaded shared library C:\Users\omnia\.jdks\openjdk-22.0.2\bin\java.dll
Event: 0.070 Loaded shared library C:\Users\omnia\.jdks\openjdk-22.0.2\bin\jsvml.dll
Event: 0.130 Loaded shared library C:\Users\omnia\.jdks\openjdk-22.0.2\bin\zip.dll
Event: 0.133 Loaded shared library C:\Users\omnia\.jdks\openjdk-22.0.2\bin\instrument.dll
Event: 0.136 Loaded shared library C:\Users\omnia\.jdks\openjdk-22.0.2\bin\net.dll
Event: 0.138 Loaded shared library C:\Users\omnia\.jdks\openjdk-22.0.2\bin\nio.dll
Event: 0.141 Loaded shared library C:\Users\omnia\.jdks\openjdk-22.0.2\bin\zip.dll
Event: 0.149 Loaded shared library C:\Program Files\JetBrains\IntelliJ IDEA Community Edition 2024.2.1\bin\breakgen64.dll
Event: 0.162 Loaded shared library C:\Users\omnia\.jdks\openjdk-22.0.2\bin\extnet.dll
Event: 5.913 Loaded shared library C:\Users\omnia\.jdks\openjdk-22.0.2\bin\verify.dll
Event: 5.919 Loaded shared library C:\Users\omnia\.jdks\openjdk-22.0.2\bin\jimage.dll
Event: 8.461 Loaded shared library C:\Users\omnia\.jdks\openjdk-22.0.2\bin\sunmscapi.dll

Deoptimization events (20 events):
Event: 8.493 Thread 0x000001cef15bee90 Uncommon trap: trap_request=0xffffff45 fr.pc=0x000001ce9e85a630 relative=0x0000000000001290
Event: 8.493 Thread 0x000001cef15bee90 Uncommon trap: reason=unstable_if action=reinterpret pc=0x000001ce9e85a630 method=java.util.concurrent.ConcurrentHashMap.transfer([Ljava/util/concurrent/ConcurrentHashMap$Node;[Ljava/util/concurrent/ConcurrentHashMap$Node;)V @ 273 c2
Event: 8.493 Thread 0x000001cef15bee90 DEOPT PACKING pc=0x000001ce9e85a630 sp=0x00000038394fe270
Event: 8.493 Thread 0x000001cef15bee90 DEOPT UNPACKING pc=0x000001ce9e2846a2 sp=0x00000038394fe1e0 mode 2
Event: 8.493 Thread 0x000001cef15bee90 Uncommon trap: trap_request=0xffffff45 fr.pc=0x000001ce9e8516d0 relative=0x0000000000000fb0
Event: 8.493 Thread 0x000001cef15bee90 Uncommon trap: reason=unstable_if action=reinterpret pc=0x000001ce9e8516d0 method=java.util.concurrent.ConcurrentHashMap.addCount(JI)V @ 171 c2
Event: 8.493 Thread 0x000001cef15bee90 DEOPT PACKING pc=0x000001ce9e8516d0 sp=0x00000038394fe350
Event: 8.493 Thread 0x000001cef15bee90 DEOPT UNPACKING pc=0x000001ce9e2846a2 sp=0x00000038394fe210 mode 2
Event: 8.508 Thread 0x000001ce8c7691f0 Uncommon trap: trap_request=0xffffffde fr.pc=0x000001ce9e832e94 relative=0x0000000000000334
Event: 8.508 Thread 0x000001ce8c7691f0 Uncommon trap: reason=class_check action=maybe_recompile pc=0x000001ce9e832e94 method=java.util.regex.Pattern$BmpCharPropertyGreedy.match(Ljava/util/regex/Matcher;ILjava/lang/CharSequence;)Z @ 26 c2
Event: 8.508 Thread 0x000001ce8c7691f0 DEOPT PACKING pc=0x000001ce9e832e94 sp=0x00000038378fcae0
Event: 8.508 Thread 0x000001ce8c7691f0 DEOPT UNPACKING pc=0x000001ce9e2846a2 sp=0x00000038378fca98 mode 2
Event: 8.508 Thread 0x000001ce8c7691f0 Uncommon trap: trap_request=0xffffffde fr.pc=0x000001ce9e832e94 relative=0x0000000000000334
Event: 8.508 Thread 0x000001ce8c7691f0 Uncommon trap: reason=class_check action=maybe_recompile pc=0x000001ce9e832e94 method=java.util.regex.Pattern$BmpCharPropertyGreedy.match(Ljava/util/regex/Matcher;ILjava/lang/CharSequence;)Z @ 26 c2
Event: 8.508 Thread 0x000001ce8c7691f0 DEOPT PACKING pc=0x000001ce9e832e94 sp=0x00000038378fcae0
Event: 8.508 Thread 0x000001ce8c7691f0 DEOPT UNPACKING pc=0x000001ce9e2846a2 sp=0x00000038378fca98 mode 2
Event: 8.525 Thread 0x000001cef1608980 Uncommon trap: trap_request=0xffffffde fr.pc=0x000001ce9e832e94 relative=0x0000000000000334
Event: 8.525 Thread 0x000001cef1608980 Uncommon trap: reason=class_check action=maybe_recompile pc=0x000001ce9e832e94 method=java.util.regex.Pattern$BmpCharPropertyGreedy.match(Ljava/util/regex/Matcher;ILjava/lang/CharSequence;)Z @ 26 c2
Event: 8.525 Thread 0x000001cef1608980 DEOPT PACKING pc=0x000001ce9e832e94 sp=0x00000038398fe670
Event: 8.525 Thread 0x000001cef1608980 DEOPT UNPACKING pc=0x000001ce9e2846a2 sp=0x00000038398fe608 mode 2

Classes loaded (20 events):
Event: 10.194 Loading class java/lang/StackStreamFactory$FrameBuffer done
Event: 10.194 Loading class java/lang/StackStreamFactory$StackFrameBuffer done
Event: 10.198 Loading class java/text/FieldPosition$Delegate
Event: 10.198 Loading class java/text/FieldPosition$Delegate done
Event: 10.199 Loading class java/util/logging/Level$RbAccess
Event: 10.199 Loading class java/util/logging/Level$RbAccess done
Event: 10.199 Loading class sun/util/logging/resources/logging
Event: 10.199 Loading class sun/util/logging/resources/logging done
Event: 10.199 Loading class sun/util/logging/resources/logging_en
Event: 10.199 Loading class sun/util/logging/resources/logging_en done
Event: 10.199 Loading class sun/util/logging/resources/logging_en
Event: 10.199 Loading class sun/util/logging/resources/logging_en done
Event: 10.199 Loading class sun/util/logging/resources/logging_en_US
Event: 10.199 Loading class sun/util/logging/resources/logging_en_US done
Event: 10.199 Loading class sun/util/logging/resources/logging_en_US
Event: 10.199 Loading class sun/util/logging/resources/logging_en_US done
Event: 10.200 Loading class java/util/Formatter$DateTime
Event: 10.200 Loading class java/util/Formatter$DateTime done
Event: 10.200 Loading class java/time/ZonedDateTime$1
Event: 10.200 Loading class java/time/ZonedDateTime$1 done

Classes unloaded (0 events):
No events

Classes redefined (0 events):
No events

Internal exceptions (20 events):
Event: 8.265 Thread 0x000001ce8c7691f0 Exception <a 'java/lang/NoSuchMethodError'{0x00000000880f0b10}: 'java.lang.Object java.lang.invoke.DirectMethodHandle$Holder.invokeStatic(java.lang.Object, int, java.lang.Object, java.lang.Object)'> (0x00000000880f0b10) 
thrown [s\open\src\hotspot\share\interpreter\linkResolver.cpp, line 774]
Event: 8.265 Thread 0x000001ce8c7691f0 Exception <a 'java/lang/NoSuchMethodError'{0x00000000880f4a50}: 'java.lang.Object java.lang.invoke.DirectMethodHandle$Holder.invokeSpecial(java.lang.Object, java.lang.Object, int, java.lang.Object, java.lang.Object)'> (0x00000000880f4a50) 
thrown [s\open\src\hotspot\share\interpreter\linkResolver.cpp, line 774]
Event: 8.265 Thread 0x000001ce8c7691f0 Exception <a 'java/lang/NoSuchMethodError'{0x00000000880f86e0}: 'java.lang.Object java.lang.invoke.DelegatingMethodHandle$Holder.delegate(java.lang.Object, int, java.lang.Object, java.lang.Object)'> (0x00000000880f86e0) 
thrown [s\open\src\hotspot\share\interpreter\linkResolver.cpp, line 774]
Event: 8.267 Thread 0x000001ce8c7691f0 Exception <a 'java/lang/NoSuchMethodError'{0x0000000087f08050}: 'int java.lang.invoke.Invokers$Holder.linkToTargetMethod(java.lang.Object, java.lang.Object, java.lang.Object)'> (0x0000000087f08050) 
thrown [s\open\src\hotspot\share\interpreter\linkResolver.cpp, line 774]
Event: 8.269 Thread 0x000001ce8c7691f0 Exception <a 'java/lang/NoSuchMethodError'{0x0000000087f16fb0}: 'long java.lang.invoke.DirectMethodHandle$Holder.invokeSpecial(java.lang.Object, java.lang.Object)'> (0x0000000087f16fb0) 
thrown [s\open\src\hotspot\share\interpreter\linkResolver.cpp, line 774]
Event: 8.301 Thread 0x000001ce8c7691f0 Exception <a 'sun/nio/fs/WindowsException'{0x0000000087fe9310}> (0x0000000087fe9310) 
thrown [s\open\src\hotspot\share\prims\jni.cpp, line 520]
Event: 8.507 Thread 0x000001ce8c7691f0 Exception <a 'java/lang/NoSuchMethodError'{0x0000000088feab78}: 'java.lang.Object java.lang.invoke.DirectMethodHandle$Holder.invokeInterface(java.lang.Object, java.lang.Object, java.lang.Object)'> (0x0000000088feab78) 
thrown [s\open\src\hotspot\share\interpreter\linkResolver.cpp, line 774]
Event: 8.507 Thread 0x000001ce8c7691f0 Exception <a 'java/lang/IncompatibleClassChangeError'{0x0000000088fedf70}: Found class java.lang.Object, but interface was expected> (0x0000000088fedf70) 
thrown [s\open\src\hotspot\share\interpreter\linkResolver.cpp, line 841]
Event: 8.508 Thread 0x000001ce8c7691f0 Exception <a 'java/lang/NoSuchMethodError'{0x0000000088ff5788}: 'int java.lang.invoke.DirectMethodHandle$Holder.invokeSpecialIFC(java.lang.Object, java.lang.Object, java.lang.Object, java.lang.Object)'> (0x0000000088ff5788) 
thrown [s\open\src\hotspot\share\interpreter\linkResolver.cpp, line 774]
Event: 8.510 Thread 0x000001ce8c7691f0 Exception <a 'java/lang/NoSuchMethodError'{0x0000000088e19e78}: 'java.lang.Object java.lang.invoke.DirectMethodHandle$Holder.invokeVirtual(java.lang.Object, java.lang.Object, java.lang.Object, java.lang.Object)'> (0x0000000088e19e78) 
thrown [s\open\src\hotspot\share\interpreter\linkResolver.cpp, line 774]
Event: 8.530 Thread 0x000001cef1608980 Exception <a 'java/net/ConnectException'{0x0000000088eb0150}: Connection refused: getsockopt> (0x0000000088eb0150) 
thrown [s\open\src\hotspot\share\prims\jni.cpp, line 539]
Event: 8.546 Thread 0x000001cef1608980 Exception <a 'java/net/ConnectException'{0x0000000088eb1248}: Connection refused: getsockopt> (0x0000000088eb1248) 
thrown [s\open\src\hotspot\share\prims\jni.cpp, line 539]
Event: 8.627 Thread 0x000001ce8c7691f0 Exception <a 'java/lang/NoSuchMethodError'{0x0000000088d4d9a8}: 'java.lang.Object java.lang.invoke.DirectMethodHandle$Holder.newInvokeSpecial(java.lang.Object, java.lang.Object, int, int)'> (0x0000000088d4d9a8) 
thrown [s\open\src\hotspot\share\interpreter\linkResolver.cpp, line 774]
Event: 8.629 Thread 0x000001ce8c7691f0 Exception <a 'java/lang/NoSuchMethodError'{0x0000000088d580e8}: 'void java.lang.invoke.DirectMethodHandle$Holder.invokeStatic(java.lang.Object, java.lang.Object, int)'> (0x0000000088d580e8) 
thrown [s\open\src\hotspot\share\interpreter\linkResolver.cpp, line 774]
Event: 8.673 Thread 0x000001cef16075d0 Exception <a 'java/lang/NoSuchMethodError'{0x0000000088b12dd0}: 'java.lang.Object java.lang.invoke.DirectMethodHandle$Holder.invokeSpecial(java.lang.Object, java.lang.Object, java.lang.Object, java.lang.Object, int)'> (0x0000000088b12dd0) 
thrown [s\open\src\hotspot\share\interpreter\linkResolver.cpp, line 774]
Event: 8.673 Thread 0x000001cef16075d0 Exception <a 'java/lang/NoSuchMethodError'{0x0000000088b16728}: 'java.lang.Object java.lang.invoke.Invokers$Holder.linkToTargetMethod(java.lang.Object, java.lang.Object, int, java.lang.Object)'> (0x0000000088b16728) 
thrown [s\open\src\hotspot\share\interpreter\linkResolver.cpp, line 774]
Event: 8.685 Thread 0x000001cef16075d0 Exception <a 'java/lang/NoSuchMethodError'{0x0000000088b5cdf8}: 'void java.lang.invoke.DirectMethodHandle$Holder.invokeSpecial(java.lang.Object, java.lang.Object, java.lang.Object, java.lang.Object, java.lang.Object)'> (0x0000000088b5cdf8) 
thrown [s\open\src\hotspot\share\interpreter\linkResolver.cpp, line 774]
Event: 9.987 Thread 0x000001cef16075d0 Exception <a 'java/lang/NoSuchMethodError'{0x0000000088a47640}: 'void java.lang.invoke.DirectMethodHandle$Holder.invokeSpecial(java.lang.Object, java.lang.Object, java.lang.Object, java.lang.Object, java.lang.Object, java.lang.Object, java.lang.Object)'> (0x0000000088a47640) 
thrown [s\open\src\hotspot\share\interpreter\linkResolver.cpp, line 774]
Event: 10.003 Thread 0x000001ce8c7691f0 Exception <a 'java/lang/NoSuchMethodError'{0x0000000088c9ad60}: 'java.lang.Object java.lang.invoke.DirectMethodHandle$Holder.invokeSpecialIFC(java.lang.Object, java.lang.Object, java.lang.Object)'> (0x0000000088c9ad60) 
thrown [s\open\src\hotspot\share\interpreter\linkResolver.cpp, line 774]
Event: 10.199 Thread 0x000001ce8c7691f0 Exception <a 'java/lang/ClassNotFoundException'{0x000000008860e7a8}: sun/util/logging/resources/spi/loggingProvider> (0x000000008860e7a8) 
thrown [s\open\src\hotspot\share\classfile\systemDictionary.cpp, line 313]

ZGC Phase Switch (0 events):
No events

VM Operations (20 events):
Event: 8.273 Executing VM operation: HandshakeAllThreads (Deoptimize)
Event: 8.273 Executing VM operation: HandshakeAllThreads (Deoptimize) done
Event: 8.359 Executing VM operation: G1CollectForAllocation (G1 Evacuation Pause)
Event: 8.365 Executing VM operation: G1CollectForAllocation (G1 Evacuation Pause) done
Event: 8.369 Executing VM operation: HandshakeAllThreads (Deoptimize)
Event: 8.369 Executing VM operation: HandshakeAllThreads (Deoptimize) done
Event: 8.520 Executing VM operation: HandshakeAllThreads (Deoptimize)
Event: 8.520 Executing VM operation: HandshakeAllThreads (Deoptimize) done
Event: 8.589 Executing VM operation: HandshakeAllThreads (Deoptimize)
Event: 8.589 Executing VM operation: HandshakeAllThreads (Deoptimize) done
Event: 9.602 Executing VM operation: Cleanup
Event: 9.602 Executing VM operation: Cleanup done
Event: 9.971 Executing VM operation: HandshakeAllThreads (Deoptimize)
Event: 9.971 Executing VM operation: HandshakeAllThreads (Deoptimize) done
Event: 9.973 Executing VM operation: HandshakeAllThreads (Deoptimize)
Event: 9.973 Executing VM operation: HandshakeAllThreads (Deoptimize) done
Event: 10.175 Executing VM operation: HandshakeAllThreads (Deoptimize)
Event: 10.175 Executing VM operation: HandshakeAllThreads (Deoptimize) done
Event: 11.194 Executing VM operation: Cleanup
Event: 11.194 Executing VM operation: Cleanup done

Memory protections (0 events):
No events

Nmethod flushes (0 events):
No events

Events (20 events):
Event: 6.655 Thread 0x000001ce8c7691f0 Thread added: 0x000001ceabb5c010
Event: 6.656 Thread 0x000001ce8c7691f0 Thread added: 0x000001ceabb5c680
Event: 6.839 Thread 0x000001ce8c7691f0 Thread added: 0x000001cef13c4eb0
Event: 8.168 Thread 0x000001ceab5ad270 Thread exited: 0x000001ceab5ad270
Event: 8.173 Thread 0x000001cef13c4eb0 Thread exited: 0x000001cef13c4eb0
Event: 8.493 Thread 0x000001ce8c7691f0 Thread added: 0x000001cef15bee90
Event: 8.519 Thread 0x000001ce8c7691f0 Thread added: 0x000001cef15fd840
Event: 8.520 Thread 0x000001ce8c7691f0 Thread added: 0x000001cef15feec0
Event: 8.520 Thread 0x000001ce8c7691f0 Thread added: 0x000001cef15ff530
Event: 8.523 Thread 0x000001cef15feec0 Thread added: 0x000001cef1608980
Event: 8.588 Thread 0x000001cef1608980 Thread added: 0x000001cef1609010
Event: 8.663 Thread 0x000001ce8c7691f0 Thread added: 0x000001cef16075d0
Event: 8.693 Thread 0x000001cef15bee90 Thread added: 0x000001cef16096a0
Event: 8.693 Thread 0x000001cef15bee90 Thread added: 0x000001cef1607c60
Event: 10.058 Thread 0x000001ce8c7691f0 Thread added: 0x000001cef16082f0
Event: 10.060 Thread 0x000001ce8c7691f0 Thread added: 0x000001cef1609d30
Event: 10.063 Thread 0x000001cef16082f0 Thread added: 0x000001cef16068b0
Event: 10.063 Thread 0x000001cef16082f0 Thread added: 0x000001cef1606f40
Event: 10.179 Thread 0x000001ceab2568b0 Thread added: 0x000001cef192c500
Event: 12.891 Thread 0x000001cef192c500 Thread exited: 0x000001cef192c500


Dynamic libraries:
0x00007ff7981d0000 - 0x00007ff7981de000 	C:\Users\omnia\.jdks\openjdk-22.0.2\bin\java.exe
0x00007ffe04af0000 - 0x00007ffe04ce8000 	C:\WINDOWS\SYSTEM32\ntdll.dll
0x00007ffe03430000 - 0x00007ffe034f2000 	C:\WINDOWS\System32\KERNEL32.DLL
0x00007ffe02190000 - 0x00007ffe0248e000 	C:\WINDOWS\System32\KERNELBASE.dll
0x00007ffe02900000 - 0x00007ffe02a00000 	C:\WINDOWS\System32\ucrtbase.dll
0x00007ffdfe930000 - 0x00007ffdfe947000 	C:\Users\omnia\.jdks\openjdk-22.0.2\bin\jli.dll
0x00007ffdfe420000 - 0x00007ffdfe43b000 	C:\Users\omnia\.jdks\openjdk-22.0.2\bin\VCRUNTIME140.dll
0x00007ffe048b0000 - 0x00007ffe04a4d000 	C:\WINDOWS\System32\USER32.dll
0x00007ffe02700000 - 0x00007ffe02722000 	C:\WINDOWS\System32\win32u.dll
0x00007ffdf22a0000 - 0x00007ffdf253a000 	C:\WINDOWS\WinSxS\amd64_microsoft.windows.common-controls_6595b64144ccf1df_6.0.19041.4355_none_60b8b9eb71f62e16\COMCTL32.dll
0x00007ffe033f0000 - 0x00007ffe0341b000 	C:\WINDOWS\System32\GDI32.dll
0x00007ffe02b10000 - 0x00007ffe02bae000 	C:\WINDOWS\System32\msvcrt.dll
0x00007ffe02730000 - 0x00007ffe02847000 	C:\WINDOWS\System32\gdi32full.dll
0x00007ffe02660000 - 0x00007ffe026fd000 	C:\WINDOWS\System32\msvcp_win.dll
0x00007ffe02e20000 - 0x00007ffe02e4f000 	C:\WINDOWS\System32\IMM32.DLL
0x00007ffdff120000 - 0x00007ffdff12c000 	C:\Users\omnia\.jdks\openjdk-22.0.2\bin\vcruntime140_1.dll
0x00007ffdfbb40000 - 0x00007ffdfbbce000 	C:\Users\omnia\.jdks\openjdk-22.0.2\bin\msvcp140.dll
0x00007ffdcf120000 - 0x00007ffdcfe69000 	C:\Users\omnia\.jdks\openjdk-22.0.2\bin\server\jvm.dll
0x00007ffe02d60000 - 0x00007ffe02e12000 	C:\WINDOWS\System32\ADVAPI32.dll
0x00007ffe03510000 - 0x00007ffe035b0000 	C:\WINDOWS\System32\sechost.dll
0x00007ffe02e50000 - 0x00007ffe02f73000 	C:\WINDOWS\System32\RPCRT4.dll
0x00007ffe02a90000 - 0x00007ffe02ab7000 	C:\WINDOWS\System32\bcrypt.dll
0x00007ffe038a0000 - 0x00007ffe0390b000 	C:\WINDOWS\System32\WS2_32.dll
0x00007ffe016d0000 - 0x00007ffe0171b000 	C:\WINDOWS\SYSTEM32\POWRPROF.dll
0x00007ffdf1a30000 - 0x00007ffdf1a57000 	C:\WINDOWS\SYSTEM32\WINMM.dll
0x00007ffdfaed0000 - 0x00007ffdfaeda000 	C:\WINDOWS\SYSTEM32\VERSION.dll
0x00007ffe01590000 - 0x00007ffe015a2000 	C:\WINDOWS\SYSTEM32\UMPDC.dll
0x00007ffe00010000 - 0x00007ffe00022000 	C:\WINDOWS\SYSTEM32\kernel.appcore.dll
0x00007ffdfe340000 - 0x00007ffdfe34a000 	C:\Users\omnia\.jdks\openjdk-22.0.2\bin\jimage.dll
0x00007ffdf0190000 - 0x00007ffdf0374000 	C:\WINDOWS\SYSTEM32\DBGHELP.DLL
0x00007ffddeb50000 - 0x00007ffddeb84000 	C:\WINDOWS\SYSTEM32\dbgcore.DLL
0x00007ffe02a00000 - 0x00007ffe02a82000 	C:\WINDOWS\System32\bcryptPrimitives.dll
0x00007ffdfc5b0000 - 0x00007ffdfc5bf000 	C:\Users\omnia\.jdks\openjdk-22.0.2\bin\instrument.dll
0x00007ffdfc360000 - 0x00007ffdfc37e000 	C:\Users\omnia\.jdks\openjdk-22.0.2\bin\java.dll
0x00007ffe03b40000 - 0x00007ffe042af000 	C:\WINDOWS\System32\SHELL32.dll
0x00007ffe02c30000 - 0x00007ffe02d5b000 	C:\WINDOWS\System32\ole32.dll
0x00007ffe04390000 - 0x00007ffe046e3000 	C:\WINDOWS\System32\combase.dll
0x00007ffe00210000 - 0x00007ffe009b4000 	C:\WINDOWS\SYSTEM32\windows.storage.dll
0x00007ffe01bc0000 - 0x00007ffe01bee000 	C:\WINDOWS\SYSTEM32\Wldp.dll
0x00007ffe047e0000 - 0x00007ffe048ad000 	C:\WINDOWS\System32\OLEAUT32.dll
0x00007ffe03630000 - 0x00007ffe036dd000 	C:\WINDOWS\System32\SHCORE.dll
0x00007ffe03910000 - 0x00007ffe03965000 	C:\WINDOWS\System32\shlwapi.dll
0x00007ffe020c0000 - 0x00007ffe020e4000 	C:\WINDOWS\SYSTEM32\profapi.dll
0x00007ffde7590000 - 0x00007ffde7667000 	C:\Users\omnia\.jdks\openjdk-22.0.2\bin\jsvml.dll
0x00007ffdfbae0000 - 0x00007ffdfbaf7000 	C:\Users\omnia\.jdks\openjdk-22.0.2\bin\zip.dll
0x00007ffdfc550000 - 0x00007ffdfc560000 	C:\Users\omnia\.jdks\openjdk-22.0.2\bin\net.dll
0x00007ffe01920000 - 0x00007ffe0198a000 	C:\WINDOWS\system32\mswsock.dll
0x00007ffdfc2d0000 - 0x00007ffdfc2e6000 	C:\Users\omnia\.jdks\openjdk-22.0.2\bin\nio.dll
0x00007ffdfbac0000 - 0x00007ffdfbada000 	C:\Program Files\JetBrains\IntelliJ IDEA Community Edition 2024.2.1\bin\breakgen64.dll
0x00007ffdfbb30000 - 0x00007ffdfbb39000 	C:\Users\omnia\.jdks\openjdk-22.0.2\bin\extnet.dll
0x00007ffdfb600000 - 0x00007ffdfb610000 	C:\Users\omnia\.jdks\openjdk-22.0.2\bin\verify.dll
0x00007ffe01b20000 - 0x00007ffe01b38000 	C:\WINDOWS\SYSTEM32\CRYPTSP.dll
0x00007ffe011d0000 - 0x00007ffe01204000 	C:\WINDOWS\system32\rsaenh.dll
0x00007ffe02040000 - 0x00007ffe0206e000 	C:\WINDOWS\SYSTEM32\USERENV.dll
0x00007ffe01b10000 - 0x00007ffe01b1c000 	C:\WINDOWS\SYSTEM32\CRYPTBASE.dll
0x00007ffe015b0000 - 0x00007ffe015eb000 	C:\WINDOWS\SYSTEM32\IPHLPAPI.DLL
0x00007ffe03500000 - 0x00007ffe03508000 	C:\WINDOWS\System32\NSI.dll
0x00007ffe01600000 - 0x00007ffe016ca000 	C:\WINDOWS\SYSTEM32\DNSAPI.dll
0x00007ffdf5690000 - 0x00007ffdf569a000 	C:\Windows\System32\rasadhlp.dll
0x00007ffdf56b0000 - 0x00007ffdf5730000 	C:\WINDOWS\System32\fwpuclnt.dll
0x00007ffdfba80000 - 0x00007ffdfba8e000 	C:\Users\omnia\.jdks\openjdk-22.0.2\bin\sunmscapi.dll
0x00007ffe02490000 - 0x00007ffe025ec000 	C:\WINDOWS\System32\CRYPT32.dll
0x00007ffe01c30000 - 0x00007ffe01c57000 	C:\WINDOWS\SYSTEM32\ncrypt.dll
0x00007ffe01bf0000 - 0x00007ffe01c2b000 	C:\WINDOWS\SYSTEM32\NTASN1.dll
0x00007ffdfbb10000 - 0x00007ffdfbb17000 	C:\WINDOWS\system32\wshunix.dll

dbghelp: loaded successfully - version: 4.0.5 - missing functions: none
symbol engine: initialized successfully - sym options: 0x614 - pdb path: .;C:\Users\omnia\.jdks\openjdk-22.0.2\bin;C:\WINDOWS\SYSTEM32;C:\WINDOWS\WinSxS\amd64_microsoft.windows.common-controls_6595b64144ccf1df_6.0.19041.4355_none_60b8b9eb71f62e16;C:\Users\omnia\.jdks\openjdk-22.0.2\bin\server;C:\Program Files\JetBrains\IntelliJ IDEA Community Edition 2024.2.1\bin

VM Arguments:
jvm_args: -ea -Didea.test.cyclic.buffer.size=1048576 -javaagent:C:\Program Files\JetBrains\IntelliJ IDEA Community Edition 2024.2.1\lib\idea_rt.jar=49458:C:\Program Files\JetBrains\IntelliJ IDEA Community Edition 2024.2.1\bin -Dfile.encoding=UTF-8 -Dsun.stdout.encoding=UTF-8 -Dsun.stderr.encoding=UTF-8 
java_command: com.intellij.rt.testng.RemoteTestNGStarter -usedefaultlisteners false -socket49457 @w@C:\Users\omnia\AppData\Local\Temp\idea_working_dirs_testng.tmp -temp C:\Users\omnia\AppData\Local\Temp\idea_testng.tmp
java_class_path (initial): C:\Program Files\JetBrains\IntelliJ IDEA Community Edition 2024.2.1\lib\idea_rt.jar;C:\Program Files\JetBrains\IntelliJ IDEA Community Edition 2024.2.1\plugins\testng\lib\testng-rt.jar;C:\Users\omnia\IdeaProjects\LUMA\target\test-classes;C:\Users\omnia\IdeaProjects\LUMA\target\classes;C:\Users\omnia\.m2\repository\org\seleniumhq\selenium\selenium-java\4.24.0\selenium-java-4.24.0.jar;C:\Users\omnia\.m2\repository\org\seleniumhq\selenium\selenium-api\4.24.0\selenium-api-4.24.0.jar;C:\Users\omnia\.m2\repository\org\jspecify\jspecify\1.0.0\jspecify-1.0.0.jar;C:\Users\omnia\.m2\repository\org\seleniumhq\selenium\selenium-chrome-driver\4.24.0\selenium-chrome-driver-4.24.0.jar;C:\Users\omnia\.m2\repository\com\google\auto\service\auto-service-annotations\1.1.1\auto-service-annotations-1.1.1.jar;C:\Users\omnia\.m2\repository\org\seleniumhq\selenium\selenium-chromium-driver\4.24.0\selenium-chromium-driver-4.24.0.jar;C:\Users\omnia\.m2\repository\org\seleniumhq\selenium\selenium-json\4.24.0\selenium-json-4.24.0.jar;C:\Users\omnia\.m2\repository\org\seleniumhq\selenium\selenium-manager\4.24.0\selenium-manager-4.24.0.jar;C:\Users\omnia\.m2\repository\org\seleniumhq\selenium\selenium-devtools-v126\4.24.0\selenium-devtools-v126-4.24.0.jar;C:\Users\omnia\.m2\repository\org\seleniumhq\selenium\selenium-devtools-v127\4.24.0\selenium-devtools-v127-4.24.0.jar;C:\Users\omnia\.m2\repository\org\seleniumhq\selenium\selenium-devtools-v128\4.24.0\selenium-devtools-v128-4.24.0.jar;C:\Users\omnia\.m2\repository\org\seleniumhq\selenium\selenium-devtools-v85\4.24.0\selenium-devtools-v85-4.24.0.jar;C:\Users\omnia\.m2\repository\org\seleniumhq\selenium\selenium-edge-driver\4.24.0\selenium-edge-driver-4.24.0.jar;C:\Users\omnia\.m2\repository\org\seleniumhq\selenium\selenium-firefox-driver\4.24.0\selenium-firefox-driver-4.24.0.jar;C:\Users\omnia\.m2\repository\org\seleniumhq\selenium\selenium-http\4.24.0\selenium-http-4.24.0.jar;C:\Users\omnia\.m2\repository\dev\failsafe\failsafe\3.3.2\failsafe-3.3.2.jar;C:\Users\omnia\.m2\repository\org\seleniumhq\selenium\selenium-ie-driver\4.24.0\selenium-ie-driver-4.24.0.jar;C:\Users\omnia\.m2\repository\org\seleniumhq\selenium\selenium-remote-driver\4.24.0\selenium-remote-driver-4.24.0.jar;C:\Users\omnia\.m2\repository\com\google\guava\guava\33.3.0-jre\guava-33.3.0-jre.jar;C:\Users\omnia\.m2\repository\com\google\guava\failureaccess\1.0.2\failureaccess-1.0.2.jar;C:\Users\omnia\.m2\repository\com\google\guava\listenablefuture\9999.0-empty-to-avoid-conflict-with-guava\listenablefuture-9999.0-empty-to-avoid-conflict-with-guava.jar;C:\Users\omnia\.m2\repository\org\checkerframework\checker-qual\3.43.0\checker-qual-3.43.0.jar;C:\Users\omnia\.m2\repository\com\google\errorprone\error_prone_annotations\2.28.0\error_prone_annotations-2.28.0.jar;C:\Users\omnia\.m2\repository\com\google\j2objc\j2objc-annotations\3.0.0\j2objc-annotations-3.0.0.jar;C:\Users\omnia\.m2\repository\io\opentelemetry\semconv\opentelemetry-semconv\1.25.0-alpha\opentelemetry-semconv-1.25.0-alpha.jar;C:\Users\omnia\.m2\repository\io\opentelemetry\opentelemetry-api\1.41.0\opentelemetry-api-1.41.0.jar;C:\Users\omnia\.m2\repository\io\opentelemetry\opentelemetry-context\1.41.0\opentelemetry-context-1.41.0.jar;C:\Users\omnia\.m2\repository\io\opentelemetry\opentelemetry-exporter-logging\1.41.0\opentelemetry-exporter-logging-1.41.0.jar;C:\Users\omnia\.m2\repository\io\opentelemetry\opentelemetry-sdk-common\1.41.0\opentelemetry-sdk-common-1.41.0.jar;C:\Users\omnia\.m2\repository\io\opentelemetry\opentelemetry-sdk-extension-autoconfigure-spi\1.41.0\opentelemetry-sdk-extension-autoconfigure-spi-1.41.0.jar;C:\Users\omnia\.m2\repository\io\opentelemetry\opentelemetry-sdk-extension-autoconfigure\1.41.0\opentelemetry-sdk-extension-autoconfigure-1.41.0.jar;C:\Users\omnia\.m2\repository\io\opentelemetry\opentelemetry-api-incubator\1.41.0-alpha\opentelemetry-api-incubator-1.41.0-alpha.jar;C:\Users\omnia\.m2\repository\io\opentelemetry\opentelemetry-sdk-trace\1.41.0\opentelemetry-sdk-trace-1.41.0.jar;C:\Users\omnia\.m2\repository\io\opentelemetry\opentelemetry-sdk\1.41.0\opentelemetry-sdk-1.41.0.jar;C:\Users\omnia\.m2\repository\io\opentelemetry\opentelemetry-sdk-metrics\1.41.0\opentelemetry-sdk-metrics-1.41.0.jar;C:\Users\omnia\.m2\repository\io\opentelemetry\opentelemetry-sdk-logs\1.41.0\opentelemetry-sdk-logs-1.41.0.jar;C:\Users\omnia\.m2\repository\net\bytebuddy\byte-buddy\1.15.0\byte-buddy-1.15.0.jar;C:\Users\omnia\.m2\repository\org\seleniumhq\selenium\selenium-os\4.24.0\selenium-os-4.24.0.jar;C:\Users\omnia\.m2\repository\org\apache\commons\commons-exec\1.4.0\commons-exec-1.4.0.jar;C:\Users\omnia\.m2\repository\org\seleniumhq\selenium\selenium-safari-driver\4.24.0\selenium-safari-driver-4.24.0.jar;C:\Users\omnia\.m2\repository\org\seleniumhq\selenium\selenium-support\4.24.0\selenium-support-4.24.0.jar;C:\Users\omnia\.m2\repository\org\testng\testng\7.5\testng-7.5.jar;C:\Users\omnia\.m2\repository\com\google\code\findbugs\jsr305\3.0.1\jsr305-3.0.1.jar;C:\Users\omnia\.m2\repository\org\slf4j\slf4j-api\1.7.32\slf4j-api-1.7.32.jar;C:\Users\omnia\.m2\repository\com\beust\jcommander\1.78\jcommander-1.78.jar;C:\Users\omnia\.m2\repository\org\webjars\jquery\3.5.1\jquery-3.5.1.jar;C:\Users\omnia\.m2\repository\io\qameta\allure\allure-junit4\2.29.0\allure-junit4-2.29.0.jar;C:\Users\omnia\.m2\repository\io\qameta\allure\allure-java-commons\2.29.0\allure-java-commons-2.29.0.jar;C:\Users\omnia\.m2\repository\io\qameta\allure\allure-model\2.29.0\allure-model-2.29.0.jar;C:\Users\omnia\.m2\repository\io\qameta\allure\allure-test-filter\2.29.0\allure-test-filter-2.29.0.jar
Launcher Type: SUN_STANDARD

[Global flags]
     intx CICompilerCount                          = 4                                         {product} {ergonomic}
     uint ConcGCThreads                            = 2                                         {product} {ergonomic}
     uint G1ConcRefinementThreads                  = 8                                         {product} {ergonomic}
   size_t G1HeapRegionSize                         = 1048576                                   {product} {ergonomic}
   size_t InitialHeapSize                          = 134217728                                 {product} {ergonomic}
   size_t MarkStackSize                            = 4194304                                   {product} {ergonomic}
   size_t MaxHeapSize                              = 2124414976                                {product} {ergonomic}
   size_t MaxNewSize                               = 1274019840                                {product} {ergonomic}
   size_t MinHeapDeltaBytes                        = 1048576                                   {product} {ergonomic}
   size_t MinHeapSize                              = 8388608                                   {product} {ergonomic}
    uintx NonNMethodCodeHeapSize                   = 5839372                                {pd product} {ergonomic}
    uintx NonProfiledCodeHeapSize                  = 122909434                              {pd product} {ergonomic}
    uintx ProfiledCodeHeapSize                     = 122909434                              {pd product} {ergonomic}
    uintx ReservedCodeCacheSize                    = 251658240                              {pd product} {ergonomic}
     bool SegmentedCodeCache                       = true                                      {product} {ergonomic}
   size_t SoftMaxHeapSize                          = 2124414976                             {manageable} {ergonomic}
     bool UseCompressedOops                        = true                           {product lp64_product} {ergonomic}
     bool UseG1GC                                  = true                                      {product} {ergonomic}
     bool UseLargePagesIndividualAllocation        = false                                  {pd product} {ergonomic}

Logging:
Log output configuration:
 #0: stdout all=warning uptime,level,tags foldmultilines=false
 #1: stderr all=off uptime,level,tags foldmultilines=false

Environment Variables:
PATH=C:\Program Files\Common Files\Oracle\Java\javapath;C:\Python312\Scripts\;C:\Python312\;C:\WINDOWS\system32;C:\WINDOWS;C:\WINDOWS\System32\Wbem;C:\WINDOWS\System32\WindowsPowerShell\v1.0\;C:\WINDOWS\System32\OpenSSH\;C:\ProgramData\chocolatey\bin;C:\Users\omnia\.jdks\openjdk-22.0.2\bin;C:\Program Files\nodejs\;C:\Users\omnia\AppData\Local\Microsoft\WindowsApps;C:\path _programs;;C:\Program Files\JetBrains\IntelliJ IDEA Community Edition 2024.2.1\bin;;C:\Users\omnia\AppData\Roaming\npm
USERNAME=omnia
OS=Windows_NT
PROCESSOR_IDENTIFIER=Intel64 Family 6 Model 158 Stepping 13, GenuineIntel
TMP=C:\Users\omnia\AppData\Local\Temp
TEMP=C:\Users\omnia\AppData\Local\Temp




Periodic native trim disabled

---------------  S Y S T E M  ---------------

OS:
 Windows 10 , 64 bit Build 19041 (10.0.19041.4957)
OS uptime: 0 days 19:32 hours

CPU: total 8 (initial active 8) (4 cores per cpu, 2 threads per core) family 6 model 158 stepping 13 microcode 0xec, cx8, cmov, fxsr, ht, mmx, 3dnowpref, sse, sse2, sse3, ssse3, sse4.1, sse4.2, popcnt, lzcnt, tsc, tscinvbit, avx, avx2, aes, erms, clmul, bmi1, bmi2, adx, fma, vzeroupper, clflush, clflushopt, rdtscp, f16c
Processor Information for processor 0
  Max Mhz: 2400, Current Mhz: 1500, Mhz Limit: 2400
Processor Information for processor 1
  Max Mhz: 2400, Current Mhz: 1500, Mhz Limit: 2400
Processor Information for processor 2
  Max Mhz: 2400, Current Mhz: 2400, Mhz Limit: 2400
Processor Information for processor 3
  Max Mhz: 2400, Current Mhz: 1500, Mhz Limit: 2400
Processor Information for processor 4
  Max Mhz: 2400, Current Mhz: 1500, Mhz Limit: 2400
Processor Information for processor 5
  Max Mhz: 2400, Current Mhz: 1500, Mhz Limit: 2400
Processor Information for processor 6
  Max Mhz: 2400, Current Mhz: 1500, Mhz Limit: 2400
Processor Information for processor 7
  Max Mhz: 2400, Current Mhz: 1500, Mhz Limit: 2400

Memory: 4k page, system-wide physical 8103M (638M free)
TotalPageFile size 19501M (AvailPageFile size 0M)
current process WorkingSet (physical memory assigned to process): 99M, peak: 116M
current process commit charge ("private bytes"): 238M, peak: 257M

vm_info: OpenJDK 64-Bit Server VM (22.0.2+9-70) for windows-amd64 JRE (22.0.2+9-70), built on 2024-06-04T16:52:23Z by "mach5one" with MS VC++ 17.6 (VS2022)

END.
