#
# There is insufficient memory for the Java Runtime Environment to continue.
# Native memory allocation (malloc) failed to allocate 759632 bytes. Error detail: Chunk::new
# Possible reasons:
#   The system is out of physical RAM or swap space
#   This process is running with CompressedOops enabled, and the Java Heap may be blocking the growth of the native heap
# Possible solutions:
#   Reduce memory load on the system
#   Increase physical memory or swap space
#   Check if swap backing store is full
#   Decrease Java heap size (-Xmx/-Xms)
#   Decrease number of Java threads
#   Decrease Java thread stack sizes (-Xss)
#   Set larger code cache with -XX:ReservedCodeCacheSize=
#   JVM is running with Unscaled Compressed Oops mode in which the Java heap is
#     placed in the first 4GB address space. The Java Heap base address is the
#     maximum limit for the native heap growth. Please use -XX:HeapBaseMinAddress
#     to set the Java Heap base and to place the Java Heap above 4GB virtual address.
# This output file may be truncated or incomplete.
#
#  Out of Memory Error (arena.cpp:150), pid=16856, tid=18992
#
# JRE version: OpenJDK Runtime Environment (22.0.2+9) (build 22.0.2+9-70)
# Java VM: OpenJDK 64-Bit Server VM (22.0.2+9-70, mixed mode, sharing, tiered, compressed oops, compressed class ptrs, g1 gc, windows-amd64)
# No core dump will be written. Minidumps are not enabled by default on client versions of Windows
#

---------------  S U M M A R Y ------------

Command Line: -ea -Didea.test.cyclic.buffer.size=1048576 -javaagent:C:\Program Files\JetBrains\IntelliJ IDEA Community Edition 2024.2.1\lib\idea_rt.jar=65029:C:\Program Files\JetBrains\IntelliJ IDEA Community Edition 2024.2.1\bin -Dfile.encoding=UTF-8 -Dsun.stdout.encoding=UTF-8 -Dsun.stderr.encoding=UTF-8 com.intellij.rt.testng.RemoteTestNGStarter -usedefaultlisteners false -socket65028 @w@C:\Users\omnia\AppData\Local\Temp\idea_working_dirs_testng.tmp -temp C:\Users\omnia\AppData\Local\Temp\idea_testng.tmp

Host: Intel(R) Core(TM) i5-9300HF CPU @ 2.40GHz, 8 cores, 7G,  Windows 10 , 64 bit Build 19041 (10.0.19041.4957)
Time: Wed Oct 16 01:17:22 2024 Egypt Daylight Time elapsed time: 4.749449 seconds (0d 0h 0m 4s)

---------------  T H R E A D  ---------------

Current thread (0x00000294b644fc30):  JavaThread "C2 CompilerThread0" daemon [_thread_in_native, id=18992, stack(0x000000c0c5600000,0x000000c0c5700000) (1024K)]


Current CompileTask:
C2:4749 1900       4       java.lang.invoke.MethodType::makeImpl (109 bytes)

Stack: [0x000000c0c5600000,0x000000c0c5700000]
Native frames: (J=compiled Java code, j=interpreted, Vv=VM code, C=native code)
V  [jvm.dll+0x6e26e9]  (no source info available)
V  [jvm.dll+0x875753]  (no source info available)
V  [jvm.dll+0x877b7e]  (no source info available)
V  [jvm.dll+0x878253]  (no source info available)
V  [jvm.dll+0x27fc86]  (no source info available)
V  [jvm.dll+0xc3d0f]  (no source info available)
V  [jvm.dll+0xc3f6b]  (no source info available)
V  [jvm.dll+0x3bb47c]  (no source info available)
V  [jvm.dll+0x1df34c]  (no source info available)
V  [jvm.dll+0x24793c]  (no source info available)
V  [jvm.dll+0x246e9f]  (no source info available)
V  [jvm.dll+0x1c4e80]  (no source info available)
V  [jvm.dll+0x2568f3]  (no source info available)
V  [jvm.dll+0x254baa]  (no source info available)
V  [jvm.dll+0x3f57a6]  (no source info available)
V  [jvm.dll+0x81dc0b]  (no source info available)
V  [jvm.dll+0x6e0d85]  (no source info available)
C  [ucrtbase.dll+0x21bb2]  (no source info available)
C  [KERNEL32.DLL+0x17374]  (no source info available)
C  [ntdll.dll+0x4cc91]  (no source info available)


---------------  P R O C E S S  ---------------

Threads class SMR info:
_java_thread_list=0x00000294fc32c160, length=27, elements={
0x00000294979a6960, 0x00000294b6413910, 0x00000294b64191a0, 0x00000294b641f310,
0x00000294b641f980, 0x00000294b6420790, 0x00000294b64275c0, 0x00000294b644fc30,
0x00000294b6451230, 0x00000294b6643240, 0x00000294b6764880, 0x00000294b6768f00,
0x00000294fc7f8f60, 0x00000294fc8986a0, 0x00000294fca99b50, 0x00000294fca9e1d0,
0x00000294fca9e840, 0x00000294fca9eeb0, 0x00000294fcaaad60, 0x00000294fcaaa040,
0x00000294fcaaa6d0, 0x00000294fcaa99b0, 0x00000294fce203c0, 0x00000294fce1c8b0,
0x00000294fce1f6a0, 0x00000294fce1e2f0, 0x00000294fcd1a890
}

Java Threads: ( => current thread )
  0x00000294979a6960 JavaThread "Forwarding get on session 51fed0b6aee7e883ce02d58f67fc1531 to remote"        [_thread_blocked, id=732, stack(0x000000c0c4800000,0x000000c0c4900000) (1024K)]
  0x00000294b6413910 JavaThread "Reference Handler"          daemon [_thread_blocked, id=14924, stack(0x000000c0c5000000,0x000000c0c5100000) (1024K)]
  0x00000294b64191a0 JavaThread "Finalizer"                  daemon [_thread_blocked, id=13076, stack(0x000000c0c5100000,0x000000c0c5200000) (1024K)]
  0x00000294b641f310 JavaThread "Signal Dispatcher"          daemon [_thread_blocked, id=12788, stack(0x000000c0c5200000,0x000000c0c5300000) (1024K)]
  0x00000294b641f980 JavaThread "Attach Listener"            daemon [_thread_blocked, id=19648, stack(0x000000c0c5300000,0x000000c0c5400000) (1024K)]
  0x00000294b6420790 JavaThread "Service Thread"             daemon [_thread_blocked, id=18912, stack(0x000000c0c5400000,0x000000c0c5500000) (1024K)]
  0x00000294b64275c0 JavaThread "Monitor Deflation Thread"   daemon [_thread_blocked, id=2868, stack(0x000000c0c5500000,0x000000c0c5600000) (1024K)]
=>0x00000294b644fc30 JavaThread "C2 CompilerThread0"         daemon [_thread_in_native, id=18992, stack(0x000000c0c5600000,0x000000c0c5700000) (1024K)]
  0x00000294b6451230 JavaThread "C1 CompilerThread0"         daemon [_thread_blocked, id=12448, stack(0x000000c0c5700000,0x000000c0c5800000) (1024K)]
  0x00000294b6643240 JavaThread "Common-Cleaner"             daemon [_thread_blocked, id=7732, stack(0x000000c0c5800000,0x000000c0c5900000) (1024K)]
  0x00000294b6764880 JavaThread "Monitor Ctrl-Break"         daemon [_thread_in_native, id=9644, stack(0x000000c0c5900000,0x000000c0c5a00000) (1024K)]
  0x00000294b6768f00 JavaThread "Notification Thread"        daemon [_thread_blocked, id=14104, stack(0x000000c0c5a00000,0x000000c0c5b00000) (1024K)]
  0x00000294fc7f8f60 JavaThread "ForkJoinPool.commonPool-worker-1" daemon [_thread_blocked, id=14020, stack(0x000000c0c5b00000,0x000000c0c5c00000) (1024K)]
  0x00000294fc8986a0 JavaThread "HttpClient-1-SelectorManager" daemon [_thread_in_native, id=18704, stack(0x000000c0c6300000,0x000000c0c6400000) (1024K)]
  0x00000294fca99b50 JavaThread "External Process Output Forwarder - C:\Users\omnia\.cache\selenium\chromedriver\win64\124.0.6367.207\chromedriver.exe" daemon [_thread_in_native, id=17404, stack(0x000000c0c6400000,0x000000c0c6500000) (1024K)]
  0x00000294fca9e1d0 JavaThread "Driver Service Executor"    daemon [_thread_blocked, id=11868, stack(0x000000c0c6500000,0x000000c0c6600000) (1024K)]
  0x00000294fca9e840 JavaThread "Driver Service Executor"    daemon [_thread_in_native, id=13672, stack(0x000000c0c6600000,0x000000c0c6700000) (1024K)]
  0x00000294fca9eeb0 JavaThread "UrlChecker-2"               daemon [_thread_blocked, id=20256, stack(0x000000c0c6700000,0x000000c0c6800000) (1024K)]
  0x00000294fcaaad60 JavaThread "Keep-Alive-Timer"           daemon [_thread_blocked, id=5040, stack(0x000000c0c6900000,0x000000c0c6a00000) (1024K)]
  0x00000294fcaaa040 JavaThread "JdkHttpClient-0-0"          daemon [_thread_blocked, id=19072, stack(0x000000c0c6a00000,0x000000c0c6b00000) (1024K)]
  0x00000294fcaaa6d0 JavaThread "JdkHttpClient-0-1"          daemon [_thread_blocked, id=17620, stack(0x000000c0c6b00000,0x000000c0c6c00000) (1024K)]
  0x00000294fcaa99b0 JavaThread "JdkHttpClient-0-2"          daemon [_thread_blocked, id=14972, stack(0x000000c0c6c00000,0x000000c0c6d00000) (1024K)]
  0x00000294fce203c0 JavaThread "HttpClient-2-SelectorManager" daemon [_thread_in_native, id=10936, stack(0x000000c0c6d00000,0x000000c0c6e00000) (1024K)]
  0x00000294fce1c8b0 JavaThread "JdkHttpClient-1-0"          daemon [_thread_blocked, id=2956, stack(0x000000c0c6e00000,0x000000c0c6f00000) (1024K)]
  0x00000294fce1f6a0 JavaThread "JdkHttpClient-1-1"          daemon [_thread_blocked, id=15808, stack(0x000000c0c6f00000,0x000000c0c7000000) (1024K)]
  0x00000294fce1e2f0 JavaThread "JdkHttpClient-1-2"          daemon [_thread_blocked, id=13392, stack(0x000000c0c7000000,0x000000c0c7100000) (1024K)]
  0x00000294fcd1a890 JavaThread "C2 CompilerThread1"         daemon [_thread_blocked, id=18648, stack(0x000000c0c7100000,0x000000c0c7200000) (1024K)]
Total: 27

Other Threads:
  0x00000294b63f7a00 VMThread "VM Thread"                           [id=13180, stack(0x000000c0c4f00000,0x000000c0c5000000) (1024K)]
  0x00000294b63dda00 WatcherThread "VM Periodic Task Thread"        [id=14532, stack(0x000000c0c4e00000,0x000000c0c4f00000) (1024K)]
  0x0000029499c10180 WorkerThread "GC Thread#0"                     [id=20100, stack(0x000000c0c4900000,0x000000c0c4a00000) (1024K)]
  0x00000294b63f72a0 WorkerThread "GC Thread#1"                     [id=14080, stack(0x000000c0c5c00000,0x000000c0c5d00000) (1024K)]
  0x00000294b63f6b40 WorkerThread "GC Thread#2"                     [id=13488, stack(0x000000c0c5d00000,0x000000c0c5e00000) (1024K)]
  0x00000294b63f6ef0 WorkerThread "GC Thread#3"                     [id=1516, stack(0x000000c0c5e00000,0x000000c0c5f00000) (1024K)]
  0x00000294b63f7650 WorkerThread "GC Thread#4"                     [id=19172, stack(0x000000c0c5f00000,0x000000c0c6000000) (1024K)]
  0x00000294fc8a66d0 WorkerThread "GC Thread#5"                     [id=17180, stack(0x000000c0c6000000,0x000000c0c6100000) (1024K)]
  0x00000294fc8a80a0 WorkerThread "GC Thread#6"                     [id=19972, stack(0x000000c0c6100000,0x000000c0c6200000) (1024K)]
  0x00000294fc8a8800 WorkerThread "GC Thread#7"                     [id=17612, stack(0x000000c0c6200000,0x000000c0c6300000) (1024K)]
  0x0000029499c20f70 ConcurrentGCThread "G1 Main Marker"            [id=10112, stack(0x000000c0c4a00000,0x000000c0c4b00000) (1024K)]
  0x0000029499c22130 WorkerThread "G1 Conc#0"                       [id=18476, stack(0x000000c0c4b00000,0x000000c0c4c00000) (1024K)]
  0x0000029499c7e790 ConcurrentGCThread "G1 Refine#0"               [id=5444, stack(0x000000c0c4c00000,0x000000c0c4d00000) (1024K)]
  0x00000294b62a2160 ConcurrentGCThread "G1 Service"                [id=14744, stack(0x000000c0c4d00000,0x000000c0c4e00000) (1024K)]
Total: 14

Threads with active compile tasks:
C2 CompilerThread0  4779 1900       4       java.lang.invoke.MethodType::makeImpl (109 bytes)
Total: 1

VM state: not at safepoint (normal execution)

VM Mutex/Monitor currently owned by a thread: None

Heap address: 0x0000000081600000, size: 2026 MB, Compressed Oops mode: 32-bit

CDS archive(s) mapped at: [0x00000294b7000000-0x00000294b7c60000-0x00000294b7c60000), size 12976128, SharedBaseAddress: 0x00000294b7000000, ArchiveRelocationMode: 1.
Compressed class space mapped at: 0x00000294b8000000-0x00000294f8000000, reserved size: 1073741824
Narrow klass base: 0x00000294b7000000, Narrow klass shift: 0, Narrow klass range: 0x41000000

GC Precious Log:
 CardTable entry size: 512
 Card Set container configuration: InlinePtr #cards 5 size 8 Array Of Cards #cards 12 size 40 Howl #buckets 4 coarsen threshold 1843 Howl Bitmap #cards 512 size 80 coarsen threshold 460 Card regions per heap region 1 cards per card region 2048
 CPUs: 8 total, 8 available
 Memory: 8103M
 Large Page Support: Disabled
 NUMA Support: Disabled
 Compressed Oops: Enabled (32-bit)
 Heap Region Size: 1M
 Heap Min Capacity: 8M
 Heap Initial Capacity: 128M
 Heap Max Capacity: 2026M
 Pre-touch: Disabled
 Parallel Workers: 8
 Concurrent Workers: 2
 Concurrent Refinement Workers: 8
 Periodic GC: Disabled

Heap:
 garbage-first heap   total reserved 2074624K, committed 131072K, used 21162K [0x0000000081600000, 0x0000000100000000)
  region size 1024K, 19 young (19456K), 3 survivors (3072K)
 Metaspace       used 15559K, committed 15936K, reserved 1114112K
  class space    used 1931K, committed 2112K, reserved 1048576K

Heap Regions: E=young(eden), S=young(survivor), O=old, HS=humongous(starts), HC=humongous(continues), CS=collection set, F=free, TAMS=top-at-mark-start, PB=parsable bottom
|   0|0x0000000081600000, 0x0000000081700000, 0x0000000081700000|100%| O|  |TAMS 0x0000000081600000| PB 0x0000000081600000| Untracked |  0
|   1|0x0000000081700000, 0x0000000081800000, 0x0000000081800000|100%| O|  |TAMS 0x0000000081700000| PB 0x0000000081700000| Untracked |  0
|   2|0x0000000081800000, 0x00000000818aaa00, 0x0000000081900000| 66%| O|  |TAMS 0x0000000081800000| PB 0x0000000081800000| Untracked |  0
|   3|0x0000000081900000, 0x0000000081900000, 0x0000000081a00000|  0%| F|  |TAMS 0x0000000081900000| PB 0x0000000081900000| Untracked |  0
|   4|0x0000000081a00000, 0x0000000081a00000, 0x0000000081b00000|  0%| F|  |TAMS 0x0000000081a00000| PB 0x0000000081a00000| Untracked |  0
|   5|0x0000000081b00000, 0x0000000081b00000, 0x0000000081c00000|  0%| F|  |TAMS 0x0000000081b00000| PB 0x0000000081b00000| Untracked |  0
|   6|0x0000000081c00000, 0x0000000081c00000, 0x0000000081d00000|  0%| F|  |TAMS 0x0000000081c00000| PB 0x0000000081c00000| Untracked |  0
|   7|0x0000000081d00000, 0x0000000081d00000, 0x0000000081e00000|  0%| F|  |TAMS 0x0000000081d00000| PB 0x0000000081d00000| Untracked |  0
|   8|0x0000000081e00000, 0x0000000081e00000, 0x0000000081f00000|  0%| F|  |TAMS 0x0000000081e00000| PB 0x0000000081e00000| Untracked |  0
|   9|0x0000000081f00000, 0x0000000081f00000, 0x0000000082000000|  0%| F|  |TAMS 0x0000000081f00000| PB 0x0000000081f00000| Untracked |  0
|  10|0x0000000082000000, 0x0000000082000000, 0x0000000082100000|  0%| F|  |TAMS 0x0000000082000000| PB 0x0000000082000000| Untracked |  0
|  11|0x0000000082100000, 0x0000000082100000, 0x0000000082200000|  0%| F|  |TAMS 0x0000000082100000| PB 0x0000000082100000| Untracked |  0
|  12|0x0000000082200000, 0x0000000082200000, 0x0000000082300000|  0%| F|  |TAMS 0x0000000082200000| PB 0x0000000082200000| Untracked |  0
|  13|0x0000000082300000, 0x0000000082300000, 0x0000000082400000|  0%| F|  |TAMS 0x0000000082300000| PB 0x0000000082300000| Untracked |  0
|  14|0x0000000082400000, 0x0000000082400000, 0x0000000082500000|  0%| F|  |TAMS 0x0000000082400000| PB 0x0000000082400000| Untracked |  0
|  15|0x0000000082500000, 0x0000000082500000, 0x0000000082600000|  0%| F|  |TAMS 0x0000000082500000| PB 0x0000000082500000| Untracked |  0
|  16|0x0000000082600000, 0x0000000082600000, 0x0000000082700000|  0%| F|  |TAMS 0x0000000082600000| PB 0x0000000082600000| Untracked |  0
|  17|0x0000000082700000, 0x0000000082700000, 0x0000000082800000|  0%| F|  |TAMS 0x0000000082700000| PB 0x0000000082700000| Untracked |  0
|  18|0x0000000082800000, 0x0000000082800000, 0x0000000082900000|  0%| F|  |TAMS 0x0000000082800000| PB 0x0000000082800000| Untracked |  0
|  19|0x0000000082900000, 0x0000000082900000, 0x0000000082a00000|  0%| F|  |TAMS 0x0000000082900000| PB 0x0000000082900000| Untracked |  0
|  20|0x0000000082a00000, 0x0000000082a00000, 0x0000000082b00000|  0%| F|  |TAMS 0x0000000082a00000| PB 0x0000000082a00000| Untracked |  0
|  21|0x0000000082b00000, 0x0000000082b00000, 0x0000000082c00000|  0%| F|  |TAMS 0x0000000082b00000| PB 0x0000000082b00000| Untracked |  0
|  22|0x0000000082c00000, 0x0000000082c00000, 0x0000000082d00000|  0%| F|  |TAMS 0x0000000082c00000| PB 0x0000000082c00000| Untracked |  0
|  23|0x0000000082d00000, 0x0000000082d00000, 0x0000000082e00000|  0%| F|  |TAMS 0x0000000082d00000| PB 0x0000000082d00000| Untracked |  0
|  24|0x0000000082e00000, 0x0000000082e00000, 0x0000000082f00000|  0%| F|  |TAMS 0x0000000082e00000| PB 0x0000000082e00000| Untracked |  0
|  25|0x0000000082f00000, 0x0000000082f00000, 0x0000000083000000|  0%| F|  |TAMS 0x0000000082f00000| PB 0x0000000082f00000| Untracked |  0
|  26|0x0000000083000000, 0x0000000083000000, 0x0000000083100000|  0%| F|  |TAMS 0x0000000083000000| PB 0x0000000083000000| Untracked |  0
|  27|0x0000000083100000, 0x0000000083100000, 0x0000000083200000|  0%| F|  |TAMS 0x0000000083100000| PB 0x0000000083100000| Untracked |  0
|  28|0x0000000083200000, 0x0000000083200000, 0x0000000083300000|  0%| F|  |TAMS 0x0000000083200000| PB 0x0000000083200000| Untracked |  0
|  29|0x0000000083300000, 0x0000000083300000, 0x0000000083400000|  0%| F|  |TAMS 0x0000000083300000| PB 0x0000000083300000| Untracked |  0
|  30|0x0000000083400000, 0x0000000083400000, 0x0000000083500000|  0%| F|  |TAMS 0x0000000083400000| PB 0x0000000083400000| Untracked |  0
|  31|0x0000000083500000, 0x0000000083500000, 0x0000000083600000|  0%| F|  |TAMS 0x0000000083500000| PB 0x0000000083500000| Untracked |  0
|  32|0x0000000083600000, 0x0000000083600000, 0x0000000083700000|  0%| F|  |TAMS 0x0000000083600000| PB 0x0000000083600000| Untracked |  0
|  33|0x0000000083700000, 0x0000000083700000, 0x0000000083800000|  0%| F|  |TAMS 0x0000000083700000| PB 0x0000000083700000| Untracked |  0
|  34|0x0000000083800000, 0x0000000083800000, 0x0000000083900000|  0%| F|  |TAMS 0x0000000083800000| PB 0x0000000083800000| Untracked |  0
|  35|0x0000000083900000, 0x0000000083900000, 0x0000000083a00000|  0%| F|  |TAMS 0x0000000083900000| PB 0x0000000083900000| Untracked |  0
|  36|0x0000000083a00000, 0x0000000083a00000, 0x0000000083b00000|  0%| F|  |TAMS 0x0000000083a00000| PB 0x0000000083a00000| Untracked |  0
|  37|0x0000000083b00000, 0x0000000083b00000, 0x0000000083c00000|  0%| F|  |TAMS 0x0000000083b00000| PB 0x0000000083b00000| Untracked |  0
|  38|0x0000000083c00000, 0x0000000083c00000, 0x0000000083d00000|  0%| F|  |TAMS 0x0000000083c00000| PB 0x0000000083c00000| Untracked |  0
|  39|0x0000000083d00000, 0x0000000083d00000, 0x0000000083e00000|  0%| F|  |TAMS 0x0000000083d00000| PB 0x0000000083d00000| Untracked |  0
|  40|0x0000000083e00000, 0x0000000083e00000, 0x0000000083f00000|  0%| F|  |TAMS 0x0000000083e00000| PB 0x0000000083e00000| Untracked |  0
|  41|0x0000000083f00000, 0x0000000083f00000, 0x0000000084000000|  0%| F|  |TAMS 0x0000000083f00000| PB 0x0000000083f00000| Untracked |  0
|  42|0x0000000084000000, 0x0000000084000000, 0x0000000084100000|  0%| F|  |TAMS 0x0000000084000000| PB 0x0000000084000000| Untracked |  0
|  43|0x0000000084100000, 0x0000000084100000, 0x0000000084200000|  0%| F|  |TAMS 0x0000000084100000| PB 0x0000000084100000| Untracked |  0
|  44|0x0000000084200000, 0x0000000084200000, 0x0000000084300000|  0%| F|  |TAMS 0x0000000084200000| PB 0x0000000084200000| Untracked |  0
|  45|0x0000000084300000, 0x0000000084300000, 0x0000000084400000|  0%| F|  |TAMS 0x0000000084300000| PB 0x0000000084300000| Untracked |  0
|  46|0x0000000084400000, 0x0000000084400000, 0x0000000084500000|  0%| F|  |TAMS 0x0000000084400000| PB 0x0000000084400000| Untracked |  0
|  47|0x0000000084500000, 0x0000000084500000, 0x0000000084600000|  0%| F|  |TAMS 0x0000000084500000| PB 0x0000000084500000| Untracked |  0
|  48|0x0000000084600000, 0x0000000084600000, 0x0000000084700000|  0%| F|  |TAMS 0x0000000084600000| PB 0x0000000084600000| Untracked |  0
|  49|0x0000000084700000, 0x0000000084700000, 0x0000000084800000|  0%| F|  |TAMS 0x0000000084700000| PB 0x0000000084700000| Untracked |  0
|  50|0x0000000084800000, 0x0000000084800000, 0x0000000084900000|  0%| F|  |TAMS 0x0000000084800000| PB 0x0000000084800000| Untracked |  0
|  51|0x0000000084900000, 0x0000000084900000, 0x0000000084a00000|  0%| F|  |TAMS 0x0000000084900000| PB 0x0000000084900000| Untracked |  0
|  52|0x0000000084a00000, 0x0000000084a00000, 0x0000000084b00000|  0%| F|  |TAMS 0x0000000084a00000| PB 0x0000000084a00000| Untracked |  0
|  53|0x0000000084b00000, 0x0000000084b00000, 0x0000000084c00000|  0%| F|  |TAMS 0x0000000084b00000| PB 0x0000000084b00000| Untracked |  0
|  54|0x0000000084c00000, 0x0000000084c00000, 0x0000000084d00000|  0%| F|  |TAMS 0x0000000084c00000| PB 0x0000000084c00000| Untracked |  0
|  55|0x0000000084d00000, 0x0000000084d00000, 0x0000000084e00000|  0%| F|  |TAMS 0x0000000084d00000| PB 0x0000000084d00000| Untracked |  0
|  56|0x0000000084e00000, 0x0000000084e00000, 0x0000000084f00000|  0%| F|  |TAMS 0x0000000084e00000| PB 0x0000000084e00000| Untracked |  0
|  57|0x0000000084f00000, 0x0000000084f00000, 0x0000000085000000|  0%| F|  |TAMS 0x0000000084f00000| PB 0x0000000084f00000| Untracked |  0
|  58|0x0000000085000000, 0x0000000085000000, 0x0000000085100000|  0%| F|  |TAMS 0x0000000085000000| PB 0x0000000085000000| Untracked |  0
|  59|0x0000000085100000, 0x0000000085100000, 0x0000000085200000|  0%| F|  |TAMS 0x0000000085100000| PB 0x0000000085100000| Untracked |  0
|  60|0x0000000085200000, 0x0000000085200000, 0x0000000085300000|  0%| F|  |TAMS 0x0000000085200000| PB 0x0000000085200000| Untracked |  0
|  61|0x0000000085300000, 0x0000000085300000, 0x0000000085400000|  0%| F|  |TAMS 0x0000000085300000| PB 0x0000000085300000| Untracked |  0
|  62|0x0000000085400000, 0x0000000085400000, 0x0000000085500000|  0%| F|  |TAMS 0x0000000085400000| PB 0x0000000085400000| Untracked |  0
|  63|0x0000000085500000, 0x0000000085500000, 0x0000000085600000|  0%| F|  |TAMS 0x0000000085500000| PB 0x0000000085500000| Untracked |  0
|  64|0x0000000085600000, 0x0000000085600000, 0x0000000085700000|  0%| F|  |TAMS 0x0000000085600000| PB 0x0000000085600000| Untracked |  0
|  65|0x0000000085700000, 0x0000000085700000, 0x0000000085800000|  0%| F|  |TAMS 0x0000000085700000| PB 0x0000000085700000| Untracked |  0
|  66|0x0000000085800000, 0x0000000085800000, 0x0000000085900000|  0%| F|  |TAMS 0x0000000085800000| PB 0x0000000085800000| Untracked |  0
|  67|0x0000000085900000, 0x0000000085900000, 0x0000000085a00000|  0%| F|  |TAMS 0x0000000085900000| PB 0x0000000085900000| Untracked |  0
|  68|0x0000000085a00000, 0x0000000085a00000, 0x0000000085b00000|  0%| F|  |TAMS 0x0000000085a00000| PB 0x0000000085a00000| Untracked |  0
|  69|0x0000000085b00000, 0x0000000085b00000, 0x0000000085c00000|  0%| F|  |TAMS 0x0000000085b00000| PB 0x0000000085b00000| Untracked |  0
|  70|0x0000000085c00000, 0x0000000085c00000, 0x0000000085d00000|  0%| F|  |TAMS 0x0000000085c00000| PB 0x0000000085c00000| Untracked |  0
|  71|0x0000000085d00000, 0x0000000085d00000, 0x0000000085e00000|  0%| F|  |TAMS 0x0000000085d00000| PB 0x0000000085d00000| Untracked |  0
|  72|0x0000000085e00000, 0x0000000085e00000, 0x0000000085f00000|  0%| F|  |TAMS 0x0000000085e00000| PB 0x0000000085e00000| Untracked |  0
|  73|0x0000000085f00000, 0x0000000085f00000, 0x0000000086000000|  0%| F|  |TAMS 0x0000000085f00000| PB 0x0000000085f00000| Untracked |  0
|  74|0x0000000086000000, 0x0000000086000000, 0x0000000086100000|  0%| F|  |TAMS 0x0000000086000000| PB 0x0000000086000000| Untracked |  0
|  75|0x0000000086100000, 0x0000000086100000, 0x0000000086200000|  0%| F|  |TAMS 0x0000000086100000| PB 0x0000000086100000| Untracked |  0
|  76|0x0000000086200000, 0x0000000086200000, 0x0000000086300000|  0%| F|  |TAMS 0x0000000086200000| PB 0x0000000086200000| Untracked |  0
|  77|0x0000000086300000, 0x0000000086300000, 0x0000000086400000|  0%| F|  |TAMS 0x0000000086300000| PB 0x0000000086300000| Untracked |  0
|  78|0x0000000086400000, 0x0000000086400000, 0x0000000086500000|  0%| F|  |TAMS 0x0000000086400000| PB 0x0000000086400000| Untracked |  0
|  79|0x0000000086500000, 0x0000000086500000, 0x0000000086600000|  0%| F|  |TAMS 0x0000000086500000| PB 0x0000000086500000| Untracked |  0
|  80|0x0000000086600000, 0x0000000086600000, 0x0000000086700000|  0%| F|  |TAMS 0x0000000086600000| PB 0x0000000086600000| Untracked |  0
|  81|0x0000000086700000, 0x0000000086700000, 0x0000000086800000|  0%| F|  |TAMS 0x0000000086700000| PB 0x0000000086700000| Untracked |  0
|  82|0x0000000086800000, 0x0000000086800000, 0x0000000086900000|  0%| F|  |TAMS 0x0000000086800000| PB 0x0000000086800000| Untracked |  0
|  83|0x0000000086900000, 0x0000000086900000, 0x0000000086a00000|  0%| F|  |TAMS 0x0000000086900000| PB 0x0000000086900000| Untracked |  0
|  84|0x0000000086a00000, 0x0000000086a00000, 0x0000000086b00000|  0%| F|  |TAMS 0x0000000086a00000| PB 0x0000000086a00000| Untracked |  0
|  85|0x0000000086b00000, 0x0000000086b00000, 0x0000000086c00000|  0%| F|  |TAMS 0x0000000086b00000| PB 0x0000000086b00000| Untracked |  0
|  86|0x0000000086c00000, 0x0000000086c00000, 0x0000000086d00000|  0%| F|  |TAMS 0x0000000086c00000| PB 0x0000000086c00000| Untracked |  0
|  87|0x0000000086d00000, 0x0000000086d00000, 0x0000000086e00000|  0%| F|  |TAMS 0x0000000086d00000| PB 0x0000000086d00000| Untracked |  0
|  88|0x0000000086e00000, 0x0000000086e00000, 0x0000000086f00000|  0%| F|  |TAMS 0x0000000086e00000| PB 0x0000000086e00000| Untracked |  0
|  89|0x0000000086f00000, 0x0000000086f00000, 0x0000000087000000|  0%| F|  |TAMS 0x0000000086f00000| PB 0x0000000086f00000| Untracked |  0
|  90|0x0000000087000000, 0x0000000087000000, 0x0000000087100000|  0%| F|  |TAMS 0x0000000087000000| PB 0x0000000087000000| Untracked |  0
|  91|0x0000000087100000, 0x0000000087100000, 0x0000000087200000|  0%| F|  |TAMS 0x0000000087100000| PB 0x0000000087100000| Untracked |  0
|  92|0x0000000087200000, 0x0000000087200000, 0x0000000087300000|  0%| F|  |TAMS 0x0000000087200000| PB 0x0000000087200000| Untracked |  0
|  93|0x0000000087300000, 0x0000000087300000, 0x0000000087400000|  0%| F|  |TAMS 0x0000000087300000| PB 0x0000000087300000| Untracked |  0
|  94|0x0000000087400000, 0x0000000087400000, 0x0000000087500000|  0%| F|  |TAMS 0x0000000087400000| PB 0x0000000087400000| Untracked |  0
|  95|0x0000000087500000, 0x0000000087500000, 0x0000000087600000|  0%| F|  |TAMS 0x0000000087500000| PB 0x0000000087500000| Untracked |  0
|  96|0x0000000087600000, 0x0000000087600000, 0x0000000087700000|  0%| F|  |TAMS 0x0000000087600000| PB 0x0000000087600000| Untracked |  0
|  97|0x0000000087700000, 0x0000000087700000, 0x0000000087800000|  0%| F|  |TAMS 0x0000000087700000| PB 0x0000000087700000| Untracked |  0
|  98|0x0000000087800000, 0x0000000087800000, 0x0000000087900000|  0%| F|  |TAMS 0x0000000087800000| PB 0x0000000087800000| Untracked |  0
|  99|0x0000000087900000, 0x0000000087900000, 0x0000000087a00000|  0%| F|  |TAMS 0x0000000087900000| PB 0x0000000087900000| Untracked |  0
| 100|0x0000000087a00000, 0x0000000087a00000, 0x0000000087b00000|  0%| F|  |TAMS 0x0000000087a00000| PB 0x0000000087a00000| Untracked |  0
| 101|0x0000000087b00000, 0x0000000087c00000, 0x0000000087c00000|100%| S|CS|TAMS 0x0000000087b00000| PB 0x0000000087b00000| Complete |  0
| 102|0x0000000087c00000, 0x0000000087d00000, 0x0000000087d00000|100%| S|CS|TAMS 0x0000000087c00000| PB 0x0000000087c00000| Complete |  0
| 103|0x0000000087d00000, 0x0000000087e00000, 0x0000000087e00000|100%| S|CS|TAMS 0x0000000087d00000| PB 0x0000000087d00000| Complete |  0
| 104|0x0000000087e00000, 0x0000000087e00000, 0x0000000087f00000|  0%| F|  |TAMS 0x0000000087e00000| PB 0x0000000087e00000| Untracked |  0
| 105|0x0000000087f00000, 0x0000000087f00000, 0x0000000088000000|  0%| F|  |TAMS 0x0000000087f00000| PB 0x0000000087f00000| Untracked |  0
| 106|0x0000000088000000, 0x0000000088000000, 0x0000000088100000|  0%| F|  |TAMS 0x0000000088000000| PB 0x0000000088000000| Untracked |  0
| 107|0x0000000088100000, 0x0000000088100000, 0x0000000088200000|  0%| F|  |TAMS 0x0000000088100000| PB 0x0000000088100000| Untracked |  0
| 108|0x0000000088200000, 0x0000000088200000, 0x0000000088300000|  0%| F|  |TAMS 0x0000000088200000| PB 0x0000000088200000| Untracked |  0
| 109|0x0000000088300000, 0x0000000088300000, 0x0000000088400000|  0%| F|  |TAMS 0x0000000088300000| PB 0x0000000088300000| Untracked |  0
| 110|0x0000000088400000, 0x0000000088400000, 0x0000000088500000|  0%| F|  |TAMS 0x0000000088400000| PB 0x0000000088400000| Untracked |  0
| 111|0x0000000088500000, 0x0000000088500000, 0x0000000088600000|  0%| F|  |TAMS 0x0000000088500000| PB 0x0000000088500000| Untracked |  0
| 112|0x0000000088600000, 0x00000000886ca710, 0x0000000088700000| 79%| E|  |TAMS 0x0000000088600000| PB 0x0000000088600000| Complete |  0
| 113|0x0000000088700000, 0x0000000088800000, 0x0000000088800000|100%| E|CS|TAMS 0x0000000088700000| PB 0x0000000088700000| Complete |  0
| 114|0x0000000088800000, 0x0000000088900000, 0x0000000088900000|100%| E|CS|TAMS 0x0000000088800000| PB 0x0000000088800000| Complete |  0
| 115|0x0000000088900000, 0x0000000088a00000, 0x0000000088a00000|100%| E|CS|TAMS 0x0000000088900000| PB 0x0000000088900000| Complete |  0
| 116|0x0000000088a00000, 0x0000000088b00000, 0x0000000088b00000|100%| E|CS|TAMS 0x0000000088a00000| PB 0x0000000088a00000| Complete |  0
| 117|0x0000000088b00000, 0x0000000088c00000, 0x0000000088c00000|100%| E|CS|TAMS 0x0000000088b00000| PB 0x0000000088b00000| Complete |  0
| 118|0x0000000088c00000, 0x0000000088d00000, 0x0000000088d00000|100%| E|CS|TAMS 0x0000000088c00000| PB 0x0000000088c00000| Complete |  0
| 119|0x0000000088d00000, 0x0000000088e00000, 0x0000000088e00000|100%| E|CS|TAMS 0x0000000088d00000| PB 0x0000000088d00000| Complete |  0
| 120|0x0000000088e00000, 0x0000000088f00000, 0x0000000088f00000|100%| E|CS|TAMS 0x0000000088e00000| PB 0x0000000088e00000| Complete |  0
| 121|0x0000000088f00000, 0x0000000089000000, 0x0000000089000000|100%| E|CS|TAMS 0x0000000088f00000| PB 0x0000000088f00000| Complete |  0
| 122|0x0000000089000000, 0x0000000089100000, 0x0000000089100000|100%| E|CS|TAMS 0x0000000089000000| PB 0x0000000089000000| Complete |  0
| 123|0x0000000089100000, 0x0000000089200000, 0x0000000089200000|100%| E|CS|TAMS 0x0000000089100000| PB 0x0000000089100000| Complete |  0
| 124|0x0000000089200000, 0x0000000089300000, 0x0000000089300000|100%| E|CS|TAMS 0x0000000089200000| PB 0x0000000089200000| Complete |  0
| 125|0x0000000089300000, 0x0000000089400000, 0x0000000089400000|100%| E|CS|TAMS 0x0000000089300000| PB 0x0000000089300000| Complete |  0
| 126|0x0000000089400000, 0x0000000089500000, 0x0000000089500000|100%| E|CS|TAMS 0x0000000089400000| PB 0x0000000089400000| Complete |  0
| 127|0x0000000089500000, 0x0000000089600000, 0x0000000089600000|100%| E|CS|TAMS 0x0000000089500000| PB 0x0000000089500000| Complete |  0

Card table byte_map: [0x00000294b1630000,0x00000294b1a30000] _byte_map_base: 0x00000294b1225000

Marking Bits: (CMBitMap*) 0x0000029499c107a0
 Bits: [0x00000294b1a30000, 0x00000294b39d8000)

Polling page: 0x0000029497af0000

Metaspace:

Usage:
  Non-class:     13.31 MB used.
      Class:      1.89 MB used.
       Both:     15.20 MB used.

Virtual space:
  Non-class space:       64.00 MB reserved,      13.50 MB ( 21%) committed,  1 nodes.
      Class space:        1.00 GB reserved,       2.06 MB ( <1%) committed,  1 nodes.
             Both:        1.06 GB reserved,      15.56 MB (  1%) committed. 

Chunk freelists:
   Non-Class:  1.94 MB
       Class:  13.84 MB
        Both:  15.78 MB

MaxMetaspaceSize: unlimited
CompressedClassSpaceSize: 1.00 GB
Initial GC threshold: 21.00 MB
Current GC threshold: 21.00 MB
CDS: on
 - commit_granule_bytes: 65536.
 - commit_granule_words: 8192.
 - virtual_space_node_default_size: 8388608.
 - enlarge_chunks_in_place: 1.
 - use_allocation_guard: 0.


Internal statistics:

num_allocs_failed_limit: 0.
num_arena_births: 390.
num_arena_deaths: 0.
num_vsnodes_births: 2.
num_vsnodes_deaths: 0.
num_space_committed: 249.
num_space_uncommitted: 0.
num_chunks_returned_to_freelist: 0.
num_chunks_taken_from_freelist: 770.
num_chunk_merges: 0.
num_chunk_splits: 451.
num_chunks_enlarged: 271.
num_inconsistent_stats: 0.

CodeHeap 'non-profiled nmethods': size=120000Kb used=734Kb max_used=734Kb free=119265Kb
 bounds [0x00000294a99d0000, 0x00000294a9c40000, 0x00000294b0f00000]
CodeHeap 'profiled nmethods': size=120000Kb used=3751Kb max_used=3751Kb free=116248Kb
 bounds [0x00000294a1f00000, 0x00000294a22b0000, 0x00000294a9430000]
CodeHeap 'non-nmethods': size=5760Kb used=1516Kb max_used=1531Kb free=4243Kb
 bounds [0x00000294a9430000, 0x00000294a96a0000, 0x00000294a99d0000]
 total_blobs=2644 nmethods=2061 adapters=487
 compilation: enabled
              stopped_count=0, restarted_count=0
 full_count=0

Compilation events (20 events):
Event: 4.655 Thread 0x00000294b6451230 2054       3       java.util.Collections$UnmodifiableMap::get (11 bytes)
Event: 4.656 Thread 0x00000294b6451230 nmethod 2054 0x00000294a22a6f10 code [0x00000294a22a70c0, 0x00000294a22a7298]
Event: 4.656 Thread 0x00000294b6451230 2053       3       java.util.stream.ReduceOps$Box::<init> (5 bytes)
Event: 4.656 Thread 0x00000294b6451230 nmethod 2053 0x00000294a22a7390 code [0x00000294a22a7520, 0x00000294a22a7688]
Event: 4.656 Thread 0x00000294b6451230 2055       3       java.util.stream.ReduceOps$ReduceOp::<init> (10 bytes)
Event: 4.656 Thread 0x00000294b6451230 nmethod 2055 0x00000294a22a7790 code [0x00000294a22a7920, 0x00000294a22a7ad8]
Event: 4.656 Thread 0x00000294b6451230 2056       3       java.util.TreeMap::successor (66 bytes)
Event: 4.656 Thread 0x00000294b6451230 nmethod 2056 0x00000294a22a7b90 code [0x00000294a22a7d60, 0x00000294a22a8090]
Event: 4.656 Thread 0x00000294b6451230 2057       3       org.openqa.selenium.SharedCapabilitiesMethods$$Lambda/0x00000294b8223d98::compare (12 bytes)
Event: 4.656 Thread 0x00000294b6451230 nmethod 2057 0x00000294a22a8210 code [0x00000294a22a83c0, 0x00000294a22a86b0]
Event: 4.660 Thread 0x00000294b6451230 2058       1       java.util.TreeMap::size (5 bytes)
Event: 4.660 Thread 0x00000294b6451230 nmethod 2058 0x00000294a9a87810 code [0x00000294a9a879a0, 0x00000294a9a87a68]
Event: 4.660 Thread 0x00000294b6451230 2059       3       java.lang.Math::floorDiv (30 bytes)
Event: 4.660 Thread 0x00000294b6451230 nmethod 2059 0x00000294a22a8790 code [0x00000294a22a8940, 0x00000294a22a8b20]
Event: 4.660 Thread 0x00000294b6451230 2060       3       java.lang.Math::multiplyExact (74 bytes)
Event: 4.660 Thread 0x00000294b6451230 nmethod 2060 0x00000294a22a8c10 code [0x00000294a22a8de0, 0x00000294a22a92b8]
Event: 4.660 Thread 0x00000294b6451230 2061       3       java.util.ArrayList::clear (43 bytes)
Event: 4.661 Thread 0x00000294b6451230 nmethod 2061 0x00000294a22a9410 code [0x00000294a22a95c0, 0x00000294a22a9918]
Event: 4.661 Thread 0x00000294b6451230 2062       3       java.nio.ByteBuffer::<init> (14 bytes)
Event: 4.661 Thread 0x00000294b6451230 nmethod 2062 0x00000294a22a9a90 code [0x00000294a22a9c40, 0x00000294a22a9d90]

GC Heap History (2 events):
Event: 2.311 GC heap before
{Heap before GC invocations=0 (full 0):
 garbage-first heap   total reserved 2074624K, committed 131072K, used 23552K [0x0000000081600000, 0x0000000100000000)
  region size 1024K, 24 young (24576K), 0 survivors (0K)
 Metaspace       used 10149K, committed 10432K, reserved 1114112K
  class space    used 1214K, committed 1344K, reserved 1048576K
}
Event: 2.321 GC heap after
{Heap after GC invocations=1 (full 0):
 garbage-first heap   total reserved 2074624K, committed 131072K, used 5802K [0x0000000081600000, 0x0000000100000000)
  region size 1024K, 3 young (3072K), 3 survivors (3072K)
 Metaspace       used 10149K, committed 10432K, reserved 1114112K
  class space    used 1214K, committed 1344K, reserved 1048576K
}

Dll operation events (12 events):
Event: 0.014 Loaded shared library C:\Users\omnia\.jdks\openjdk-22.0.2\bin\java.dll
Event: 0.063 Loaded shared library C:\Users\omnia\.jdks\openjdk-22.0.2\bin\jsvml.dll
Event: 0.193 Loaded shared library C:\Users\omnia\.jdks\openjdk-22.0.2\bin\zip.dll
Event: 0.199 Loaded shared library C:\Users\omnia\.jdks\openjdk-22.0.2\bin\instrument.dll
Event: 0.206 Loaded shared library C:\Users\omnia\.jdks\openjdk-22.0.2\bin\net.dll
Event: 0.208 Loaded shared library C:\Users\omnia\.jdks\openjdk-22.0.2\bin\nio.dll
Event: 0.215 Loaded shared library C:\Users\omnia\.jdks\openjdk-22.0.2\bin\zip.dll
Event: 0.231 Loaded shared library C:\Program Files\JetBrains\IntelliJ IDEA Community Edition 2024.2.1\bin\breakgen64.dll
Event: 0.246 Loaded shared library C:\Users\omnia\.jdks\openjdk-22.0.2\bin\extnet.dll
Event: 0.360 Loaded shared library C:\Users\omnia\.jdks\openjdk-22.0.2\bin\verify.dll
Event: 0.369 Loaded shared library C:\Users\omnia\.jdks\openjdk-22.0.2\bin\jimage.dll
Event: 2.485 Loaded shared library C:\Users\omnia\.jdks\openjdk-22.0.2\bin\sunmscapi.dll

Deoptimization events (20 events):
Event: 2.492 Thread 0x00000294979a6960 Uncommon trap: trap_request=0xffffff45 fr.pc=0x00000294a9a51a2c relative=0x000000000000026c
Event: 2.492 Thread 0x00000294979a6960 Uncommon trap: reason=unstable_if action=reinterpret pc=0x00000294a9a51a2c method=java.util.HashMap.putVal(ILjava/lang/Object;Ljava/lang/Object;ZZ)Ljava/lang/Object; @ 162 c2
Event: 2.492 Thread 0x00000294979a6960 DEOPT PACKING pc=0x00000294a9a51a2c sp=0x000000c0c48fb0f0
Event: 2.492 Thread 0x00000294979a6960 DEOPT UNPACKING pc=0x00000294a94846a2 sp=0x000000c0c48fb028 mode 2
Event: 2.727 Thread 0x00000294979a6960 Uncommon trap: trap_request=0xffffffde fr.pc=0x00000294a9a36894 relative=0x0000000000000334
Event: 2.727 Thread 0x00000294979a6960 Uncommon trap: reason=class_check action=maybe_recompile pc=0x00000294a9a36894 method=java.util.regex.Pattern$BmpCharPropertyGreedy.match(Ljava/util/regex/Matcher;ILjava/lang/CharSequence;)Z @ 26 c2
Event: 2.727 Thread 0x00000294979a6960 DEOPT PACKING pc=0x00000294a9a36894 sp=0x000000c0c48fcba0
Event: 2.727 Thread 0x00000294979a6960 DEOPT UNPACKING pc=0x00000294a94846a2 sp=0x000000c0c48fcb58 mode 2
Event: 2.727 Thread 0x00000294979a6960 Uncommon trap: trap_request=0xffffffde fr.pc=0x00000294a9a36894 relative=0x0000000000000334
Event: 2.727 Thread 0x00000294979a6960 Uncommon trap: reason=class_check action=maybe_recompile pc=0x00000294a9a36894 method=java.util.regex.Pattern$BmpCharPropertyGreedy.match(Ljava/util/regex/Matcher;ILjava/lang/CharSequence;)Z @ 26 c2
Event: 2.727 Thread 0x00000294979a6960 DEOPT PACKING pc=0x00000294a9a36894 sp=0x000000c0c48fcba0
Event: 2.727 Thread 0x00000294979a6960 DEOPT UNPACKING pc=0x00000294a94846a2 sp=0x000000c0c48fcb58 mode 2
Event: 2.754 Thread 0x00000294fca9eeb0 Uncommon trap: trap_request=0xffffffde fr.pc=0x00000294a9a36894 relative=0x0000000000000334
Event: 2.754 Thread 0x00000294fca9eeb0 Uncommon trap: reason=class_check action=maybe_recompile pc=0x00000294a9a36894 method=java.util.regex.Pattern$BmpCharPropertyGreedy.match(Ljava/util/regex/Matcher;ILjava/lang/CharSequence;)Z @ 26 c2
Event: 2.754 Thread 0x00000294fca9eeb0 DEOPT PACKING pc=0x00000294a9a36894 sp=0x000000c0c67fe450
Event: 2.754 Thread 0x00000294fca9eeb0 DEOPT UNPACKING pc=0x00000294a94846a2 sp=0x000000c0c67fe3e8 mode 2
Event: 4.511 Thread 0x00000294979a6960 Uncommon trap: trap_request=0xffffff45 fr.pc=0x00000294a9a45c68 relative=0x0000000000001048
Event: 4.511 Thread 0x00000294979a6960 Uncommon trap: reason=unstable_if action=reinterpret pc=0x00000294a9a45c68 method=java.util.concurrent.ConcurrentHashMap.putVal(Ljava/lang/Object;Ljava/lang/Object;Z)Ljava/lang/Object; @ 231 c2
Event: 4.511 Thread 0x00000294979a6960 DEOPT PACKING pc=0x00000294a9a45c68 sp=0x000000c0c48fd840
Event: 4.511 Thread 0x00000294979a6960 DEOPT UNPACKING pc=0x00000294a94846a2 sp=0x000000c0c48fd7b0 mode 2

Classes loaded (20 events):
Event: 4.642 Loading class java/lang/StackStreamFactory$FrameBuffer done
Event: 4.642 Loading class java/lang/StackStreamFactory$StackFrameBuffer done
Event: 4.644 Loading class java/text/FieldPosition$Delegate
Event: 4.644 Loading class java/text/FieldPosition$Delegate done
Event: 4.644 Loading class java/util/logging/Level$RbAccess
Event: 4.644 Loading class java/util/logging/Level$RbAccess done
Event: 4.645 Loading class sun/util/logging/resources/logging
Event: 4.645 Loading class sun/util/logging/resources/logging done
Event: 4.645 Loading class sun/util/logging/resources/logging_en
Event: 4.645 Loading class sun/util/logging/resources/logging_en done
Event: 4.645 Loading class sun/util/logging/resources/logging_en
Event: 4.645 Loading class sun/util/logging/resources/logging_en done
Event: 4.645 Loading class sun/util/logging/resources/logging_en_US
Event: 4.645 Loading class sun/util/logging/resources/logging_en_US done
Event: 4.645 Loading class sun/util/logging/resources/logging_en_US
Event: 4.645 Loading class sun/util/logging/resources/logging_en_US done
Event: 4.645 Loading class java/util/Formatter$DateTime
Event: 4.645 Loading class java/util/Formatter$DateTime done
Event: 4.646 Loading class java/time/ZonedDateTime$1
Event: 4.646 Loading class java/time/ZonedDateTime$1 done

Classes unloaded (0 events):
No events

Classes redefined (0 events):
No events

Internal exceptions (20 events):
Event: 2.163 Thread 0x00000294979a6960 Exception <a 'java/lang/NoSuchMethodError'{0x00000000880e4768}: 'java.lang.Object java.lang.invoke.DirectMethodHandle$Holder.invokeStatic(java.lang.Object, int, java.lang.Object, java.lang.Object)'> (0x00000000880e4768) 
thrown [s\open\src\hotspot\share\interpreter\linkResolver.cpp, line 774]
Event: 2.163 Thread 0x00000294979a6960 Exception <a 'java/lang/NoSuchMethodError'{0x00000000880e86a8}: 'java.lang.Object java.lang.invoke.DirectMethodHandle$Holder.invokeSpecial(java.lang.Object, java.lang.Object, int, java.lang.Object, java.lang.Object)'> (0x00000000880e86a8) 
thrown [s\open\src\hotspot\share\interpreter\linkResolver.cpp, line 774]
Event: 2.164 Thread 0x00000294979a6960 Exception <a 'java/lang/NoSuchMethodError'{0x00000000880ec0e8}: 'java.lang.Object java.lang.invoke.DelegatingMethodHandle$Holder.delegate(java.lang.Object, int, java.lang.Object, java.lang.Object)'> (0x00000000880ec0e8) 
thrown [s\open\src\hotspot\share\interpreter\linkResolver.cpp, line 774]
Event: 2.167 Thread 0x00000294979a6960 Exception <a 'java/lang/NoSuchMethodError'{0x00000000880fba70}: 'int java.lang.invoke.Invokers$Holder.linkToTargetMethod(java.lang.Object, java.lang.Object, java.lang.Object)'> (0x00000000880fba70) 
thrown [s\open\src\hotspot\share\interpreter\linkResolver.cpp, line 774]
Event: 2.171 Thread 0x00000294979a6960 Exception <a 'java/lang/NoSuchMethodError'{0x0000000087f0ac18}: 'long java.lang.invoke.DirectMethodHandle$Holder.invokeSpecial(java.lang.Object, java.lang.Object)'> (0x0000000087f0ac18) 
thrown [s\open\src\hotspot\share\interpreter\linkResolver.cpp, line 774]
Event: 2.231 Thread 0x00000294979a6960 Exception <a 'sun/nio/fs/WindowsException'{0x0000000087fdce80}> (0x0000000087fdce80) 
thrown [s\open\src\hotspot\share\prims\jni.cpp, line 520]
Event: 2.724 Thread 0x00000294979a6960 Exception <a 'java/lang/NoSuchMethodError'{0x0000000088ff4538}: 'java.lang.Object java.lang.invoke.DirectMethodHandle$Holder.invokeInterface(java.lang.Object, java.lang.Object, java.lang.Object)'> (0x0000000088ff4538) 
thrown [s\open\src\hotspot\share\interpreter\linkResolver.cpp, line 774]
Event: 2.724 Thread 0x00000294979a6960 Exception <a 'java/lang/IncompatibleClassChangeError'{0x0000000088ff7930}: Found class java.lang.Object, but interface was expected> (0x0000000088ff7930) 
thrown [s\open\src\hotspot\share\interpreter\linkResolver.cpp, line 841]
Event: 2.726 Thread 0x00000294979a6960 Exception <a 'java/lang/NoSuchMethodError'{0x0000000088fff148}: 'int java.lang.invoke.DirectMethodHandle$Holder.invokeSpecialIFC(java.lang.Object, java.lang.Object, java.lang.Object, java.lang.Object)'> (0x0000000088fff148) 
thrown [s\open\src\hotspot\share\interpreter\linkResolver.cpp, line 774]
Event: 2.733 Thread 0x00000294979a6960 Exception <a 'java/lang/NoSuchMethodError'{0x0000000088e22428}: 'java.lang.Object java.lang.invoke.DirectMethodHandle$Holder.invokeVirtual(java.lang.Object, java.lang.Object, java.lang.Object, java.lang.Object)'> (0x0000000088e22428) 
thrown [s\open\src\hotspot\share\interpreter\linkResolver.cpp, line 774]
Event: 2.762 Thread 0x00000294fca9eeb0 Exception <a 'java/net/ConnectException'{0x0000000088ebbcf8}: Connection refused: getsockopt> (0x0000000088ebbcf8) 
thrown [s\open\src\hotspot\share\prims\jni.cpp, line 539]
Event: 2.781 Thread 0x00000294fca9eeb0 Exception <a 'java/net/ConnectException'{0x0000000088ebcd70}: Connection refused: getsockopt> (0x0000000088ebcd70) 
thrown [s\open\src\hotspot\share\prims\jni.cpp, line 539]
Event: 2.851 Thread 0x00000294979a6960 Exception <a 'java/lang/NoSuchMethodError'{0x0000000088d6deb8}: 'java.lang.Object java.lang.invoke.DirectMethodHandle$Holder.newInvokeSpecial(java.lang.Object, java.lang.Object, int, int)'> (0x0000000088d6deb8) 
thrown [s\open\src\hotspot\share\interpreter\linkResolver.cpp, line 774]
Event: 2.852 Thread 0x00000294979a6960 Exception <a 'java/lang/NoSuchMethodError'{0x0000000088d785f8}: 'void java.lang.invoke.DirectMethodHandle$Holder.invokeStatic(java.lang.Object, java.lang.Object, int)'> (0x0000000088d785f8) 
thrown [s\open\src\hotspot\share\interpreter\linkResolver.cpp, line 774]
Event: 2.932 Thread 0x00000294fcaaa040 Exception <a 'java/lang/NoSuchMethodError'{0x0000000088b12dd0}: 'java.lang.Object java.lang.invoke.DirectMethodHandle$Holder.invokeSpecial(java.lang.Object, java.lang.Object, java.lang.Object, java.lang.Object, int)'> (0x0000000088b12dd0) 
thrown [s\open\src\hotspot\share\interpreter\linkResolver.cpp, line 774]
Event: 2.932 Thread 0x00000294fcaaa040 Exception <a 'java/lang/NoSuchMethodError'{0x0000000088b16728}: 'java.lang.Object java.lang.invoke.Invokers$Holder.linkToTargetMethod(java.lang.Object, java.lang.Object, int, java.lang.Object)'> (0x0000000088b16728) 
thrown [s\open\src\hotspot\share\interpreter\linkResolver.cpp, line 774]
Event: 2.959 Thread 0x00000294fcaaa040 Exception <a 'java/lang/NoSuchMethodError'{0x0000000088b5cbb8}: 'void java.lang.invoke.DirectMethodHandle$Holder.invokeSpecial(java.lang.Object, java.lang.Object, java.lang.Object, java.lang.Object, java.lang.Object)'> (0x0000000088b5cbb8) 
thrown [s\open\src\hotspot\share\interpreter\linkResolver.cpp, line 774]
Event: 4.451 Thread 0x00000294fcaaa040 Exception <a 'java/lang/NoSuchMethodError'{0x0000000088a43d78}: 'void java.lang.invoke.DirectMethodHandle$Holder.invokeSpecial(java.lang.Object, java.lang.Object, java.lang.Object, java.lang.Object, java.lang.Object, java.lang.Object, java.lang.Object)'> (0x0000000088a43d78) 
thrown [s\open\src\hotspot\share\interpreter\linkResolver.cpp, line 774]
Event: 4.470 Thread 0x00000294979a6960 Exception <a 'java/lang/NoSuchMethodError'{0x0000000088cb9798}: 'java.lang.Object java.lang.invoke.DirectMethodHandle$Holder.invokeSpecialIFC(java.lang.Object, java.lang.Object, java.lang.Object)'> (0x0000000088cb9798) 
thrown [s\open\src\hotspot\share\interpreter\linkResolver.cpp, line 774]
Event: 4.645 Thread 0x00000294979a6960 Exception <a 'java/lang/ClassNotFoundException'{0x0000000088643f90}: sun/util/logging/resources/spi/loggingProvider> (0x0000000088643f90) 
thrown [s\open\src\hotspot\share\classfile\systemDictionary.cpp, line 313]

ZGC Phase Switch (0 events):
No events

VM Operations (20 events):
Event: 2.144 Executing VM operation: HandshakeAllThreads (Deoptimize)
Event: 2.144 Executing VM operation: HandshakeAllThreads (Deoptimize) done
Event: 2.177 Executing VM operation: HandshakeAllThreads (Deoptimize)
Event: 2.177 Executing VM operation: HandshakeAllThreads (Deoptimize) done
Event: 2.311 Executing VM operation: G1CollectForAllocation (G1 Evacuation Pause)
Event: 2.321 Executing VM operation: G1CollectForAllocation (G1 Evacuation Pause) done
Event: 2.327 Executing VM operation: HandshakeAllThreads (Deoptimize)
Event: 2.327 Executing VM operation: HandshakeAllThreads (Deoptimize) done
Event: 2.744 Executing VM operation: HandshakeAllThreads (Deoptimize)
Event: 2.744 Executing VM operation: HandshakeAllThreads (Deoptimize) done
Event: 2.819 Executing VM operation: HandshakeAllThreads (Deoptimize)
Event: 2.819 Executing VM operation: HandshakeAllThreads (Deoptimize) done
Event: 3.830 Executing VM operation: Cleanup
Event: 3.830 Executing VM operation: Cleanup done
Event: 4.433 Executing VM operation: HandshakeAllThreads (Deoptimize)
Event: 4.433 Executing VM operation: HandshakeAllThreads (Deoptimize) done
Event: 4.436 Executing VM operation: HandshakeAllThreads (Deoptimize)
Event: 4.436 Executing VM operation: HandshakeAllThreads (Deoptimize) done
Event: 4.628 Executing VM operation: HandshakeAllThreads (Deoptimize)
Event: 4.628 Executing VM operation: HandshakeAllThreads (Deoptimize) done

Memory protections (0 events):
No events

Nmethod flushes (0 events):
No events

Events (20 events):
Event: 0.232 Thread 0x00000294979a6960 Thread added: 0x00000294b6768f00
Event: 0.315 Thread 0x00000294b6451230 Thread added: 0x00000294fc019f00
Event: 1.391 Thread 0x00000294979a6960 Thread added: 0x00000294fc83ad00
Event: 2.006 Thread 0x00000294fc019f00 Thread exited: 0x00000294fc019f00
Event: 2.012 Thread 0x00000294fc83ad00 Thread exited: 0x00000294fc83ad00
Event: 2.092 Thread 0x00000294979a6960 Thread added: 0x00000294fc7f8f60
Event: 2.695 Thread 0x00000294979a6960 Thread added: 0x00000294fc8986a0
Event: 2.741 Thread 0x00000294979a6960 Thread added: 0x00000294fca99b50
Event: 2.744 Thread 0x00000294979a6960 Thread added: 0x00000294fca9e1d0
Event: 2.745 Thread 0x00000294979a6960 Thread added: 0x00000294fca9e840
Event: 2.750 Thread 0x00000294fca9e1d0 Thread added: 0x00000294fca9eeb0
Event: 2.818 Thread 0x00000294fca9eeb0 Thread added: 0x00000294fcaaad60
Event: 2.915 Thread 0x00000294979a6960 Thread added: 0x00000294fcaaa040
Event: 2.975 Thread 0x00000294fc8986a0 Thread added: 0x00000294fcaaa6d0
Event: 2.976 Thread 0x00000294fc8986a0 Thread added: 0x00000294fcaa99b0
Event: 4.533 Thread 0x00000294979a6960 Thread added: 0x00000294fce203c0
Event: 4.535 Thread 0x00000294979a6960 Thread added: 0x00000294fce1c8b0
Event: 4.537 Thread 0x00000294fce203c0 Thread added: 0x00000294fce1f6a0
Event: 4.537 Thread 0x00000294fce203c0 Thread added: 0x00000294fce1e2f0
Event: 4.616 Thread 0x00000294b6451230 Thread added: 0x00000294fcd1a890


Dynamic libraries:
0x00007ff6f9450000 - 0x00007ff6f945e000 	C:\Users\omnia\.jdks\openjdk-22.0.2\bin\java.exe
0x00007fffd4ed0000 - 0x00007fffd50c8000 	C:\WINDOWS\SYSTEM32\ntdll.dll
0x00007fffd33c0000 - 0x00007fffd3482000 	C:\WINDOWS\System32\KERNEL32.DLL
0x00007fffd2b60000 - 0x00007fffd2e5e000 	C:\WINDOWS\System32\KERNELBASE.dll
0x00007fffd2710000 - 0x00007fffd2810000 	C:\WINDOWS\System32\ucrtbase.dll
0x00007fffce510000 - 0x00007fffce527000 	C:\Users\omnia\.jdks\openjdk-22.0.2\bin\jli.dll
0x00007fffcc890000 - 0x00007fffcc8ab000 	C:\Users\omnia\.jdks\openjdk-22.0.2\bin\VCRUNTIME140.dll
0x00007fffd34c0000 - 0x00007fffd365d000 	C:\WINDOWS\System32\USER32.dll
0x00007fffd2a90000 - 0x00007fffd2ab2000 	C:\WINDOWS\System32\win32u.dll
0x00007fffd4d40000 - 0x00007fffd4d6b000 	C:\WINDOWS\System32\GDI32.dll
0x00007fffd2570000 - 0x00007fffd2687000 	C:\WINDOWS\System32\gdi32full.dll
0x00007fffbf9f0000 - 0x00007fffbfc8a000 	C:\WINDOWS\WinSxS\amd64_microsoft.windows.common-controls_6595b64144ccf1df_6.0.19041.4355_none_60b8b9eb71f62e16\COMCTL32.dll
0x00007fffd2ac0000 - 0x00007fffd2b5d000 	C:\WINDOWS\System32\msvcp_win.dll
0x00007fffd3960000 - 0x00007fffd39fe000 	C:\WINDOWS\System32\msvcrt.dll
0x00007fffd3490000 - 0x00007fffd34bf000 	C:\WINDOWS\System32\IMM32.DLL
0x00007fffce720000 - 0x00007fffce72c000 	C:\Users\omnia\.jdks\openjdk-22.0.2\bin\vcruntime140_1.dll
0x00007fffb2ff0000 - 0x00007fffb307e000 	C:\Users\omnia\.jdks\openjdk-22.0.2\bin\msvcp140.dll
0x00007fff9d5a0000 - 0x00007fff9e2e9000 	C:\Users\omnia\.jdks\openjdk-22.0.2\bin\server\jvm.dll
0x00007fffd3000000 - 0x00007fffd30b2000 	C:\WINDOWS\System32\ADVAPI32.dll
0x00007fffd30c0000 - 0x00007fffd3160000 	C:\WINDOWS\System32\sechost.dll
0x00007fffd4600000 - 0x00007fffd4723000 	C:\WINDOWS\System32\RPCRT4.dll
0x00007fffd26e0000 - 0x00007fffd2707000 	C:\WINDOWS\System32\bcrypt.dll
0x00007fffd3350000 - 0x00007fffd33bb000 	C:\WINDOWS\System32\WS2_32.dll
0x00007fffd1b00000 - 0x00007fffd1b4b000 	C:\WINDOWS\SYSTEM32\POWRPROF.dll
0x00007fffc74c0000 - 0x00007fffc74e7000 	C:\WINDOWS\SYSTEM32\WINMM.dll
0x00007fffcb920000 - 0x00007fffcb92a000 	C:\WINDOWS\SYSTEM32\VERSION.dll
0x00007fffd1970000 - 0x00007fffd1982000 	C:\WINDOWS\SYSTEM32\UMPDC.dll
0x00007fffd0d90000 - 0x00007fffd0da2000 	C:\WINDOWS\SYSTEM32\kernel.appcore.dll
0x00007fffce580000 - 0x00007fffce58a000 	C:\Users\omnia\.jdks\openjdk-22.0.2\bin\jimage.dll
0x00007fffd02d0000 - 0x00007fffd04b4000 	C:\WINDOWS\SYSTEM32\DBGHELP.DLL
0x00007fffcabe0000 - 0x00007fffcac14000 	C:\WINDOWS\SYSTEM32\dbgcore.DLL
0x00007fffd2e60000 - 0x00007fffd2ee2000 	C:\WINDOWS\System32\bcryptPrimitives.dll
0x00007fffce7e0000 - 0x00007fffce7ef000 	C:\Users\omnia\.jdks\openjdk-22.0.2\bin\instrument.dll
0x00007fffcbef0000 - 0x00007fffcbf0e000 	C:\Users\omnia\.jdks\openjdk-22.0.2\bin\java.dll
0x00007fffd3b30000 - 0x00007fffd429f000 	C:\WINDOWS\System32\SHELL32.dll
0x00007fffd3a00000 - 0x00007fffd3b2b000 	C:\WINDOWS\System32\ole32.dll
0x00007fffd42a0000 - 0x00007fffd45f3000 	C:\WINDOWS\System32\combase.dll
0x00007fffd05d0000 - 0x00007fffd0d74000 	C:\WINDOWS\SYSTEM32\windows.storage.dll
0x00007fffd1fa0000 - 0x00007fffd1fce000 	C:\WINDOWS\SYSTEM32\Wldp.dll
0x00007fffd3280000 - 0x00007fffd334d000 	C:\WINDOWS\System32\OLEAUT32.dll
0x00007fffd4bb0000 - 0x00007fffd4c5d000 	C:\WINDOWS\System32\SHCORE.dll
0x00007fffd3880000 - 0x00007fffd38d5000 	C:\WINDOWS\System32\shlwapi.dll
0x00007fffd24a0000 - 0x00007fffd24c4000 	C:\WINDOWS\SYSTEM32\profapi.dll
0x00007fffa6890000 - 0x00007fffa6967000 	C:\Users\omnia\.jdks\openjdk-22.0.2\bin\jsvml.dll
0x00007fffc4150000 - 0x00007fffc4167000 	C:\Users\omnia\.jdks\openjdk-22.0.2\bin\zip.dll
0x00007fffcc010000 - 0x00007fffcc020000 	C:\Users\omnia\.jdks\openjdk-22.0.2\bin\net.dll
0x00007fffd1d00000 - 0x00007fffd1d6a000 	C:\WINDOWS\system32\mswsock.dll
0x00007fffc90e0000 - 0x00007fffc90f6000 	C:\Users\omnia\.jdks\openjdk-22.0.2\bin\nio.dll
0x00007fffcbfd0000 - 0x00007fffcbfea000 	C:\Program Files\JetBrains\IntelliJ IDEA Community Edition 2024.2.1\bin\breakgen64.dll
0x00007fffcbfa0000 - 0x00007fffcbfa9000 	C:\Users\omnia\.jdks\openjdk-22.0.2\bin\extnet.dll
0x00007fffcbfb0000 - 0x00007fffcbfc0000 	C:\Users\omnia\.jdks\openjdk-22.0.2\bin\verify.dll
0x00007fffd1f00000 - 0x00007fffd1f18000 	C:\WINDOWS\SYSTEM32\CRYPTSP.dll
0x00007fffd15b0000 - 0x00007fffd15e4000 	C:\WINDOWS\system32\rsaenh.dll
0x00007fffd2460000 - 0x00007fffd248e000 	C:\WINDOWS\SYSTEM32\USERENV.dll
0x00007fffd1ef0000 - 0x00007fffd1efc000 	C:\WINDOWS\SYSTEM32\CRYPTBASE.dll
0x00007fffd1990000 - 0x00007fffd19cb000 	C:\WINDOWS\SYSTEM32\IPHLPAPI.DLL
0x00007fffd4730000 - 0x00007fffd4738000 	C:\WINDOWS\System32\NSI.dll
0x00007fffd19d0000 - 0x00007fffd1a9a000 	C:\WINDOWS\SYSTEM32\DNSAPI.dll
0x00007fffc84b0000 - 0x00007fffc84ba000 	C:\Windows\System32\rasadhlp.dll
0x00007fffc84e0000 - 0x00007fffc8560000 	C:\WINDOWS\System32\fwpuclnt.dll
0x00007fffc40d0000 - 0x00007fffc40de000 	C:\Users\omnia\.jdks\openjdk-22.0.2\bin\sunmscapi.dll
0x00007fffd2810000 - 0x00007fffd296c000 	C:\WINDOWS\System32\CRYPT32.dll
0x00007fffd2010000 - 0x00007fffd2037000 	C:\WINDOWS\SYSTEM32\ncrypt.dll
0x00007fffd1fd0000 - 0x00007fffd200b000 	C:\WINDOWS\SYSTEM32\NTASN1.dll
0x00007fffcbee0000 - 0x00007fffcbee7000 	C:\WINDOWS\system32\wshunix.dll

dbghelp: loaded successfully - version: 4.0.5 - missing functions: none
symbol engine: initialized successfully - sym options: 0x614 - pdb path: .;C:\Users\omnia\.jdks\openjdk-22.0.2\bin;C:\WINDOWS\SYSTEM32;C:\WINDOWS\WinSxS\amd64_microsoft.windows.common-controls_6595b64144ccf1df_6.0.19041.4355_none_60b8b9eb71f62e16;C:\Users\omnia\.jdks\openjdk-22.0.2\bin\server;C:\Program Files\JetBrains\IntelliJ IDEA Community Edition 2024.2.1\bin

VM Arguments:
jvm_args: -ea -Didea.test.cyclic.buffer.size=1048576 -javaagent:C:\Program Files\JetBrains\IntelliJ IDEA Community Edition 2024.2.1\lib\idea_rt.jar=65029:C:\Program Files\JetBrains\IntelliJ IDEA Community Edition 2024.2.1\bin -Dfile.encoding=UTF-8 -Dsun.stdout.encoding=UTF-8 -Dsun.stderr.encoding=UTF-8 
java_command: com.intellij.rt.testng.RemoteTestNGStarter -usedefaultlisteners false -socket65028 @w@C:\Users\omnia\AppData\Local\Temp\idea_working_dirs_testng.tmp -temp C:\Users\omnia\AppData\Local\Temp\idea_testng.tmp
java_class_path (initial): C:\Program Files\JetBrains\IntelliJ IDEA Community Edition 2024.2.1\lib\idea_rt.jar;C:\Program Files\JetBrains\IntelliJ IDEA Community Edition 2024.2.1\plugins\testng\lib\testng-rt.jar;C:\Users\omnia\IdeaProjects\LUMA\target\test-classes;C:\Users\omnia\IdeaProjects\LUMA\target\classes;C:\Users\omnia\.m2\repository\org\seleniumhq\selenium\selenium-java\4.24.0\selenium-java-4.24.0.jar;C:\Users\omnia\.m2\repository\org\seleniumhq\selenium\selenium-api\4.24.0\selenium-api-4.24.0.jar;C:\Users\omnia\.m2\repository\org\jspecify\jspecify\1.0.0\jspecify-1.0.0.jar;C:\Users\omnia\.m2\repository\org\seleniumhq\selenium\selenium-chrome-driver\4.24.0\selenium-chrome-driver-4.24.0.jar;C:\Users\omnia\.m2\repository\com\google\auto\service\auto-service-annotations\1.1.1\auto-service-annotations-1.1.1.jar;C:\Users\omnia\.m2\repository\org\seleniumhq\selenium\selenium-chromium-driver\4.24.0\selenium-chromium-driver-4.24.0.jar;C:\Users\omnia\.m2\repository\org\seleniumhq\selenium\selenium-json\4.24.0\selenium-json-4.24.0.jar;C:\Users\omnia\.m2\repository\org\seleniumhq\selenium\selenium-manager\4.24.0\selenium-manager-4.24.0.jar;C:\Users\omnia\.m2\repository\org\seleniumhq\selenium\selenium-devtools-v126\4.24.0\selenium-devtools-v126-4.24.0.jar;C:\Users\omnia\.m2\repository\org\seleniumhq\selenium\selenium-devtools-v127\4.24.0\selenium-devtools-v127-4.24.0.jar;C:\Users\omnia\.m2\repository\org\seleniumhq\selenium\selenium-devtools-v128\4.24.0\selenium-devtools-v128-4.24.0.jar;C:\Users\omnia\.m2\repository\org\seleniumhq\selenium\selenium-devtools-v85\4.24.0\selenium-devtools-v85-4.24.0.jar;C:\Users\omnia\.m2\repository\org\seleniumhq\selenium\selenium-edge-driver\4.24.0\selenium-edge-driver-4.24.0.jar;C:\Users\omnia\.m2\repository\org\seleniumhq\selenium\selenium-firefox-driver\4.24.0\selenium-firefox-driver-4.24.0.jar;C:\Users\omnia\.m2\repository\org\seleniumhq\selenium\selenium-http\4.24.0\selenium-http-4.24.0.jar;C:\Users\omnia\.m2\repository\dev\failsafe\failsafe\3.3.2\failsafe-3.3.2.jar;C:\Users\omnia\.m2\repository\org\seleniumhq\selenium\selenium-ie-driver\4.24.0\selenium-ie-driver-4.24.0.jar;C:\Users\omnia\.m2\repository\org\seleniumhq\selenium\selenium-remote-driver\4.24.0\selenium-remote-driver-4.24.0.jar;C:\Users\omnia\.m2\repository\com\google\guava\guava\33.3.0-jre\guava-33.3.0-jre.jar;C:\Users\omnia\.m2\repository\com\google\guava\failureaccess\1.0.2\failureaccess-1.0.2.jar;C:\Users\omnia\.m2\repository\com\google\guava\listenablefuture\9999.0-empty-to-avoid-conflict-with-guava\listenablefuture-9999.0-empty-to-avoid-conflict-with-guava.jar;C:\Users\omnia\.m2\repository\org\checkerframework\checker-qual\3.43.0\checker-qual-3.43.0.jar;C:\Users\omnia\.m2\repository\com\google\errorprone\error_prone_annotations\2.28.0\error_prone_annotations-2.28.0.jar;C:\Users\omnia\.m2\repository\com\google\j2objc\j2objc-annotations\3.0.0\j2objc-annotations-3.0.0.jar;C:\Users\omnia\.m2\repository\io\opentelemetry\semconv\opentelemetry-semconv\1.25.0-alpha\opentelemetry-semconv-1.25.0-alpha.jar;C:\Users\omnia\.m2\repository\io\opentelemetry\opentelemetry-api\1.41.0\opentelemetry-api-1.41.0.jar;C:\Users\omnia\.m2\repository\io\opentelemetry\opentelemetry-context\1.41.0\opentelemetry-context-1.41.0.jar;C:\Users\omnia\.m2\repository\io\opentelemetry\opentelemetry-exporter-logging\1.41.0\opentelemetry-exporter-logging-1.41.0.jar;C:\Users\omnia\.m2\repository\io\opentelemetry\opentelemetry-sdk-common\1.41.0\opentelemetry-sdk-common-1.41.0.jar;C:\Users\omnia\.m2\repository\io\opentelemetry\opentelemetry-sdk-extension-autoconfigure-spi\1.41.0\opentelemetry-sdk-extension-autoconfigure-spi-1.41.0.jar;C:\Users\omnia\.m2\repository\io\opentelemetry\opentelemetry-sdk-extension-autoconfigure\1.41.0\opentelemetry-sdk-extension-autoconfigure-1.41.0.jar;C:\Users\omnia\.m2\repository\io\opentelemetry\opentelemetry-api-incubator\1.41.0-alpha\opentelemetry-api-incubator-1.41.0-alpha.jar;C:\Users\omnia\.m2\repository\io\opentelemetry\opentelemetry-sdk-trace\1.41.0\opentelemetry-sdk-trace-1.41.0.jar;C:\Users\omnia\.m2\repository\io\opentelemetry\opentelemetry-sdk\1.41.0\opentelemetry-sdk-1.41.0.jar;C:\Users\omnia\.m2\repository\io\opentelemetry\opentelemetry-sdk-metrics\1.41.0\opentelemetry-sdk-metrics-1.41.0.jar;C:\Users\omnia\.m2\repository\io\opentelemetry\opentelemetry-sdk-logs\1.41.0\opentelemetry-sdk-logs-1.41.0.jar;C:\Users\omnia\.m2\repository\net\bytebuddy\byte-buddy\1.15.0\byte-buddy-1.15.0.jar;C:\Users\omnia\.m2\repository\org\seleniumhq\selenium\selenium-os\4.24.0\selenium-os-4.24.0.jar;C:\Users\omnia\.m2\repository\org\apache\commons\commons-exec\1.4.0\commons-exec-1.4.0.jar;C:\Users\omnia\.m2\repository\org\seleniumhq\selenium\selenium-safari-driver\4.24.0\selenium-safari-driver-4.24.0.jar;C:\Users\omnia\.m2\repository\org\seleniumhq\selenium\selenium-support\4.24.0\selenium-support-4.24.0.jar;C:\Users\omnia\.m2\repository\org\testng\testng\7.5\testng-7.5.jar;C:\Users\omnia\.m2\repository\com\google\code\findbugs\jsr305\3.0.1\jsr305-3.0.1.jar;C:\Users\omnia\.m2\repository\org\slf4j\slf4j-api\1.7.32\slf4j-api-1.7.32.jar;C:\Users\omnia\.m2\repository\com\beust\jcommander\1.78\jcommander-1.78.jar;C:\Users\omnia\.m2\repository\org\webjars\jquery\3.5.1\jquery-3.5.1.jar;C:\Users\omnia\.m2\repository\io\qameta\allure\allure-junit4\2.29.0\allure-junit4-2.29.0.jar;C:\Users\omnia\.m2\repository\io\qameta\allure\allure-java-commons\2.29.0\allure-java-commons-2.29.0.jar;C:\Users\omnia\.m2\repository\io\qameta\allure\allure-model\2.29.0\allure-model-2.29.0.jar;C:\Users\omnia\.m2\repository\io\qameta\allure\allure-test-filter\2.29.0\allure-test-filter-2.29.0.jar
Launcher Type: SUN_STANDARD

[Global flags]
     intx CICompilerCount                          = 4                                         {product} {ergonomic}
     uint ConcGCThreads                            = 2                                         {product} {ergonomic}
     uint G1ConcRefinementThreads                  = 8                                         {product} {ergonomic}
   size_t G1HeapRegionSize                         = 1048576                                   {product} {ergonomic}
   size_t InitialHeapSize                          = 134217728                                 {product} {ergonomic}
   size_t MarkStackSize                            = 4194304                                   {product} {ergonomic}
   size_t MaxHeapSize                              = 2124414976                                {product} {ergonomic}
   size_t MaxNewSize                               = 1274019840                                {product} {ergonomic}
   size_t MinHeapDeltaBytes                        = 1048576                                   {product} {ergonomic}
   size_t MinHeapSize                              = 8388608                                   {product} {ergonomic}
    uintx NonNMethodCodeHeapSize                   = 5839372                                {pd product} {ergonomic}
    uintx NonProfiledCodeHeapSize                  = 122909434                              {pd product} {ergonomic}
    uintx ProfiledCodeHeapSize                     = 122909434                              {pd product} {ergonomic}
    uintx ReservedCodeCacheSize                    = 251658240                              {pd product} {ergonomic}
     bool SegmentedCodeCache                       = true                                      {product} {ergonomic}
   size_t SoftMaxHeapSize                          = 2124414976                             {manageable} {ergonomic}
     bool UseCompressedOops                        = true                           {product lp64_product} {ergonomic}
     bool UseG1GC                                  = true                                      {product} {ergonomic}
     bool UseLargePagesIndividualAllocation        = false                                  {pd product} {ergonomic}

Logging:
Log output configuration:
 #0: stdout all=warning uptime,level,tags foldmultilines=false
 #1: stderr all=off uptime,level,tags foldmultilines=false

Environment Variables:
PATH=C:\Program Files\Common Files\Oracle\Java\javapath;C:\Python312\Scripts\;C:\Python312\;C:\WINDOWS\system32;C:\WINDOWS;C:\WINDOWS\System32\Wbem;C:\WINDOWS\System32\WindowsPowerShell\v1.0\;C:\WINDOWS\System32\OpenSSH\;C:\ProgramData\chocolatey\bin;C:\Users\omnia\.jdks\openjdk-22.0.2\bin;C:\Program Files\nodejs\;C:\Users\omnia\AppData\Local\Microsoft\WindowsApps;C:\path _programs;;C:\Program Files\JetBrains\IntelliJ IDEA Community Edition 2024.2.1\bin;;C:\Users\omnia\AppData\Roaming\npm
USERNAME=omnia
OS=Windows_NT
PROCESSOR_IDENTIFIER=Intel64 Family 6 Model 158 Stepping 13, GenuineIntel
TMP=C:\Users\omnia\AppData\Local\Temp
TEMP=C:\Users\omnia\AppData\Local\Temp




Periodic native trim disabled

---------------  S Y S T E M  ---------------

OS:
 Windows 10 , 64 bit Build 19041 (10.0.19041.4957)
OS uptime: 5 days 20:22 hours

CPU: total 8 (initial active 8) (4 cores per cpu, 2 threads per core) family 6 model 158 stepping 13 microcode 0xec, cx8, cmov, fxsr, ht, mmx, 3dnowpref, sse, sse2, sse3, ssse3, sse4.1, sse4.2, popcnt, lzcnt, tsc, tscinvbit, avx, avx2, aes, erms, clmul, bmi1, bmi2, adx, fma, vzeroupper, clflush, clflushopt, rdtscp, f16c
Processor Information for all 8 processors :
  Max Mhz: 2400, Current Mhz: 2400, Mhz Limit: 2400

Memory: 4k page, system-wide physical 8103M (753M free)
TotalPageFile size 19370M (AvailPageFile size 18M)
current process WorkingSet (physical memory assigned to process): 117M, peak: 119M
current process commit charge ("private bytes"): 256M, peak: 259M

vm_info: OpenJDK 64-Bit Server VM (22.0.2+9-70) for windows-amd64 JRE (22.0.2+9-70), built on 2024-06-04T16:52:23Z by "mach5one" with MS VC++ 17.6 (VS2022)

END.
