#
# There is insufficient memory for the Java Runtime Environment to continue.
# Native memory allocation (malloc) failed to allocate 1044816 bytes. Error detail: Chunk::new
# Possible reasons:
#   The system is out of physical RAM or swap space
#   This process is running with CompressedOops enabled, and the Java Heap may be blocking the growth of the native heap
# Possible solutions:
#   Reduce memory load on the system
#   Increase physical memory or swap space
#   Check if swap backing store is full
#   Decrease Java heap size (-Xmx/-Xms)
#   Decrease number of Java threads
#   Decrease Java thread stack sizes (-Xss)
#   Set larger code cache with -XX:ReservedCodeCacheSize=
#   JVM is running with Unscaled Compressed Oops mode in which the Java heap is
#     placed in the first 4GB address space. The Java Heap base address is the
#     maximum limit for the native heap growth. Please use -XX:HeapBaseMinAddress
#     to set the Java Heap base and to place the Java Heap above 4GB virtual address.
# This output file may be truncated or incomplete.
#
#  Out of Memory Error (arena.cpp:150), pid=22692, tid=20184
#
# JRE version: OpenJDK Runtime Environment (22.0.2+9) (build 22.0.2+9-70)
# Java VM: OpenJDK 64-Bit Server VM (22.0.2+9-70, mixed mode, sharing, tiered, compressed oops, compressed class ptrs, g1 gc, windows-amd64)
# No core dump will be written. Minidumps are not enabled by default on client versions of Windows
#

---------------  S U M M A R Y ------------

Command Line: -ea -Didea.test.cyclic.buffer.size=1048576 -javaagent:C:\Program Files\JetBrains\IntelliJ IDEA Community Edition 2024.2.1\lib\idea_rt.jar=58973:C:\Program Files\JetBrains\IntelliJ IDEA Community Edition 2024.2.1\bin -Dfile.encoding=UTF-8 -Dsun.stdout.encoding=UTF-8 -Dsun.stderr.encoding=UTF-8 com.intellij.rt.testng.RemoteTestNGStarter -usedefaultlisteners false -socket58972 @w@C:\Users\omnia\AppData\Local\Temp\idea_working_dirs_testng.tmp -temp C:\Users\omnia\AppData\Local\Temp\idea_testng.tmp

Host: Intel(R) Core(TM) i5-9300HF CPU @ 2.40GHz, 8 cores, 7G,  Windows 10 , 64 bit Build 19041 (10.0.19041.4957)
Time: Thu Oct 24 15:40:03 2024 Egypt Daylight Time elapsed time: 3.984619 seconds (0d 0h 0m 3s)

---------------  T H R E A D  ---------------

Current thread (0x000002bf3440eb50):  JavaThread "C2 CompilerThread0" daemon [_thread_in_native, id=20184, stack(0x000000ec9b100000,0x000000ec9b200000) (1024K)]


Current CompileTask:
C2:3984 1919       4       java.lang.invoke.MethodType::makeImpl (109 bytes)

Stack: [0x000000ec9b100000,0x000000ec9b200000]
Native frames: (J=compiled Java code, j=interpreted, Vv=VM code, C=native code)
V  [jvm.dll+0x6e26e9]  (no source info available)
V  [jvm.dll+0x875753]  (no source info available)
V  [jvm.dll+0x877b7e]  (no source info available)
V  [jvm.dll+0x878253]  (no source info available)
V  [jvm.dll+0x27fc86]  (no source info available)
V  [jvm.dll+0xc3d0f]  (no source info available)
V  [jvm.dll+0xc3f6b]  (no source info available)
V  [jvm.dll+0x2f3c7f]  (no source info available)
V  [jvm.dll+0x60c0fa]  (no source info available)
V  [jvm.dll+0x250c92]  (no source info available)
V  [jvm.dll+0x24937c]  (no source info available)
V  [jvm.dll+0x246da6]  (no source info available)
V  [jvm.dll+0x1c4e80]  (no source info available)
V  [jvm.dll+0x2568f3]  (no source info available)
V  [jvm.dll+0x254baa]  (no source info available)
V  [jvm.dll+0x3f57a6]  (no source info available)
V  [jvm.dll+0x81dc0b]  (no source info available)
V  [jvm.dll+0x6e0d85]  (no source info available)
C  [ucrtbase.dll+0x21bb2]  (no source info available)
C  [KERNEL32.DLL+0x17374]  (no source info available)
C  [ntdll.dll+0x4cc91]  (no source info available)


---------------  P R O C E S S  ---------------

Threads class SMR info:
_java_thread_list=0x000002bf34765f80, length=28, elements={
0x000002bf15ba7de0, 0x000002bf343ffef0, 0x000002bf34401b60, 0x000002bf34408890,
0x000002bf344094a0, 0x000002bf3440a0b0, 0x000002bf3440ab10, 0x000002bf3440eb50,
0x000002bf344160b0, 0x000002bf343cebb0, 0x000002bf346eb3e0, 0x000002bf3473d400,
0x000002bf7a7b3f50, 0x000002bf7a972b10, 0x000002bf7a971490, 0x000002bf7a93a0e0,
0x000002bf7a93a750, 0x000002bf7a96e940, 0x000002bf7aa4dcb0, 0x000002bf7aa4cf90,
0x000002bf7aa4d620, 0x000002bf7aa4e340, 0x000002bf7aab0600, 0x000002bf7b37b860,
0x000002bf7b37ab40, 0x000002bf7b37b1d0, 0x000002bf7b37fa00, 0x000002bf7b6c28d0
}

Java Threads: ( => current thread )
  0x000002bf15ba7de0 JavaThread "Forwarding get on session 7f15294294f716d9d4478fa85e4c619b to remote"        [_thread_blocked, id=17780, stack(0x000000ec9a300000,0x000000ec9a400000) (1024K)]
  0x000002bf343ffef0 JavaThread "Reference Handler"          daemon [_thread_blocked, id=4924, stack(0x000000ec9ab00000,0x000000ec9ac00000) (1024K)]
  0x000002bf34401b60 JavaThread "Finalizer"                  daemon [_thread_blocked, id=22952, stack(0x000000ec9ac00000,0x000000ec9ad00000) (1024K)]
  0x000002bf34408890 JavaThread "Signal Dispatcher"          daemon [_thread_blocked, id=9884, stack(0x000000ec9ad00000,0x000000ec9ae00000) (1024K)]
  0x000002bf344094a0 JavaThread "Attach Listener"            daemon [_thread_blocked, id=14812, stack(0x000000ec9ae00000,0x000000ec9af00000) (1024K)]
  0x000002bf3440a0b0 JavaThread "Service Thread"             daemon [_thread_blocked, id=21028, stack(0x000000ec9af00000,0x000000ec9b000000) (1024K)]
  0x000002bf3440ab10 JavaThread "Monitor Deflation Thread"   daemon [_thread_blocked, id=20348, stack(0x000000ec9b000000,0x000000ec9b100000) (1024K)]
=>0x000002bf3440eb50 JavaThread "C2 CompilerThread0"         daemon [_thread_in_native, id=20184, stack(0x000000ec9b100000,0x000000ec9b200000) (1024K)]
  0x000002bf344160b0 JavaThread "C1 CompilerThread0"         daemon [_thread_blocked, id=11560, stack(0x000000ec9b200000,0x000000ec9b300000) (1024K)]
  0x000002bf343cebb0 JavaThread "Common-Cleaner"             daemon [_thread_blocked, id=11252, stack(0x000000ec9b300000,0x000000ec9b400000) (1024K)]
  0x000002bf346eb3e0 JavaThread "Monitor Ctrl-Break"         daemon [_thread_in_native, id=19864, stack(0x000000ec9b400000,0x000000ec9b500000) (1024K)]
  0x000002bf3473d400 JavaThread "Notification Thread"        daemon [_thread_blocked, id=22684, stack(0x000000ec9b500000,0x000000ec9b600000) (1024K)]
  0x000002bf7a7b3f50 JavaThread "ForkJoinPool.commonPool-worker-1" daemon [_thread_blocked, id=20884, stack(0x000000ec9b600000,0x000000ec9b700000) (1024K)]
  0x000002bf7a972b10 JavaThread "HttpClient-1-SelectorManager" daemon [_thread_in_native, id=21932, stack(0x000000ec9be00000,0x000000ec9bf00000) (1024K)]
  0x000002bf7a971490 JavaThread "External Process Output Forwarder - C:\Users\omnia\.cache\selenium\chromedriver\win64\124.0.6367.207\chromedriver.exe" daemon [_thread_in_native, id=7660, stack(0x000000ec9bf00000,0x000000ec9c000000) (1024K)]
  0x000002bf7a93a0e0 JavaThread "Driver Service Executor"    daemon [_thread_blocked, id=4580, stack(0x000000ec9c000000,0x000000ec9c100000) (1024K)]
  0x000002bf7a93a750 JavaThread "Driver Service Executor"    daemon [_thread_in_native, id=22656, stack(0x000000ec9c100000,0x000000ec9c200000) (1024K)]
  0x000002bf7a96e940 JavaThread "UrlChecker-2"               daemon [_thread_blocked, id=2052, stack(0x000000ec9c200000,0x000000ec9c300000) (1024K)]
  0x000002bf7aa4dcb0 JavaThread "Keep-Alive-Timer"           daemon [_thread_blocked, id=23024, stack(0x000000ec9c400000,0x000000ec9c500000) (1024K)]
  0x000002bf7aa4cf90 JavaThread "JdkHttpClient-0-0"          daemon [_thread_blocked, id=23376, stack(0x000000ec9c500000,0x000000ec9c600000) (1024K)]
  0x000002bf7aa4d620 JavaThread "JdkHttpClient-0-1"          daemon [_thread_blocked, id=11016, stack(0x000000ec9c600000,0x000000ec9c700000) (1024K)]
  0x000002bf7aa4e340 JavaThread "JdkHttpClient-0-2"          daemon [_thread_blocked, id=22936, stack(0x000000ec9c700000,0x000000ec9c800000) (1024K)]
  0x000002bf7aab0600 JavaThread "C2 CompilerThread1"         daemon [_thread_in_native, id=19152, stack(0x000000ec9c800000,0x000000ec9c900000) (1024K)]
  0x000002bf7b37b860 JavaThread "HttpClient-2-SelectorManager" daemon [_thread_in_native, id=19020, stack(0x000000ec9c900000,0x000000ec9ca00000) (1024K)]
  0x000002bf7b37ab40 JavaThread "JdkHttpClient-1-0"          daemon [_thread_blocked, id=22612, stack(0x000000ec9ca00000,0x000000ec9cb00000) (1024K)]
  0x000002bf7b37b1d0 JavaThread "JdkHttpClient-1-1"          daemon [_thread_blocked, id=17456, stack(0x000000ec9cb00000,0x000000ec9cc00000) (1024K)]
  0x000002bf7b37fa00 JavaThread "JdkHttpClient-1-2"          daemon [_thread_blocked, id=21124, stack(0x000000ec9cc00000,0x000000ec9cd00000) (1024K)]
  0x000002bf7b6c28d0 JavaThread "C2 CompilerThread2"         daemon [_thread_blocked, id=20704, stack(0x000000ec9cd00000,0x000000ec9ce00000) (1024K)]
Total: 28

Other Threads:
  0x000002bf343e70e0 VMThread "VM Thread"                           [id=2460, stack(0x000000ec9aa00000,0x000000ec9ab00000) (1024K)]
  0x000002bf343cdf00 WatcherThread "VM Periodic Task Thread"        [id=23440, stack(0x000000ec9a900000,0x000000ec9aa00000) (1024K)]
  0x000002bf15c007e0 WorkerThread "GC Thread#0"                     [id=800, stack(0x000000ec9a400000,0x000000ec9a500000) (1024K)]
  0x000002bf7a7e22d0 WorkerThread "GC Thread#1"                     [id=2312, stack(0x000000ec9b700000,0x000000ec9b800000) (1024K)]
  0x000002bf7a7e2680 WorkerThread "GC Thread#2"                     [id=9224, stack(0x000000ec9b800000,0x000000ec9b900000) (1024K)]
  0x000002bf7a94d780 WorkerThread "GC Thread#3"                     [id=8344, stack(0x000000ec9b900000,0x000000ec9ba00000) (1024K)]
  0x000002bf7a94ef50 WorkerThread "GC Thread#4"                     [id=20852, stack(0x000000ec9ba00000,0x000000ec9bb00000) (1024K)]
  0x000002bf7a94fb10 WorkerThread "GC Thread#5"                     [id=10072, stack(0x000000ec9bb00000,0x000000ec9bc00000) (1024K)]
  0x000002bf7a950ed0 WorkerThread "GC Thread#6"                     [id=424, stack(0x000000ec9bc00000,0x000000ec9bd00000) (1024K)]
  0x000002bf7a95dab0 WorkerThread "GC Thread#7"                     [id=22572, stack(0x000000ec9bd00000,0x000000ec9be00000) (1024K)]
  0x000002bf15c115d0 ConcurrentGCThread "G1 Main Marker"            [id=19348, stack(0x000000ec9a500000,0x000000ec9a600000) (1024K)]
  0x000002bf15c12790 WorkerThread "G1 Conc#0"                       [id=20096, stack(0x000000ec9a600000,0x000000ec9a700000) (1024K)]
  0x000002bf3428f140 ConcurrentGCThread "G1 Refine#0"               [id=23416, stack(0x000000ec9a700000,0x000000ec9a800000) (1024K)]
  0x000002bf34290be0 ConcurrentGCThread "G1 Service"                [id=15392, stack(0x000000ec9a800000,0x000000ec9a900000) (1024K)]
Total: 14

Threads with active compile tasks:
C2 CompilerThread0  4092 1919       4       java.lang.invoke.MethodType::makeImpl (109 bytes)
C2 CompilerThread1  4092 1964       4       java.lang.invoke.MethodType::methodType (69 bytes)
Total: 2

VM state: not at safepoint (normal execution)

VM Mutex/Monitor currently owned by a thread: None

Heap address: 0x0000000081600000, size: 2026 MB, Compressed Oops mode: 32-bit

CDS archive(s) mapped at: [0x000002bf35000000-0x000002bf35c60000-0x000002bf35c60000), size 12976128, SharedBaseAddress: 0x000002bf35000000, ArchiveRelocationMode: 1.
Compressed class space mapped at: 0x000002bf36000000-0x000002bf76000000, reserved size: 1073741824
Narrow klass base: 0x000002bf35000000, Narrow klass shift: 0, Narrow klass range: 0x41000000

GC Precious Log:
 CardTable entry size: 512
 Card Set container configuration: InlinePtr #cards 5 size 8 Array Of Cards #cards 12 size 40 Howl #buckets 4 coarsen threshold 1843 Howl Bitmap #cards 512 size 80 coarsen threshold 460 Card regions per heap region 1 cards per card region 2048
 CPUs: 8 total, 8 available
 Memory: 8103M
 Large Page Support: Disabled
 NUMA Support: Disabled
 Compressed Oops: Enabled (32-bit)
 Heap Region Size: 1M
 Heap Min Capacity: 8M
 Heap Initial Capacity: 128M
 Heap Max Capacity: 2026M
 Pre-touch: Disabled
 Parallel Workers: 8
 Concurrent Workers: 2
 Concurrent Refinement Workers: 8
 Periodic GC: Disabled

Heap:
 garbage-first heap   total reserved 2074624K, committed 131072K, used 19925K [0x0000000081600000, 0x0000000100000000)
  region size 1024K, 19 young (19456K), 3 survivors (3072K)
 Metaspace       used 15570K, committed 15936K, reserved 1114112K
  class space    used 1932K, committed 2112K, reserved 1048576K

Heap Regions: E=young(eden), S=young(survivor), O=old, HS=humongous(starts), HC=humongous(continues), CS=collection set, F=free, TAMS=top-at-mark-start, PB=parsable bottom
|   0|0x0000000081600000, 0x0000000081700000, 0x0000000081700000|100%| O|  |TAMS 0x0000000081600000| PB 0x0000000081600000| Untracked |  0
|   1|0x0000000081700000, 0x0000000081800000, 0x0000000081800000|100%| O|  |TAMS 0x0000000081700000| PB 0x0000000081700000| Untracked |  0
|   2|0x0000000081800000, 0x00000000818754e0, 0x0000000081900000| 45%| O|  |TAMS 0x0000000081800000| PB 0x0000000081800000| Untracked |  0
|   3|0x0000000081900000, 0x0000000081900000, 0x0000000081a00000|  0%| F|  |TAMS 0x0000000081900000| PB 0x0000000081900000| Untracked |  0
|   4|0x0000000081a00000, 0x0000000081a00000, 0x0000000081b00000|  0%| F|  |TAMS 0x0000000081a00000| PB 0x0000000081a00000| Untracked |  0
|   5|0x0000000081b00000, 0x0000000081b00000, 0x0000000081c00000|  0%| F|  |TAMS 0x0000000081b00000| PB 0x0000000081b00000| Untracked |  0
|   6|0x0000000081c00000, 0x0000000081c00000, 0x0000000081d00000|  0%| F|  |TAMS 0x0000000081c00000| PB 0x0000000081c00000| Untracked |  0
|   7|0x0000000081d00000, 0x0000000081d00000, 0x0000000081e00000|  0%| F|  |TAMS 0x0000000081d00000| PB 0x0000000081d00000| Untracked |  0
|   8|0x0000000081e00000, 0x0000000081e00000, 0x0000000081f00000|  0%| F|  |TAMS 0x0000000081e00000| PB 0x0000000081e00000| Untracked |  0
|   9|0x0000000081f00000, 0x0000000081f00000, 0x0000000082000000|  0%| F|  |TAMS 0x0000000081f00000| PB 0x0000000081f00000| Untracked |  0
|  10|0x0000000082000000, 0x0000000082000000, 0x0000000082100000|  0%| F|  |TAMS 0x0000000082000000| PB 0x0000000082000000| Untracked |  0
|  11|0x0000000082100000, 0x0000000082100000, 0x0000000082200000|  0%| F|  |TAMS 0x0000000082100000| PB 0x0000000082100000| Untracked |  0
|  12|0x0000000082200000, 0x0000000082200000, 0x0000000082300000|  0%| F|  |TAMS 0x0000000082200000| PB 0x0000000082200000| Untracked |  0
|  13|0x0000000082300000, 0x0000000082300000, 0x0000000082400000|  0%| F|  |TAMS 0x0000000082300000| PB 0x0000000082300000| Untracked |  0
|  14|0x0000000082400000, 0x0000000082400000, 0x0000000082500000|  0%| F|  |TAMS 0x0000000082400000| PB 0x0000000082400000| Untracked |  0
|  15|0x0000000082500000, 0x0000000082500000, 0x0000000082600000|  0%| F|  |TAMS 0x0000000082500000| PB 0x0000000082500000| Untracked |  0
|  16|0x0000000082600000, 0x0000000082600000, 0x0000000082700000|  0%| F|  |TAMS 0x0000000082600000| PB 0x0000000082600000| Untracked |  0
|  17|0x0000000082700000, 0x0000000082700000, 0x0000000082800000|  0%| F|  |TAMS 0x0000000082700000| PB 0x0000000082700000| Untracked |  0
|  18|0x0000000082800000, 0x0000000082800000, 0x0000000082900000|  0%| F|  |TAMS 0x0000000082800000| PB 0x0000000082800000| Untracked |  0
|  19|0x0000000082900000, 0x0000000082900000, 0x0000000082a00000|  0%| F|  |TAMS 0x0000000082900000| PB 0x0000000082900000| Untracked |  0
|  20|0x0000000082a00000, 0x0000000082a00000, 0x0000000082b00000|  0%| F|  |TAMS 0x0000000082a00000| PB 0x0000000082a00000| Untracked |  0
|  21|0x0000000082b00000, 0x0000000082b00000, 0x0000000082c00000|  0%| F|  |TAMS 0x0000000082b00000| PB 0x0000000082b00000| Untracked |  0
|  22|0x0000000082c00000, 0x0000000082c00000, 0x0000000082d00000|  0%| F|  |TAMS 0x0000000082c00000| PB 0x0000000082c00000| Untracked |  0
|  23|0x0000000082d00000, 0x0000000082d00000, 0x0000000082e00000|  0%| F|  |TAMS 0x0000000082d00000| PB 0x0000000082d00000| Untracked |  0
|  24|0x0000000082e00000, 0x0000000082e00000, 0x0000000082f00000|  0%| F|  |TAMS 0x0000000082e00000| PB 0x0000000082e00000| Untracked |  0
|  25|0x0000000082f00000, 0x0000000082f00000, 0x0000000083000000|  0%| F|  |TAMS 0x0000000082f00000| PB 0x0000000082f00000| Untracked |  0
|  26|0x0000000083000000, 0x0000000083000000, 0x0000000083100000|  0%| F|  |TAMS 0x0000000083000000| PB 0x0000000083000000| Untracked |  0
|  27|0x0000000083100000, 0x0000000083100000, 0x0000000083200000|  0%| F|  |TAMS 0x0000000083100000| PB 0x0000000083100000| Untracked |  0
|  28|0x0000000083200000, 0x0000000083200000, 0x0000000083300000|  0%| F|  |TAMS 0x0000000083200000| PB 0x0000000083200000| Untracked |  0
|  29|0x0000000083300000, 0x0000000083300000, 0x0000000083400000|  0%| F|  |TAMS 0x0000000083300000| PB 0x0000000083300000| Untracked |  0
|  30|0x0000000083400000, 0x0000000083400000, 0x0000000083500000|  0%| F|  |TAMS 0x0000000083400000| PB 0x0000000083400000| Untracked |  0
|  31|0x0000000083500000, 0x0000000083500000, 0x0000000083600000|  0%| F|  |TAMS 0x0000000083500000| PB 0x0000000083500000| Untracked |  0
|  32|0x0000000083600000, 0x0000000083600000, 0x0000000083700000|  0%| F|  |TAMS 0x0000000083600000| PB 0x0000000083600000| Untracked |  0
|  33|0x0000000083700000, 0x0000000083700000, 0x0000000083800000|  0%| F|  |TAMS 0x0000000083700000| PB 0x0000000083700000| Untracked |  0
|  34|0x0000000083800000, 0x0000000083800000, 0x0000000083900000|  0%| F|  |TAMS 0x0000000083800000| PB 0x0000000083800000| Untracked |  0
|  35|0x0000000083900000, 0x0000000083900000, 0x0000000083a00000|  0%| F|  |TAMS 0x0000000083900000| PB 0x0000000083900000| Untracked |  0
|  36|0x0000000083a00000, 0x0000000083a00000, 0x0000000083b00000|  0%| F|  |TAMS 0x0000000083a00000| PB 0x0000000083a00000| Untracked |  0
|  37|0x0000000083b00000, 0x0000000083b00000, 0x0000000083c00000|  0%| F|  |TAMS 0x0000000083b00000| PB 0x0000000083b00000| Untracked |  0
|  38|0x0000000083c00000, 0x0000000083c00000, 0x0000000083d00000|  0%| F|  |TAMS 0x0000000083c00000| PB 0x0000000083c00000| Untracked |  0
|  39|0x0000000083d00000, 0x0000000083d00000, 0x0000000083e00000|  0%| F|  |TAMS 0x0000000083d00000| PB 0x0000000083d00000| Untracked |  0
|  40|0x0000000083e00000, 0x0000000083e00000, 0x0000000083f00000|  0%| F|  |TAMS 0x0000000083e00000| PB 0x0000000083e00000| Untracked |  0
|  41|0x0000000083f00000, 0x0000000083f00000, 0x0000000084000000|  0%| F|  |TAMS 0x0000000083f00000| PB 0x0000000083f00000| Untracked |  0
|  42|0x0000000084000000, 0x0000000084000000, 0x0000000084100000|  0%| F|  |TAMS 0x0000000084000000| PB 0x0000000084000000| Untracked |  0
|  43|0x0000000084100000, 0x0000000084100000, 0x0000000084200000|  0%| F|  |TAMS 0x0000000084100000| PB 0x0000000084100000| Untracked |  0
|  44|0x0000000084200000, 0x0000000084200000, 0x0000000084300000|  0%| F|  |TAMS 0x0000000084200000| PB 0x0000000084200000| Untracked |  0
|  45|0x0000000084300000, 0x0000000084300000, 0x0000000084400000|  0%| F|  |TAMS 0x0000000084300000| PB 0x0000000084300000| Untracked |  0
|  46|0x0000000084400000, 0x0000000084400000, 0x0000000084500000|  0%| F|  |TAMS 0x0000000084400000| PB 0x0000000084400000| Untracked |  0
|  47|0x0000000084500000, 0x0000000084500000, 0x0000000084600000|  0%| F|  |TAMS 0x0000000084500000| PB 0x0000000084500000| Untracked |  0
|  48|0x0000000084600000, 0x0000000084600000, 0x0000000084700000|  0%| F|  |TAMS 0x0000000084600000| PB 0x0000000084600000| Untracked |  0
|  49|0x0000000084700000, 0x0000000084700000, 0x0000000084800000|  0%| F|  |TAMS 0x0000000084700000| PB 0x0000000084700000| Untracked |  0
|  50|0x0000000084800000, 0x0000000084800000, 0x0000000084900000|  0%| F|  |TAMS 0x0000000084800000| PB 0x0000000084800000| Untracked |  0
|  51|0x0000000084900000, 0x0000000084900000, 0x0000000084a00000|  0%| F|  |TAMS 0x0000000084900000| PB 0x0000000084900000| Untracked |  0
|  52|0x0000000084a00000, 0x0000000084a00000, 0x0000000084b00000|  0%| F|  |TAMS 0x0000000084a00000| PB 0x0000000084a00000| Untracked |  0
|  53|0x0000000084b00000, 0x0000000084b00000, 0x0000000084c00000|  0%| F|  |TAMS 0x0000000084b00000| PB 0x0000000084b00000| Untracked |  0
|  54|0x0000000084c00000, 0x0000000084c00000, 0x0000000084d00000|  0%| F|  |TAMS 0x0000000084c00000| PB 0x0000000084c00000| Untracked |  0
|  55|0x0000000084d00000, 0x0000000084d00000, 0x0000000084e00000|  0%| F|  |TAMS 0x0000000084d00000| PB 0x0000000084d00000| Untracked |  0
|  56|0x0000000084e00000, 0x0000000084e00000, 0x0000000084f00000|  0%| F|  |TAMS 0x0000000084e00000| PB 0x0000000084e00000| Untracked |  0
|  57|0x0000000084f00000, 0x0000000084f00000, 0x0000000085000000|  0%| F|  |TAMS 0x0000000084f00000| PB 0x0000000084f00000| Untracked |  0
|  58|0x0000000085000000, 0x0000000085000000, 0x0000000085100000|  0%| F|  |TAMS 0x0000000085000000| PB 0x0000000085000000| Untracked |  0
|  59|0x0000000085100000, 0x0000000085100000, 0x0000000085200000|  0%| F|  |TAMS 0x0000000085100000| PB 0x0000000085100000| Untracked |  0
|  60|0x0000000085200000, 0x0000000085200000, 0x0000000085300000|  0%| F|  |TAMS 0x0000000085200000| PB 0x0000000085200000| Untracked |  0
|  61|0x0000000085300000, 0x0000000085300000, 0x0000000085400000|  0%| F|  |TAMS 0x0000000085300000| PB 0x0000000085300000| Untracked |  0
|  62|0x0000000085400000, 0x0000000085400000, 0x0000000085500000|  0%| F|  |TAMS 0x0000000085400000| PB 0x0000000085400000| Untracked |  0
|  63|0x0000000085500000, 0x0000000085500000, 0x0000000085600000|  0%| F|  |TAMS 0x0000000085500000| PB 0x0000000085500000| Untracked |  0
|  64|0x0000000085600000, 0x0000000085600000, 0x0000000085700000|  0%| F|  |TAMS 0x0000000085600000| PB 0x0000000085600000| Untracked |  0
|  65|0x0000000085700000, 0x0000000085700000, 0x0000000085800000|  0%| F|  |TAMS 0x0000000085700000| PB 0x0000000085700000| Untracked |  0
|  66|0x0000000085800000, 0x0000000085800000, 0x0000000085900000|  0%| F|  |TAMS 0x0000000085800000| PB 0x0000000085800000| Untracked |  0
|  67|0x0000000085900000, 0x0000000085900000, 0x0000000085a00000|  0%| F|  |TAMS 0x0000000085900000| PB 0x0000000085900000| Untracked |  0
|  68|0x0000000085a00000, 0x0000000085a00000, 0x0000000085b00000|  0%| F|  |TAMS 0x0000000085a00000| PB 0x0000000085a00000| Untracked |  0
|  69|0x0000000085b00000, 0x0000000085b00000, 0x0000000085c00000|  0%| F|  |TAMS 0x0000000085b00000| PB 0x0000000085b00000| Untracked |  0
|  70|0x0000000085c00000, 0x0000000085c00000, 0x0000000085d00000|  0%| F|  |TAMS 0x0000000085c00000| PB 0x0000000085c00000| Untracked |  0
|  71|0x0000000085d00000, 0x0000000085d00000, 0x0000000085e00000|  0%| F|  |TAMS 0x0000000085d00000| PB 0x0000000085d00000| Untracked |  0
|  72|0x0000000085e00000, 0x0000000085e00000, 0x0000000085f00000|  0%| F|  |TAMS 0x0000000085e00000| PB 0x0000000085e00000| Untracked |  0
|  73|0x0000000085f00000, 0x0000000085f00000, 0x0000000086000000|  0%| F|  |TAMS 0x0000000085f00000| PB 0x0000000085f00000| Untracked |  0
|  74|0x0000000086000000, 0x0000000086000000, 0x0000000086100000|  0%| F|  |TAMS 0x0000000086000000| PB 0x0000000086000000| Untracked |  0
|  75|0x0000000086100000, 0x0000000086100000, 0x0000000086200000|  0%| F|  |TAMS 0x0000000086100000| PB 0x0000000086100000| Untracked |  0
|  76|0x0000000086200000, 0x0000000086200000, 0x0000000086300000|  0%| F|  |TAMS 0x0000000086200000| PB 0x0000000086200000| Untracked |  0
|  77|0x0000000086300000, 0x0000000086300000, 0x0000000086400000|  0%| F|  |TAMS 0x0000000086300000| PB 0x0000000086300000| Untracked |  0
|  78|0x0000000086400000, 0x0000000086400000, 0x0000000086500000|  0%| F|  |TAMS 0x0000000086400000| PB 0x0000000086400000| Untracked |  0
|  79|0x0000000086500000, 0x0000000086500000, 0x0000000086600000|  0%| F|  |TAMS 0x0000000086500000| PB 0x0000000086500000| Untracked |  0
|  80|0x0000000086600000, 0x0000000086600000, 0x0000000086700000|  0%| F|  |TAMS 0x0000000086600000| PB 0x0000000086600000| Untracked |  0
|  81|0x0000000086700000, 0x0000000086700000, 0x0000000086800000|  0%| F|  |TAMS 0x0000000086700000| PB 0x0000000086700000| Untracked |  0
|  82|0x0000000086800000, 0x0000000086800000, 0x0000000086900000|  0%| F|  |TAMS 0x0000000086800000| PB 0x0000000086800000| Untracked |  0
|  83|0x0000000086900000, 0x0000000086900000, 0x0000000086a00000|  0%| F|  |TAMS 0x0000000086900000| PB 0x0000000086900000| Untracked |  0
|  84|0x0000000086a00000, 0x0000000086a00000, 0x0000000086b00000|  0%| F|  |TAMS 0x0000000086a00000| PB 0x0000000086a00000| Untracked |  0
|  85|0x0000000086b00000, 0x0000000086b00000, 0x0000000086c00000|  0%| F|  |TAMS 0x0000000086b00000| PB 0x0000000086b00000| Untracked |  0
|  86|0x0000000086c00000, 0x0000000086c00000, 0x0000000086d00000|  0%| F|  |TAMS 0x0000000086c00000| PB 0x0000000086c00000| Untracked |  0
|  87|0x0000000086d00000, 0x0000000086d00000, 0x0000000086e00000|  0%| F|  |TAMS 0x0000000086d00000| PB 0x0000000086d00000| Untracked |  0
|  88|0x0000000086e00000, 0x0000000086e00000, 0x0000000086f00000|  0%| F|  |TAMS 0x0000000086e00000| PB 0x0000000086e00000| Untracked |  0
|  89|0x0000000086f00000, 0x0000000086f00000, 0x0000000087000000|  0%| F|  |TAMS 0x0000000086f00000| PB 0x0000000086f00000| Untracked |  0
|  90|0x0000000087000000, 0x0000000087000000, 0x0000000087100000|  0%| F|  |TAMS 0x0000000087000000| PB 0x0000000087000000| Untracked |  0
|  91|0x0000000087100000, 0x0000000087100000, 0x0000000087200000|  0%| F|  |TAMS 0x0000000087100000| PB 0x0000000087100000| Untracked |  0
|  92|0x0000000087200000, 0x0000000087200000, 0x0000000087300000|  0%| F|  |TAMS 0x0000000087200000| PB 0x0000000087200000| Untracked |  0
|  93|0x0000000087300000, 0x0000000087300000, 0x0000000087400000|  0%| F|  |TAMS 0x0000000087300000| PB 0x0000000087300000| Untracked |  0
|  94|0x0000000087400000, 0x0000000087400000, 0x0000000087500000|  0%| F|  |TAMS 0x0000000087400000| PB 0x0000000087400000| Untracked |  0
|  95|0x0000000087500000, 0x0000000087500000, 0x0000000087600000|  0%| F|  |TAMS 0x0000000087500000| PB 0x0000000087500000| Untracked |  0
|  96|0x0000000087600000, 0x0000000087600000, 0x0000000087700000|  0%| F|  |TAMS 0x0000000087600000| PB 0x0000000087600000| Untracked |  0
|  97|0x0000000087700000, 0x0000000087700000, 0x0000000087800000|  0%| F|  |TAMS 0x0000000087700000| PB 0x0000000087700000| Untracked |  0
|  98|0x0000000087800000, 0x0000000087800000, 0x0000000087900000|  0%| F|  |TAMS 0x0000000087800000| PB 0x0000000087800000| Untracked |  0
|  99|0x0000000087900000, 0x0000000087900000, 0x0000000087a00000|  0%| F|  |TAMS 0x0000000087900000| PB 0x0000000087900000| Untracked |  0
| 100|0x0000000087a00000, 0x0000000087a00000, 0x0000000087b00000|  0%| F|  |TAMS 0x0000000087a00000| PB 0x0000000087a00000| Untracked |  0
| 101|0x0000000087b00000, 0x0000000087c00000, 0x0000000087c00000|100%| S|CS|TAMS 0x0000000087b00000| PB 0x0000000087b00000| Complete |  0
| 102|0x0000000087c00000, 0x0000000087d00000, 0x0000000087d00000|100%| S|CS|TAMS 0x0000000087c00000| PB 0x0000000087c00000| Complete |  0
| 103|0x0000000087d00000, 0x0000000087e00000, 0x0000000087e00000|100%| S|CS|TAMS 0x0000000087d00000| PB 0x0000000087d00000| Complete |  0
| 104|0x0000000087e00000, 0x0000000087e00000, 0x0000000087f00000|  0%| F|  |TAMS 0x0000000087e00000| PB 0x0000000087e00000| Untracked |  0
| 105|0x0000000087f00000, 0x0000000087f00000, 0x0000000088000000|  0%| F|  |TAMS 0x0000000087f00000| PB 0x0000000087f00000| Untracked |  0
| 106|0x0000000088000000, 0x0000000088000000, 0x0000000088100000|  0%| F|  |TAMS 0x0000000088000000| PB 0x0000000088000000| Untracked |  0
| 107|0x0000000088100000, 0x0000000088100000, 0x0000000088200000|  0%| F|  |TAMS 0x0000000088100000| PB 0x0000000088100000| Untracked |  0
| 108|0x0000000088200000, 0x0000000088200000, 0x0000000088300000|  0%| F|  |TAMS 0x0000000088200000| PB 0x0000000088200000| Untracked |  0
| 109|0x0000000088300000, 0x0000000088300000, 0x0000000088400000|  0%| F|  |TAMS 0x0000000088300000| PB 0x0000000088300000| Untracked |  0
| 110|0x0000000088400000, 0x0000000088400000, 0x0000000088500000|  0%| F|  |TAMS 0x0000000088400000| PB 0x0000000088400000| Untracked |  0
| 111|0x0000000088500000, 0x0000000088500000, 0x0000000088600000|  0%| F|  |TAMS 0x0000000088500000| PB 0x0000000088500000| Untracked |  0
| 112|0x0000000088600000, 0x00000000886cf388, 0x0000000088700000| 80%| E|  |TAMS 0x0000000088600000| PB 0x0000000088600000| Complete |  0
| 113|0x0000000088700000, 0x0000000088800000, 0x0000000088800000|100%| E|CS|TAMS 0x0000000088700000| PB 0x0000000088700000| Complete |  0
| 114|0x0000000088800000, 0x0000000088900000, 0x0000000088900000|100%| E|  |TAMS 0x0000000088800000| PB 0x0000000088800000| Complete |  0
| 115|0x0000000088900000, 0x0000000088a00000, 0x0000000088a00000|100%| E|CS|TAMS 0x0000000088900000| PB 0x0000000088900000| Complete |  0
| 116|0x0000000088a00000, 0x0000000088b00000, 0x0000000088b00000|100%| E|CS|TAMS 0x0000000088a00000| PB 0x0000000088a00000| Complete |  0
| 117|0x0000000088b00000, 0x0000000088c00000, 0x0000000088c00000|100%| E|CS|TAMS 0x0000000088b00000| PB 0x0000000088b00000| Complete |  0
| 118|0x0000000088c00000, 0x0000000088d00000, 0x0000000088d00000|100%| E|CS|TAMS 0x0000000088c00000| PB 0x0000000088c00000| Complete |  0
| 119|0x0000000088d00000, 0x0000000088e00000, 0x0000000088e00000|100%| E|CS|TAMS 0x0000000088d00000| PB 0x0000000088d00000| Complete |  0
| 120|0x0000000088e00000, 0x0000000088f00000, 0x0000000088f00000|100%| E|CS|TAMS 0x0000000088e00000| PB 0x0000000088e00000| Complete |  0
| 121|0x0000000088f00000, 0x0000000089000000, 0x0000000089000000|100%| E|CS|TAMS 0x0000000088f00000| PB 0x0000000088f00000| Complete |  0
| 122|0x0000000089000000, 0x0000000089100000, 0x0000000089100000|100%| E|CS|TAMS 0x0000000089000000| PB 0x0000000089000000| Complete |  0
| 123|0x0000000089100000, 0x0000000089200000, 0x0000000089200000|100%| E|CS|TAMS 0x0000000089100000| PB 0x0000000089100000| Complete |  0
| 124|0x0000000089200000, 0x0000000089300000, 0x0000000089300000|100%| E|CS|TAMS 0x0000000089200000| PB 0x0000000089200000| Complete |  0
| 125|0x0000000089300000, 0x0000000089400000, 0x0000000089400000|100%| E|CS|TAMS 0x0000000089300000| PB 0x0000000089300000| Complete |  0
| 126|0x0000000089400000, 0x0000000089500000, 0x0000000089500000|100%| E|CS|TAMS 0x0000000089400000| PB 0x0000000089400000| Complete |  0
| 127|0x0000000089500000, 0x0000000089600000, 0x0000000089600000|100%| E|CS|TAMS 0x0000000089500000| PB 0x0000000089500000| Complete |  0

Card table byte_map: [0x000002bf2f580000,0x000002bf2f980000] _byte_map_base: 0x000002bf2f175000

Marking Bits: (CMBitMap*) 0x000002bf15c00e00
 Bits: [0x000002bf2f980000, 0x000002bf31928000)

Polling page: 0x000002bf15a50000

Metaspace:

Usage:
  Non-class:     13.32 MB used.
      Class:      1.89 MB used.
       Both:     15.21 MB used.

Virtual space:
  Non-class space:       64.00 MB reserved,      13.50 MB ( 21%) committed,  1 nodes.
      Class space:        1.00 GB reserved,       2.06 MB ( <1%) committed,  1 nodes.
             Both:        1.06 GB reserved,      15.56 MB (  1%) committed. 

Chunk freelists:
   Non-Class:  1.94 MB
       Class:  13.84 MB
        Both:  15.78 MB

MaxMetaspaceSize: unlimited
CompressedClassSpaceSize: 1.00 GB
Initial GC threshold: 21.00 MB
Current GC threshold: 21.00 MB
CDS: on
 - commit_granule_bytes: 65536.
 - commit_granule_words: 8192.
 - virtual_space_node_default_size: 8388608.
 - enlarge_chunks_in_place: 1.
 - use_allocation_guard: 0.


Internal statistics:

num_allocs_failed_limit: 0.
num_arena_births: 390.
num_arena_deaths: 0.
num_vsnodes_births: 2.
num_vsnodes_deaths: 0.
num_space_committed: 249.
num_space_uncommitted: 0.
num_chunks_returned_to_freelist: 0.
num_chunks_taken_from_freelist: 774.
num_chunk_merges: 0.
num_chunk_splits: 453.
num_chunks_enlarged: 271.
num_inconsistent_stats: 0.

CodeHeap 'non-profiled nmethods': size=120000Kb used=730Kb max_used=730Kb free=119269Kb
 bounds [0x000002bf271f0000, 0x000002bf27460000, 0x000002bf2e720000]
CodeHeap 'profiled nmethods': size=120000Kb used=3775Kb max_used=3775Kb free=116224Kb
 bounds [0x000002bf1f720000, 0x000002bf1fad0000, 0x000002bf26c50000]
CodeHeap 'non-nmethods': size=5760Kb used=1514Kb max_used=1529Kb free=4245Kb
 bounds [0x000002bf26c50000, 0x000002bf26ec0000, 0x000002bf271f0000]
 total_blobs=2660 nmethods=2077 adapters=487
 compilation: enabled
              stopped_count=0, restarted_count=0
 full_count=0

Compilation events (20 events):
Event: 3.964 Thread 0x000002bf344160b0 2002       3       java.lang.ref.PhantomReference::<init> (7 bytes)
Event: 3.964 Thread 0x000002bf344160b0 nmethod 2002 0x000002bf1fab6090 code [0x000002bf1fab6240, 0x000002bf1fab6510]
Event: 3.964 Thread 0x000002bf344160b0 2003       3       java.lang.invoke.DirectMethodHandle$Holder::newInvokeSpecial (24 bytes)
Event: 3.965 Thread 0x000002bf344160b0 nmethod 2003 0x000002bf1fab6610 code [0x000002bf1fab6800, 0x000002bf1fab6d80]
Event: 3.965 Thread 0x000002bf344160b0 2005       3       jdk.internal.net.http.Http1HeaderParser::get (10 bytes)
Event: 3.965 Thread 0x000002bf344160b0 nmethod 2005 0x000002bf1fab6f90 code [0x000002bf1fab7140, 0x000002bf1fab7320]
Event: 3.965 Thread 0x000002bf344160b0 2004       1       java.util.concurrent.atomic.AtomicLong::get (5 bytes)
Event: 3.965 Thread 0x000002bf344160b0 nmethod 2004 0x000002bf272a1090 code [0x000002bf272a1220, 0x000002bf272a12f0]
Event: 3.967 Thread 0x000002bf344160b0 2006       3       java.lang.invoke.MethodHandles$Lookup::restrictProtectedReceiver (51 bytes)
Event: 3.967 Thread 0x000002bf344160b0 nmethod 2006 0x000002bf1fab7410 code [0x000002bf1fab7600, 0x000002bf1fab7ad8]
Event: 3.970 Thread 0x000002bf344160b0 2007       3       java.lang.invoke.LambdaFormBuffer::changeName (149 bytes)
Event: 3.971 Thread 0x000002bf344160b0 nmethod 2007 0x000002bf1fab7c90 code [0x000002bf1fab7e60, 0x000002bf1fab8358]
Event: 3.971 Thread 0x000002bf344160b0 2008       3       java.lang.invoke.MethodHandle::intrinsicName (4 bytes)
Event: 3.971 Thread 0x000002bf344160b0 nmethod 2008 0x000002bf1fab8510 code [0x000002bf1fab86a0, 0x000002bf1fab87b8]
Event: 3.971 Thread 0x000002bf344160b0 2011       3       java.util.Arrays::fill (28 bytes)
Event: 3.972 Thread 0x000002bf344160b0 nmethod 2011 0x000002bf1fab8890 code [0x000002bf1fab8a40, 0x000002bf1fab8db8]
Event: 3.973 Thread 0x000002bf344160b0 2012       3       java.util.Optional::of (12 bytes)
Event: 3.973 Thread 0x000002bf344160b0 nmethod 2012 0x000002bf1fab8f10 code [0x000002bf1fab90e0, 0x000002bf1fab9498]
Event: 3.981 Thread 0x000002bf344160b0 2013       3       java.nio.MappedByteBuffer::position (6 bytes)
Event: 3.981 Thread 0x000002bf344160b0 nmethod 2013 0x000002bf1fab9610 code [0x000002bf1fab97c0, 0x000002bf1fab99d0]

GC Heap History (2 events):
Event: 2.106 GC heap before
{Heap before GC invocations=0 (full 0):
 garbage-first heap   total reserved 2074624K, committed 131072K, used 24576K [0x0000000081600000, 0x0000000100000000)
  region size 1024K, 24 young (24576K), 0 survivors (0K)
 Metaspace       used 10173K, committed 10432K, reserved 1114112K
  class space    used 1214K, committed 1344K, reserved 1048576K
}
Event: 2.117 GC heap after
{Heap after GC invocations=1 (full 0):
 garbage-first heap   total reserved 2074624K, committed 131072K, used 5589K [0x0000000081600000, 0x0000000100000000)
  region size 1024K, 3 young (3072K), 3 survivors (3072K)
 Metaspace       used 10173K, committed 10432K, reserved 1114112K
  class space    used 1214K, committed 1344K, reserved 1048576K
}

Dll operation events (12 events):
Event: 0.014 Loaded shared library C:\Users\omnia\.jdks\openjdk-22.0.2\bin\java.dll
Event: 0.071 Loaded shared library C:\Users\omnia\.jdks\openjdk-22.0.2\bin\jsvml.dll
Event: 0.202 Loaded shared library C:\Users\omnia\.jdks\openjdk-22.0.2\bin\zip.dll
Event: 0.208 Loaded shared library C:\Users\omnia\.jdks\openjdk-22.0.2\bin\instrument.dll
Event: 0.215 Loaded shared library C:\Users\omnia\.jdks\openjdk-22.0.2\bin\net.dll
Event: 0.217 Loaded shared library C:\Users\omnia\.jdks\openjdk-22.0.2\bin\nio.dll
Event: 0.224 Loaded shared library C:\Users\omnia\.jdks\openjdk-22.0.2\bin\zip.dll
Event: 0.239 Loaded shared library C:\Program Files\JetBrains\IntelliJ IDEA Community Edition 2024.2.1\bin\breakgen64.dll
Event: 0.251 Loaded shared library C:\Users\omnia\.jdks\openjdk-22.0.2\bin\extnet.dll
Event: 0.355 Loaded shared library C:\Users\omnia\.jdks\openjdk-22.0.2\bin\verify.dll
Event: 0.363 Loaded shared library C:\Users\omnia\.jdks\openjdk-22.0.2\bin\jimage.dll
Event: 2.255 Loaded shared library C:\Users\omnia\.jdks\openjdk-22.0.2\bin\sunmscapi.dll

Deoptimization events (20 events):
Event: 2.261 Thread 0x000002bf15ba7de0 Uncommon trap: trap_request=0xffffff45 fr.pc=0x000002bf27272f2c relative=0x000000000000026c
Event: 2.261 Thread 0x000002bf15ba7de0 Uncommon trap: reason=unstable_if action=reinterpret pc=0x000002bf27272f2c method=java.util.HashMap.putVal(ILjava/lang/Object;Ljava/lang/Object;ZZ)Ljava/lang/Object; @ 162 c2
Event: 2.261 Thread 0x000002bf15ba7de0 DEOPT PACKING pc=0x000002bf27272f2c sp=0x000000ec9a3fb4c0
Event: 2.261 Thread 0x000002bf15ba7de0 DEOPT UNPACKING pc=0x000002bf26ca46a2 sp=0x000000ec9a3fb3f8 mode 2
Event: 2.326 Thread 0x000002bf15ba7de0 Uncommon trap: trap_request=0xffffffde fr.pc=0x000002bf27258014 relative=0x0000000000000334
Event: 2.326 Thread 0x000002bf15ba7de0 Uncommon trap: reason=class_check action=maybe_recompile pc=0x000002bf27258014 method=java.util.regex.Pattern$BmpCharPropertyGreedy.match(Ljava/util/regex/Matcher;ILjava/lang/CharSequence;)Z @ 26 c2
Event: 2.326 Thread 0x000002bf15ba7de0 DEOPT PACKING pc=0x000002bf27258014 sp=0x000000ec9a3fcf70
Event: 2.326 Thread 0x000002bf15ba7de0 DEOPT UNPACKING pc=0x000002bf26ca46a2 sp=0x000000ec9a3fcf28 mode 2
Event: 2.326 Thread 0x000002bf15ba7de0 Uncommon trap: trap_request=0xffffffde fr.pc=0x000002bf27258014 relative=0x0000000000000334
Event: 2.326 Thread 0x000002bf15ba7de0 Uncommon trap: reason=class_check action=maybe_recompile pc=0x000002bf27258014 method=java.util.regex.Pattern$BmpCharPropertyGreedy.match(Ljava/util/regex/Matcher;ILjava/lang/CharSequence;)Z @ 26 c2
Event: 2.326 Thread 0x000002bf15ba7de0 DEOPT PACKING pc=0x000002bf27258014 sp=0x000000ec9a3fcf70
Event: 2.326 Thread 0x000002bf15ba7de0 DEOPT UNPACKING pc=0x000002bf26ca46a2 sp=0x000000ec9a3fcf28 mode 2
Event: 2.346 Thread 0x000002bf7a96e940 Uncommon trap: trap_request=0xffffffde fr.pc=0x000002bf27258014 relative=0x0000000000000334
Event: 2.346 Thread 0x000002bf7a96e940 Uncommon trap: reason=class_check action=maybe_recompile pc=0x000002bf27258014 method=java.util.regex.Pattern$BmpCharPropertyGreedy.match(Ljava/util/regex/Matcher;ILjava/lang/CharSequence;)Z @ 26 c2
Event: 2.346 Thread 0x000002bf7a96e940 DEOPT PACKING pc=0x000002bf27258014 sp=0x000000ec9c2fe7a0
Event: 2.346 Thread 0x000002bf7a96e940 DEOPT UNPACKING pc=0x000002bf26ca46a2 sp=0x000000ec9c2fe738 mode 2
Event: 3.909 Thread 0x000002bf15ba7de0 Uncommon trap: trap_request=0xffffff45 fr.pc=0x000002bf27267cc8 relative=0x0000000000001028
Event: 3.909 Thread 0x000002bf15ba7de0 Uncommon trap: reason=unstable_if action=reinterpret pc=0x000002bf27267cc8 method=java.util.concurrent.ConcurrentHashMap.putVal(Ljava/lang/Object;Ljava/lang/Object;Z)Ljava/lang/Object; @ 231 c2
Event: 3.909 Thread 0x000002bf15ba7de0 DEOPT PACKING pc=0x000002bf27267cc8 sp=0x000000ec9a3fdc10
Event: 3.909 Thread 0x000002bf15ba7de0 DEOPT UNPACKING pc=0x000002bf26ca46a2 sp=0x000000ec9a3fdb80 mode 2

Classes loaded (20 events):
Event: 3.880 Loading class jdk/internal/access/JavaUtilCollectionAccess done
Event: 3.880 Loading class java/util/ImmutableCollections$Access$1 done
Event: 3.942 Loading class java/util/LinkedList$DescendingIterator
Event: 3.943 Loading class java/util/LinkedList$DescendingIterator done
Event: 3.945 Loading class java/util/concurrent/locks/ReadWriteLock
Event: 3.946 Loading class java/util/concurrent/locks/ReadWriteLock done
Event: 3.953 Loading class java/util/concurrent/locks/ReentrantReadWriteLock
Event: 3.953 Loading class java/util/concurrent/locks/ReentrantReadWriteLock done
Event: 3.953 Loading class java/util/concurrent/locks/ReentrantReadWriteLock$FairSync
Event: 3.953 Loading class java/util/concurrent/locks/ReentrantReadWriteLock$Sync
Event: 3.953 Loading class java/util/concurrent/locks/ReentrantReadWriteLock$Sync done
Event: 3.953 Loading class java/util/concurrent/locks/ReentrantReadWriteLock$FairSync done
Event: 3.953 Loading class java/util/concurrent/locks/ReentrantReadWriteLock$Sync$ThreadLocalHoldCounter
Event: 3.953 Loading class java/util/concurrent/locks/ReentrantReadWriteLock$Sync$ThreadLocalHoldCounter done
Event: 3.953 Loading class java/util/concurrent/locks/ReentrantReadWriteLock$ReadLock
Event: 3.954 Loading class java/util/concurrent/locks/ReentrantReadWriteLock$ReadLock done
Event: 3.954 Loading class java/util/concurrent/locks/ReentrantReadWriteLock$WriteLock
Event: 3.954 Loading class java/util/concurrent/locks/ReentrantReadWriteLock$WriteLock done
Event: 3.965 Loading class sun/net/www/HeaderParser
Event: 3.965 Loading class sun/net/www/HeaderParser done

Classes unloaded (0 events):
No events

Classes redefined (0 events):
No events

Internal exceptions (20 events):
Event: 1.963 Thread 0x000002bf15ba7de0 Exception <a 'java/lang/NoSuchMethodError'{0x00000000880f7030}: 'int java.lang.invoke.DirectMethodHandle$Holder.invokeSpecial(java.lang.Object, java.lang.Object, java.lang.Object, java.lang.Object)'> (0x00000000880f7030) 
thrown [s\open\src\hotspot\share\interpreter\linkResolver.cpp, line 774]
Event: 1.965 Thread 0x000002bf15ba7de0 Exception <a 'java/lang/NoSuchMethodError'{0x0000000087f083f8}: 'java.lang.Object java.lang.invoke.DirectMethodHandle$Holder.invokeStatic(java.lang.Object, int, java.lang.Object, java.lang.Object)'> (0x0000000087f083f8) 
thrown [s\open\src\hotspot\share\interpreter\linkResolver.cpp, line 774]
Event: 1.966 Thread 0x000002bf15ba7de0 Exception <a 'java/lang/NoSuchMethodError'{0x0000000087f0c338}: 'java.lang.Object java.lang.invoke.DirectMethodHandle$Holder.invokeSpecial(java.lang.Object, java.lang.Object, int, java.lang.Object, java.lang.Object)'> (0x0000000087f0c338) 
thrown [s\open\src\hotspot\share\interpreter\linkResolver.cpp, line 774]
Event: 1.966 Thread 0x000002bf15ba7de0 Exception <a 'java/lang/NoSuchMethodError'{0x0000000087f0fd78}: 'java.lang.Object java.lang.invoke.DelegatingMethodHandle$Holder.delegate(java.lang.Object, int, java.lang.Object, java.lang.Object)'> (0x0000000087f0fd78) 
thrown [s\open\src\hotspot\share\interpreter\linkResolver.cpp, line 774]
Event: 1.969 Thread 0x000002bf15ba7de0 Exception <a 'java/lang/NoSuchMethodError'{0x0000000087f1f498}: 'int java.lang.invoke.Invokers$Holder.linkToTargetMethod(java.lang.Object, java.lang.Object, java.lang.Object)'> (0x0000000087f1f498) 
thrown [s\open\src\hotspot\share\interpreter\linkResolver.cpp, line 774]
Event: 1.973 Thread 0x000002bf15ba7de0 Exception <a 'java/lang/NoSuchMethodError'{0x0000000087f2e3f8}: 'long java.lang.invoke.DirectMethodHandle$Holder.invokeSpecial(java.lang.Object, java.lang.Object)'> (0x0000000087f2e3f8) 
thrown [s\open\src\hotspot\share\interpreter\linkResolver.cpp, line 774]
Event: 2.028 Thread 0x000002bf15ba7de0 Exception <a 'sun/nio/fs/WindowsException'{0x0000000087e00ab0}> (0x0000000087e00ab0) 
thrown [s\open\src\hotspot\share\prims\jni.cpp, line 520]
Event: 2.324 Thread 0x000002bf15ba7de0 Exception <a 'java/lang/NoSuchMethodError'{0x0000000088e0ebb8}: 'java.lang.Object java.lang.invoke.DirectMethodHandle$Holder.invokeInterface(java.lang.Object, java.lang.Object, java.lang.Object)'> (0x0000000088e0ebb8) 
thrown [s\open\src\hotspot\share\interpreter\linkResolver.cpp, line 774]
Event: 2.324 Thread 0x000002bf15ba7de0 Exception <a 'java/lang/IncompatibleClassChangeError'{0x0000000088e11fb0}: Found class java.lang.Object, but interface was expected> (0x0000000088e11fb0) 
thrown [s\open\src\hotspot\share\interpreter\linkResolver.cpp, line 841]
Event: 2.325 Thread 0x000002bf15ba7de0 Exception <a 'java/lang/NoSuchMethodError'{0x0000000088e197c8}: 'int java.lang.invoke.DirectMethodHandle$Holder.invokeSpecialIFC(java.lang.Object, java.lang.Object, java.lang.Object, java.lang.Object)'> (0x0000000088e197c8) 
thrown [s\open\src\hotspot\share\interpreter\linkResolver.cpp, line 774]
Event: 2.330 Thread 0x000002bf15ba7de0 Exception <a 'java/lang/NoSuchMethodError'{0x0000000088e3c6d8}: 'java.lang.Object java.lang.invoke.DirectMethodHandle$Holder.invokeVirtual(java.lang.Object, java.lang.Object, java.lang.Object, java.lang.Object)'> (0x0000000088e3c6d8) 
thrown [s\open\src\hotspot\share\interpreter\linkResolver.cpp, line 774]
Event: 2.354 Thread 0x000002bf7a96e940 Exception <a 'java/net/ConnectException'{0x0000000088ebdd88}: Connection refused: getsockopt> (0x0000000088ebdd88) 
thrown [s\open\src\hotspot\share\prims\jni.cpp, line 539]
Event: 2.376 Thread 0x000002bf7a96e940 Exception <a 'java/net/ConnectException'{0x0000000088ebee80}: Connection refused: getsockopt> (0x0000000088ebee80) 
thrown [s\open\src\hotspot\share\prims\jni.cpp, line 539]
Event: 2.438 Thread 0x000002bf15ba7de0 Exception <a 'java/lang/NoSuchMethodError'{0x0000000088d88fc0}: 'java.lang.Object java.lang.invoke.DirectMethodHandle$Holder.newInvokeSpecial(java.lang.Object, java.lang.Object, int, int)'> (0x0000000088d88fc0) 
thrown [s\open\src\hotspot\share\interpreter\linkResolver.cpp, line 774]
Event: 2.439 Thread 0x000002bf15ba7de0 Exception <a 'java/lang/NoSuchMethodError'{0x0000000088d93700}: 'void java.lang.invoke.DirectMethodHandle$Holder.invokeStatic(java.lang.Object, java.lang.Object, int)'> (0x0000000088d93700) 
thrown [s\open\src\hotspot\share\interpreter\linkResolver.cpp, line 774]
Event: 2.497 Thread 0x000002bf7aa4cf90 Exception <a 'java/lang/NoSuchMethodError'{0x0000000088b15148}: 'java.lang.Object java.lang.invoke.DirectMethodHandle$Holder.invokeSpecial(java.lang.Object, java.lang.Object, java.lang.Object, java.lang.Object, int)'> (0x0000000088b15148) 
thrown [s\open\src\hotspot\share\interpreter\linkResolver.cpp, line 774]
Event: 2.497 Thread 0x000002bf7aa4cf90 Exception <a 'java/lang/NoSuchMethodError'{0x0000000088b18aa0}: 'java.lang.Object java.lang.invoke.Invokers$Holder.linkToTargetMethod(java.lang.Object, java.lang.Object, int, java.lang.Object)'> (0x0000000088b18aa0) 
thrown [s\open\src\hotspot\share\interpreter\linkResolver.cpp, line 774]
Event: 2.517 Thread 0x000002bf7aa4cf90 Exception <a 'java/lang/NoSuchMethodError'{0x0000000088b5f550}: 'void java.lang.invoke.DirectMethodHandle$Holder.invokeSpecial(java.lang.Object, java.lang.Object, java.lang.Object, java.lang.Object, java.lang.Object)'> (0x0000000088b5f550) 
thrown [s\open\src\hotspot\share\interpreter\linkResolver.cpp, line 774]
Event: 3.850 Thread 0x000002bf7aa4cf90 Exception <a 'java/lang/NoSuchMethodError'{0x0000000088a46988}: 'void java.lang.invoke.DirectMethodHandle$Holder.invokeSpecial(java.lang.Object, java.lang.Object, java.lang.Object, java.lang.Object, java.lang.Object, java.lang.Object, java.lang.Object)'> (0x0000000088a46988) 
thrown [s\open\src\hotspot\share\interpreter\linkResolver.cpp, line 774]
Event: 3.869 Thread 0x000002bf15ba7de0 Exception <a 'java/lang/NoSuchMethodError'{0x0000000088a7d110}: 'java.lang.Object java.lang.invoke.DirectMethodHandle$Holder.invokeSpecialIFC(java.lang.Object, java.lang.Object, java.lang.Object)'> (0x0000000088a7d110) 
thrown [s\open\src\hotspot\share\interpreter\linkResolver.cpp, line 774]

ZGC Phase Switch (0 events):
No events

VM Operations (20 events):
Event: 1.207 Executing VM operation: HandshakeAllThreads (Deoptimize)
Event: 1.207 Executing VM operation: HandshakeAllThreads (Deoptimize) done
Event: 1.948 Executing VM operation: HandshakeAllThreads (Deoptimize)
Event: 1.948 Executing VM operation: HandshakeAllThreads (Deoptimize) done
Event: 1.979 Executing VM operation: HandshakeAllThreads (Deoptimize)
Event: 1.979 Executing VM operation: HandshakeAllThreads (Deoptimize) done
Event: 2.106 Executing VM operation: G1CollectForAllocation (G1 Evacuation Pause)
Event: 2.117 Executing VM operation: G1CollectForAllocation (G1 Evacuation Pause) done
Event: 2.123 Executing VM operation: HandshakeAllThreads (Deoptimize)
Event: 2.123 Executing VM operation: HandshakeAllThreads (Deoptimize) done
Event: 2.338 Executing VM operation: HandshakeAllThreads (Deoptimize)
Event: 2.338 Executing VM operation: HandshakeAllThreads (Deoptimize) done
Event: 2.413 Executing VM operation: HandshakeAllThreads (Deoptimize)
Event: 2.413 Executing VM operation: HandshakeAllThreads (Deoptimize) done
Event: 3.421 Executing VM operation: Cleanup
Event: 3.421 Executing VM operation: Cleanup done
Event: 3.835 Executing VM operation: HandshakeAllThreads (Deoptimize)
Event: 3.835 Executing VM operation: HandshakeAllThreads (Deoptimize) done
Event: 3.837 Executing VM operation: HandshakeAllThreads (Deoptimize)
Event: 3.837 Executing VM operation: HandshakeAllThreads (Deoptimize) done

Memory protections (0 events):
No events

Nmethod flushes (0 events):
No events

Events (20 events):
Event: 0.317 Thread 0x000002bf7a045bc0 Thread added: 0x000002bf348b3f50
Event: 0.863 Thread 0x000002bf348b3f50 Thread exited: 0x000002bf348b3f50
Event: 1.258 Thread 0x000002bf15ba7de0 Thread added: 0x000002bf7a85b820
Event: 1.824 Thread 0x000002bf7a045bc0 Thread exited: 0x000002bf7a045bc0
Event: 1.828 Thread 0x000002bf7a85b820 Thread exited: 0x000002bf7a85b820
Event: 1.901 Thread 0x000002bf15ba7de0 Thread added: 0x000002bf7a7b3f50
Event: 2.299 Thread 0x000002bf15ba7de0 Thread added: 0x000002bf7a972b10
Event: 2.337 Thread 0x000002bf15ba7de0 Thread added: 0x000002bf7a971490
Event: 2.340 Thread 0x000002bf15ba7de0 Thread added: 0x000002bf7a93a0e0
Event: 2.340 Thread 0x000002bf15ba7de0 Thread added: 0x000002bf7a93a750
Event: 2.343 Thread 0x000002bf7a93a0e0 Thread added: 0x000002bf7a96e940
Event: 2.412 Thread 0x000002bf7a96e940 Thread added: 0x000002bf7aa4dcb0
Event: 2.484 Thread 0x000002bf15ba7de0 Thread added: 0x000002bf7aa4cf90
Event: 2.530 Thread 0x000002bf7a972b10 Thread added: 0x000002bf7aa4d620
Event: 2.530 Thread 0x000002bf7a972b10 Thread added: 0x000002bf7aa4e340
Event: 3.881 Thread 0x000002bf344160b0 Thread added: 0x000002bf7aab0600
Event: 3.932 Thread 0x000002bf15ba7de0 Thread added: 0x000002bf7b37b860
Event: 3.934 Thread 0x000002bf15ba7de0 Thread added: 0x000002bf7b37ab40
Event: 3.940 Thread 0x000002bf7b37b860 Thread added: 0x000002bf7b37b1d0
Event: 3.940 Thread 0x000002bf7b37b860 Thread added: 0x000002bf7b37fa00


Dynamic libraries:
0x00007ff6d7bc0000 - 0x00007ff6d7bce000 	C:\Users\omnia\.jdks\openjdk-22.0.2\bin\java.exe
0x00007ffe04af0000 - 0x00007ffe04ce8000 	C:\WINDOWS\SYSTEM32\ntdll.dll
0x00007ffe03430000 - 0x00007ffe034f2000 	C:\WINDOWS\System32\KERNEL32.DLL
0x00007ffe02190000 - 0x00007ffe0248e000 	C:\WINDOWS\System32\KERNELBASE.dll
0x00007ffe02900000 - 0x00007ffe02a00000 	C:\WINDOWS\System32\ucrtbase.dll
0x00007ffdff7e0000 - 0x00007ffdff7fb000 	C:\Users\omnia\.jdks\openjdk-22.0.2\bin\VCRUNTIME140.dll
0x00007ffdfe3c0000 - 0x00007ffdfe3d7000 	C:\Users\omnia\.jdks\openjdk-22.0.2\bin\jli.dll
0x00007ffe048b0000 - 0x00007ffe04a4d000 	C:\WINDOWS\System32\USER32.dll
0x00007ffdf22a0000 - 0x00007ffdf253a000 	C:\WINDOWS\WinSxS\amd64_microsoft.windows.common-controls_6595b64144ccf1df_6.0.19041.4355_none_60b8b9eb71f62e16\COMCTL32.dll
0x00007ffe02700000 - 0x00007ffe02722000 	C:\WINDOWS\System32\win32u.dll
0x00007ffe02b10000 - 0x00007ffe02bae000 	C:\WINDOWS\System32\msvcrt.dll
0x00007ffe033f0000 - 0x00007ffe0341b000 	C:\WINDOWS\System32\GDI32.dll
0x00007ffe02730000 - 0x00007ffe02847000 	C:\WINDOWS\System32\gdi32full.dll
0x00007ffe02660000 - 0x00007ffe026fd000 	C:\WINDOWS\System32\msvcp_win.dll
0x00007ffe02e20000 - 0x00007ffe02e4f000 	C:\WINDOWS\System32\IMM32.DLL
0x00007ffdfe400000 - 0x00007ffdfe40c000 	C:\Users\omnia\.jdks\openjdk-22.0.2\bin\vcruntime140_1.dll
0x00007ffde8cf0000 - 0x00007ffde8d7e000 	C:\Users\omnia\.jdks\openjdk-22.0.2\bin\msvcp140.dll
0x00007ffdcb790000 - 0x00007ffdcc4d9000 	C:\Users\omnia\.jdks\openjdk-22.0.2\bin\server\jvm.dll
0x00007ffe02d60000 - 0x00007ffe02e12000 	C:\WINDOWS\System32\ADVAPI32.dll
0x00007ffe03510000 - 0x00007ffe035b0000 	C:\WINDOWS\System32\sechost.dll
0x00007ffe02e50000 - 0x00007ffe02f73000 	C:\WINDOWS\System32\RPCRT4.dll
0x00007ffe02a90000 - 0x00007ffe02ab7000 	C:\WINDOWS\System32\bcrypt.dll
0x00007ffe038a0000 - 0x00007ffe0390b000 	C:\WINDOWS\System32\WS2_32.dll
0x00007ffe016d0000 - 0x00007ffe0171b000 	C:\WINDOWS\SYSTEM32\POWRPROF.dll
0x00007ffdfaed0000 - 0x00007ffdfaeda000 	C:\WINDOWS\SYSTEM32\VERSION.dll
0x00007ffdf1a30000 - 0x00007ffdf1a57000 	C:\WINDOWS\SYSTEM32\WINMM.dll
0x00007ffe01590000 - 0x00007ffe015a2000 	C:\WINDOWS\SYSTEM32\UMPDC.dll
0x00007ffe00010000 - 0x00007ffe00022000 	C:\WINDOWS\SYSTEM32\kernel.appcore.dll
0x00007ffdfe320000 - 0x00007ffdfe32a000 	C:\Users\omnia\.jdks\openjdk-22.0.2\bin\jimage.dll
0x00007ffdf0190000 - 0x00007ffdf0374000 	C:\WINDOWS\SYSTEM32\DBGHELP.DLL
0x00007ffddeb50000 - 0x00007ffddeb84000 	C:\WINDOWS\SYSTEM32\dbgcore.DLL
0x00007ffe02a00000 - 0x00007ffe02a82000 	C:\WINDOWS\System32\bcryptPrimitives.dll
0x00007ffdfe300000 - 0x00007ffdfe30f000 	C:\Users\omnia\.jdks\openjdk-22.0.2\bin\instrument.dll
0x00007ffdfbc10000 - 0x00007ffdfbc2e000 	C:\Users\omnia\.jdks\openjdk-22.0.2\bin\java.dll
0x00007ffe03b40000 - 0x00007ffe042af000 	C:\WINDOWS\System32\SHELL32.dll
0x00007ffe02c30000 - 0x00007ffe02d5b000 	C:\WINDOWS\System32\ole32.dll
0x00007ffe04390000 - 0x00007ffe046e3000 	C:\WINDOWS\System32\combase.dll
0x00007ffe00210000 - 0x00007ffe009b4000 	C:\WINDOWS\SYSTEM32\windows.storage.dll
0x00007ffe01bc0000 - 0x00007ffe01bee000 	C:\WINDOWS\SYSTEM32\Wldp.dll
0x00007ffe047e0000 - 0x00007ffe048ad000 	C:\WINDOWS\System32\OLEAUT32.dll
0x00007ffe03630000 - 0x00007ffe036dd000 	C:\WINDOWS\System32\SHCORE.dll
0x00007ffe03910000 - 0x00007ffe03965000 	C:\WINDOWS\System32\shlwapi.dll
0x00007ffe020c0000 - 0x00007ffe020e4000 	C:\WINDOWS\SYSTEM32\profapi.dll
0x00007ffde8490000 - 0x00007ffde8567000 	C:\Users\omnia\.jdks\openjdk-22.0.2\bin\jsvml.dll
0x00007ffdfba30000 - 0x00007ffdfba47000 	C:\Users\omnia\.jdks\openjdk-22.0.2\bin\zip.dll
0x00007ffdfe2f0000 - 0x00007ffdfe300000 	C:\Users\omnia\.jdks\openjdk-22.0.2\bin\net.dll
0x00007ffe01920000 - 0x00007ffe0198a000 	C:\WINDOWS\system32\mswsock.dll
0x00007ffdfb9d0000 - 0x00007ffdfb9e6000 	C:\Users\omnia\.jdks\openjdk-22.0.2\bin\nio.dll
0x00007ffdfb990000 - 0x00007ffdfb9aa000 	C:\Program Files\JetBrains\IntelliJ IDEA Community Edition 2024.2.1\bin\breakgen64.dll
0x00007ffdfc2f0000 - 0x00007ffdfc2f9000 	C:\Users\omnia\.jdks\openjdk-22.0.2\bin\extnet.dll
0x00007ffdfbbd0000 - 0x00007ffdfbbe0000 	C:\Users\omnia\.jdks\openjdk-22.0.2\bin\verify.dll
0x00007ffe01b20000 - 0x00007ffe01b38000 	C:\WINDOWS\SYSTEM32\CRYPTSP.dll
0x00007ffe011d0000 - 0x00007ffe01204000 	C:\WINDOWS\system32\rsaenh.dll
0x00007ffe02040000 - 0x00007ffe0206e000 	C:\WINDOWS\SYSTEM32\USERENV.dll
0x00007ffe01b10000 - 0x00007ffe01b1c000 	C:\WINDOWS\SYSTEM32\CRYPTBASE.dll
0x00007ffe015b0000 - 0x00007ffe015eb000 	C:\WINDOWS\SYSTEM32\IPHLPAPI.DLL
0x00007ffe03500000 - 0x00007ffe03508000 	C:\WINDOWS\System32\NSI.dll
0x00007ffe01600000 - 0x00007ffe016ca000 	C:\WINDOWS\SYSTEM32\DNSAPI.dll
0x00007ffdf5690000 - 0x00007ffdf569a000 	C:\Windows\System32\rasadhlp.dll
0x00007ffdf56b0000 - 0x00007ffdf5730000 	C:\WINDOWS\System32\fwpuclnt.dll
0x00007ffdf8b60000 - 0x00007ffdf8b6e000 	C:\Users\omnia\.jdks\openjdk-22.0.2\bin\sunmscapi.dll
0x00007ffe02490000 - 0x00007ffe025ec000 	C:\WINDOWS\System32\CRYPT32.dll
0x00007ffe01c30000 - 0x00007ffe01c57000 	C:\WINDOWS\SYSTEM32\ncrypt.dll
0x00007ffe01bf0000 - 0x00007ffe01c2b000 	C:\WINDOWS\SYSTEM32\NTASN1.dll
0x00007ffdfbd50000 - 0x00007ffdfbd57000 	C:\WINDOWS\system32\wshunix.dll

dbghelp: loaded successfully - version: 4.0.5 - missing functions: none
symbol engine: initialized successfully - sym options: 0x614 - pdb path: .;C:\Users\omnia\.jdks\openjdk-22.0.2\bin;C:\WINDOWS\SYSTEM32;C:\WINDOWS\WinSxS\amd64_microsoft.windows.common-controls_6595b64144ccf1df_6.0.19041.4355_none_60b8b9eb71f62e16;C:\Users\omnia\.jdks\openjdk-22.0.2\bin\server;C:\Program Files\JetBrains\IntelliJ IDEA Community Edition 2024.2.1\bin

VM Arguments:
jvm_args: -ea -Didea.test.cyclic.buffer.size=1048576 -javaagent:C:\Program Files\JetBrains\IntelliJ IDEA Community Edition 2024.2.1\lib\idea_rt.jar=58973:C:\Program Files\JetBrains\IntelliJ IDEA Community Edition 2024.2.1\bin -Dfile.encoding=UTF-8 -Dsun.stdout.encoding=UTF-8 -Dsun.stderr.encoding=UTF-8 
java_command: com.intellij.rt.testng.RemoteTestNGStarter -usedefaultlisteners false -socket58972 @w@C:\Users\omnia\AppData\Local\Temp\idea_working_dirs_testng.tmp -temp C:\Users\omnia\AppData\Local\Temp\idea_testng.tmp
java_class_path (initial): C:\Program Files\JetBrains\IntelliJ IDEA Community Edition 2024.2.1\lib\idea_rt.jar;C:\Program Files\JetBrains\IntelliJ IDEA Community Edition 2024.2.1\plugins\testng\lib\testng-rt.jar;C:\Users\omnia\IdeaProjects\LUMA\target\test-classes;C:\Users\omnia\IdeaProjects\LUMA\target\classes;C:\Users\omnia\.m2\repository\org\seleniumhq\selenium\selenium-java\4.24.0\selenium-java-4.24.0.jar;C:\Users\omnia\.m2\repository\org\seleniumhq\selenium\selenium-api\4.24.0\selenium-api-4.24.0.jar;C:\Users\omnia\.m2\repository\org\jspecify\jspecify\1.0.0\jspecify-1.0.0.jar;C:\Users\omnia\.m2\repository\org\seleniumhq\selenium\selenium-chrome-driver\4.24.0\selenium-chrome-driver-4.24.0.jar;C:\Users\omnia\.m2\repository\com\google\auto\service\auto-service-annotations\1.1.1\auto-service-annotations-1.1.1.jar;C:\Users\omnia\.m2\repository\org\seleniumhq\selenium\selenium-chromium-driver\4.24.0\selenium-chromium-driver-4.24.0.jar;C:\Users\omnia\.m2\repository\org\seleniumhq\selenium\selenium-json\4.24.0\selenium-json-4.24.0.jar;C:\Users\omnia\.m2\repository\org\seleniumhq\selenium\selenium-manager\4.24.0\selenium-manager-4.24.0.jar;C:\Users\omnia\.m2\repository\org\seleniumhq\selenium\selenium-devtools-v126\4.24.0\selenium-devtools-v126-4.24.0.jar;C:\Users\omnia\.m2\repository\org\seleniumhq\selenium\selenium-devtools-v127\4.24.0\selenium-devtools-v127-4.24.0.jar;C:\Users\omnia\.m2\repository\org\seleniumhq\selenium\selenium-devtools-v128\4.24.0\selenium-devtools-v128-4.24.0.jar;C:\Users\omnia\.m2\repository\org\seleniumhq\selenium\selenium-devtools-v85\4.24.0\selenium-devtools-v85-4.24.0.jar;C:\Users\omnia\.m2\repository\org\seleniumhq\selenium\selenium-edge-driver\4.24.0\selenium-edge-driver-4.24.0.jar;C:\Users\omnia\.m2\repository\org\seleniumhq\selenium\selenium-firefox-driver\4.24.0\selenium-firefox-driver-4.24.0.jar;C:\Users\omnia\.m2\repository\org\seleniumhq\selenium\selenium-http\4.24.0\selenium-http-4.24.0.jar;C:\Users\omnia\.m2\repository\dev\failsafe\failsafe\3.3.2\failsafe-3.3.2.jar;C:\Users\omnia\.m2\repository\org\seleniumhq\selenium\selenium-ie-driver\4.24.0\selenium-ie-driver-4.24.0.jar;C:\Users\omnia\.m2\repository\org\seleniumhq\selenium\selenium-remote-driver\4.24.0\selenium-remote-driver-4.24.0.jar;C:\Users\omnia\.m2\repository\com\google\guava\guava\33.3.0-jre\guava-33.3.0-jre.jar;C:\Users\omnia\.m2\repository\com\google\guava\failureaccess\1.0.2\failureaccess-1.0.2.jar;C:\Users\omnia\.m2\repository\com\google\guava\listenablefuture\9999.0-empty-to-avoid-conflict-with-guava\listenablefuture-9999.0-empty-to-avoid-conflict-with-guava.jar;C:\Users\omnia\.m2\repository\org\checkerframework\checker-qual\3.43.0\checker-qual-3.43.0.jar;C:\Users\omnia\.m2\repository\com\google\errorprone\error_prone_annotations\2.28.0\error_prone_annotations-2.28.0.jar;C:\Users\omnia\.m2\repository\com\google\j2objc\j2objc-annotations\3.0.0\j2objc-annotations-3.0.0.jar;C:\Users\omnia\.m2\repository\io\opentelemetry\semconv\opentelemetry-semconv\1.25.0-alpha\opentelemetry-semconv-1.25.0-alpha.jar;C:\Users\omnia\.m2\repository\io\opentelemetry\opentelemetry-api\1.41.0\opentelemetry-api-1.41.0.jar;C:\Users\omnia\.m2\repository\io\opentelemetry\opentelemetry-context\1.41.0\opentelemetry-context-1.41.0.jar;C:\Users\omnia\.m2\repository\io\opentelemetry\opentelemetry-exporter-logging\1.41.0\opentelemetry-exporter-logging-1.41.0.jar;C:\Users\omnia\.m2\repository\io\opentelemetry\opentelemetry-sdk-common\1.41.0\opentelemetry-sdk-common-1.41.0.jar;C:\Users\omnia\.m2\repository\io\opentelemetry\opentelemetry-sdk-extension-autoconfigure-spi\1.41.0\opentelemetry-sdk-extension-autoconfigure-spi-1.41.0.jar;C:\Users\omnia\.m2\repository\io\opentelemetry\opentelemetry-sdk-extension-autoconfigure\1.41.0\opentelemetry-sdk-extension-autoconfigure-1.41.0.jar;C:\Users\omnia\.m2\repository\io\opentelemetry\opentelemetry-api-incubator\1.41.0-alpha\opentelemetry-api-incubator-1.41.0-alpha.jar;C:\Users\omnia\.m2\repository\io\opentelemetry\opentelemetry-sdk-trace\1.41.0\opentelemetry-sdk-trace-1.41.0.jar;C:\Users\omnia\.m2\repository\io\opentelemetry\opentelemetry-sdk\1.41.0\opentelemetry-sdk-1.41.0.jar;C:\Users\omnia\.m2\repository\io\opentelemetry\opentelemetry-sdk-metrics\1.41.0\opentelemetry-sdk-metrics-1.41.0.jar;C:\Users\omnia\.m2\repository\io\opentelemetry\opentelemetry-sdk-logs\1.41.0\opentelemetry-sdk-logs-1.41.0.jar;C:\Users\omnia\.m2\repository\net\bytebuddy\byte-buddy\1.15.0\byte-buddy-1.15.0.jar;C:\Users\omnia\.m2\repository\org\seleniumhq\selenium\selenium-os\4.24.0\selenium-os-4.24.0.jar;C:\Users\omnia\.m2\repository\org\apache\commons\commons-exec\1.4.0\commons-exec-1.4.0.jar;C:\Users\omnia\.m2\repository\org\seleniumhq\selenium\selenium-safari-driver\4.24.0\selenium-safari-driver-4.24.0.jar;C:\Users\omnia\.m2\repository\org\seleniumhq\selenium\selenium-support\4.24.0\selenium-support-4.24.0.jar;C:\Users\omnia\.m2\repository\org\testng\testng\7.5\testng-7.5.jar;C:\Users\omnia\.m2\repository\com\google\code\findbugs\jsr305\3.0.1\jsr305-3.0.1.jar;C:\Users\omnia\.m2\repository\org\slf4j\slf4j-api\1.7.32\slf4j-api-1.7.32.jar;C:\Users\omnia\.m2\repository\com\beust\jcommander\1.78\jcommander-1.78.jar;C:\Users\omnia\.m2\repository\org\webjars\jquery\3.5.1\jquery-3.5.1.jar;C:\Users\omnia\.m2\repository\io\qameta\allure\allure-junit4\2.29.0\allure-junit4-2.29.0.jar;C:\Users\omnia\.m2\repository\io\qameta\allure\allure-java-commons\2.29.0\allure-java-commons-2.29.0.jar;C:\Users\omnia\.m2\repository\io\qameta\allure\allure-model\2.29.0\allure-model-2.29.0.jar;C:\Users\omnia\.m2\repository\io\qameta\allure\allure-test-filter\2.29.0\allure-test-filter-2.29.0.jar
Launcher Type: SUN_STANDARD

[Global flags]
     intx CICompilerCount                          = 4                                         {product} {ergonomic}
     uint ConcGCThreads                            = 2                                         {product} {ergonomic}
     uint G1ConcRefinementThreads                  = 8                                         {product} {ergonomic}
   size_t G1HeapRegionSize                         = 1048576                                   {product} {ergonomic}
   size_t InitialHeapSize                          = 134217728                                 {product} {ergonomic}
   size_t MarkStackSize                            = 4194304                                   {product} {ergonomic}
   size_t MaxHeapSize                              = 2124414976                                {product} {ergonomic}
   size_t MaxNewSize                               = 1274019840                                {product} {ergonomic}
   size_t MinHeapDeltaBytes                        = 1048576                                   {product} {ergonomic}
   size_t MinHeapSize                              = 8388608                                   {product} {ergonomic}
    uintx NonNMethodCodeHeapSize                   = 5839372                                {pd product} {ergonomic}
    uintx NonProfiledCodeHeapSize                  = 122909434                              {pd product} {ergonomic}
    uintx ProfiledCodeHeapSize                     = 122909434                              {pd product} {ergonomic}
    uintx ReservedCodeCacheSize                    = 251658240                              {pd product} {ergonomic}
     bool SegmentedCodeCache                       = true                                      {product} {ergonomic}
   size_t SoftMaxHeapSize                          = 2124414976                             {manageable} {ergonomic}
     bool UseCompressedOops                        = true                           {product lp64_product} {ergonomic}
     bool UseG1GC                                  = true                                      {product} {ergonomic}
     bool UseLargePagesIndividualAllocation        = false                                  {pd product} {ergonomic}

Logging:
Log output configuration:
 #0: stdout all=warning uptime,level,tags foldmultilines=false
 #1: stderr all=off uptime,level,tags foldmultilines=false

Environment Variables:
PATH=C:\Program Files\Common Files\Oracle\Java\javapath;C:\Python312\Scripts\;C:\Python312\;C:\WINDOWS\system32;C:\WINDOWS;C:\WINDOWS\System32\Wbem;C:\WINDOWS\System32\WindowsPowerShell\v1.0\;C:\WINDOWS\System32\OpenSSH\;C:\ProgramData\chocolatey\bin;C:\Users\omnia\.jdks\openjdk-22.0.2\bin;C:\Program Files\nodejs\;C:\Users\omnia\AppData\Local\Microsoft\WindowsApps;C:\path _programs;;C:\Program Files\JetBrains\IntelliJ IDEA Community Edition 2024.2.1\bin;;C:\Users\omnia\AppData\Roaming\npm
USERNAME=omnia
OS=Windows_NT
PROCESSOR_IDENTIFIER=Intel64 Family 6 Model 158 Stepping 13, GenuineIntel
TMP=C:\Users\omnia\AppData\Local\Temp
TEMP=C:\Users\omnia\AppData\Local\Temp




Periodic native trim disabled

---------------  S Y S T E M  ---------------

OS:
 Windows 10 , 64 bit Build 19041 (10.0.19041.4957)
OS uptime: 0 days 13:57 hours

CPU: total 8 (initial active 8) (4 cores per cpu, 2 threads per core) family 6 model 158 stepping 13 microcode 0xec, cx8, cmov, fxsr, ht, mmx, 3dnowpref, sse, sse2, sse3, ssse3, sse4.1, sse4.2, popcnt, lzcnt, tsc, tscinvbit, avx, avx2, aes, erms, clmul, bmi1, bmi2, adx, fma, vzeroupper, clflush, clflushopt, rdtscp, f16c
Processor Information for all 8 processors :
  Max Mhz: 2400, Current Mhz: 2400, Mhz Limit: 2400

Memory: 4k page, system-wide physical 8103M (821M free)
TotalPageFile size 18975M (AvailPageFile size 0M)
current process WorkingSet (physical memory assigned to process): 117M, peak: 117M
current process commit charge ("private bytes"): 256M, peak: 256M

vm_info: OpenJDK 64-Bit Server VM (22.0.2+9-70) for windows-amd64 JRE (22.0.2+9-70), built on 2024-06-04T16:52:23Z by "mach5one" with MS VC++ 17.6 (VS2022)

END.
